<?xml version="1.0" encoding="UTF-8"?>
<!-- Generated by org.testng.reporters.JUnitReportReporter -->
<testsuite hostname="office" name="com.soebes.subversion.sapm.AccessRuleUserTest" tests="12" failures="0" timestamp="17 Apr 2011 18:02:58 GMT" time="0.004" errors="0">
  <testcase name="accessRuleCheck" time="0.000" classname="com.soebes.subversion.sapm.AccessRuleUserTest"/>
  <testcase name="accessRuleCheck" time="0.000" classname="com.soebes.subversion.sapm.AccessRuleUserTest"/>
  <testcase name="accessRuleCheck" time="0.000" classname="com.soebes.subversion.sapm.AccessRuleUserTest"/>
  <testcase name="accessRuleCheck" time="0.000" classname="com.soebes.subversion.sapm.AccessRuleUserTest"/>
  <testcase name="accessRuleCheck" time="0.000" classname="com.soebes.subversion.sapm.AccessRuleUserTest"/>
  <testcase name="accessRuleCheck" time="0.000" classname="com.soebes.subversion.sapm.AccessRuleUserTest"/>
  <testcase name="accessTest" time="0.001" classname="com.soebes.subversion.sapm.AccessRuleUserTest"/>
  <testcase name="accessRuleCheck" time="0.000" classname="com.soebes.subversion.sapm.AccessRuleUserTest"/>
  <testcase name="accessRuleCheck" time="0.001" classname="com.soebes.subversion.sapm.AccessRuleUserTest"/>
  <testcase name="accessRuleCheck" time="0.001" classname="com.soebes.subversion.sapm.AccessRuleUserTest"/>
  <testcase name="accessRuleCheck" time="0.000" classname="com.soebes.subversion.sapm.AccessRuleUserTest"/>
  <testcase name="accessRuleCheck" time="0.001" classname="com.soebes.subversion.sapm.AccessRuleUserTest"/>
</testsuite>
