<?xml version="1.0" encoding="UTF-8"?>
<testsuite hostname="office" name="com.soebes.subversion.sapm.AccessRuleGroupTest" tests="489" failures="0" timestamp="17 Apr 2011 18:02:56 GMT" time="1.123" errors="0">
  <testcase name="accessRuleCheck" time="0.0050" classname="com.soebes.subversion.sapm.AccessRuleGroupTest"/>
  <testcase name="accessRuleCheck" time="0.0010" classname="com.soebes.subversion.sapm.AccessRuleGroupTest"/>
  <testcase name="accessRuleCheck" time="0.011" classname="com.soebes.subversion.sapm.AccessRuleGroupTest"/>
  <testcase name="accessRuleCheck" time="0.0010" classname="com.soebes.subversion.sapm.AccessRuleGroupTest"/>
  <testcase name="accessRuleCheck" time="0.0010" classname="com.soebes.subversion.sapm.AccessRuleGroupTest"/>
  <testcase name="accessRuleCheck" time="0.0" classname="com.soebes.subversion.sapm.AccessRuleGroupTest"/>
  <testcase name="accessRuleCheck" time="0.0" classname="com.soebes.subversion.sapm.AccessRuleGroupTest"/>
  <testcase name="accessRuleCheck" time="0.0" classname="com.soebes.subversion.sapm.AccessRuleGroupTest"/>
  <testcase name="accessRuleCheck" time="0.0" classname="com.soebes.subversion.sapm.AccessRuleGroupTest"/>
  <testcase name="accessRuleCheck" time="0.0" classname="com.soebes.subversion.sapm.AccessRuleGroupTest"/>
  <testcase name="accessRuleCheck" time="0.0" classname="com.soebes.subversion.sapm.AccessRuleGroupTest"/>
  <testcase name="accessRuleCheck" time="0.0010" classname="com.soebes.subversion.sapm.AccessRuleGroupTest"/>
  <testcase name="accessRuleCheck" time="0.0010" classname="com.soebes.subversion.sapm.AccessRuleGroupTest"/>
  <testcase name="accessRuleCheck" time="0.0010" classname="com.soebes.subversion.sapm.AccessRuleGroupTest"/>
  <testcase name="accessRuleCheck" time="0.0010" classname="com.soebes.subversion.sapm.AccessRuleGroupTest"/>
  <testcase name="accessRuleCheck" time="0.0010" classname="com.soebes.subversion.sapm.AccessRuleGroupTest"/>
  <testcase name="accessRuleCheck" time="0.0" classname="com.soebes.subversion.sapm.AccessRuleGroupTest"/>
  <testcase name="accessRuleCheck" time="0.0" classname="com.soebes.subversion.sapm.AccessRuleGroupTest"/>
  <testcase name="accessRuleCheck" time="0.0" classname="com.soebes.subversion.sapm.AccessRuleGroupTest"/>
  <testcase name="accessTest" time="0.0030" classname="com.soebes.subversion.sapm.AccessRuleGroupTest"/>
  <testcase name="accessRuleCheck" time="0.0" classname="com.soebes.subversion.sapm.AccessRuleUserAnyRepositoryTest"/>
  <testcase name="accessRuleCheck" time="0.0010" classname="com.soebes.subversion.sapm.AccessRuleUserAnyRepositoryTest"/>
  <testcase name="accessRuleCheck" time="0.0010" classname="com.soebes.subversion.sapm.AccessRuleUserAnyRepositoryTest"/>
  <testcase name="accessRuleCheck" time="0.0020" classname="com.soebes.subversion.sapm.AccessRuleUserAnyRepositoryTest"/>
  <testcase name="accessRuleCheck" time="0.0" classname="com.soebes.subversion.sapm.AccessRuleUserAnyRepositoryTest"/>
  <testcase name="accessRuleCheck" time="0.0" classname="com.soebes.subversion.sapm.AccessRuleUserAnyRepositoryTest"/>
  <testcase name="accessRuleCheck" time="0.0010" classname="com.soebes.subversion.sapm.AccessRuleUserAnyRepositoryTest"/>
  <testcase name="accessRuleCheck" time="0.0" classname="com.soebes.subversion.sapm.AccessRuleUserAnyRepositoryTest"/>
  <testcase name="accessRuleCheck" time="0.0" classname="com.soebes.subversion.sapm.AccessRuleUserAnyRepositoryTest"/>
  <testcase name="accessRuleCheck" time="0.0" classname="com.soebes.subversion.sapm.AccessRuleUserAnyRepositoryTest"/>
  <testcase name="accessRuleCheck" time="0.0" classname="com.soebes.subversion.sapm.AccessRuleUserAnyRepositoryTest"/>
  <testcase name="accessTest" time="0.0" classname="com.soebes.subversion.sapm.AccessRuleUserAnyRepositoryTest"/>
  <testcase name="accessRuleCheck" time="0.0" classname="com.soebes.subversion.sapm.AccessRuleUserAsterikTest"/>
  <testcase name="accessRuleCheck" time="0.0" classname="com.soebes.subversion.sapm.AccessRuleUserAsterikTest"/>
  <testcase name="accessRuleCheck" time="0.0010" classname="com.soebes.subversion.sapm.AccessRuleUserAsterikTest"/>
  <testcase name="accessRuleCheck" time="0.0" classname="com.soebes.subversion.sapm.AccessRuleUserAsterikTest"/>
  <testcase name="accessRuleCheck" time="0.0" classname="com.soebes.subversion.sapm.AccessRuleUserAsterikTest"/>
  <testcase name="accessRuleCheck" time="0.0" classname="com.soebes.subversion.sapm.AccessRuleUserAsterikTest"/>
  <testcase name="accessRuleCheck" time="0.0" classname="com.soebes.subversion.sapm.AccessRuleUserAsterikTest"/>
  <testcase name="accessRuleCheck" time="0.0010" classname="com.soebes.subversion.sapm.AccessRuleUserAsterikTest"/>
  <testcase name="accessRuleCheck" time="0.0" classname="com.soebes.subversion.sapm.AccessRuleUserAsterikTest"/>
  <testcase name="accessRuleCheck" time="0.0" classname="com.soebes.subversion.sapm.AccessRuleUserAsterikTest"/>
  <testcase name="accessRuleCheck" time="0.0" classname="com.soebes.subversion.sapm.AccessRuleUserAsterikTest"/>
  <testcase name="accessTest" time="0.0" classname="com.soebes.subversion.sapm.AccessRuleUserAsterikTest"/>
  <testcase name="accessRuleCheck" time="0.0" classname="com.soebes.subversion.sapm.AccessRuleUserTest"/>
  <testcase name="accessRuleCheck" time="0.0010" classname="com.soebes.subversion.sapm.AccessRuleUserTest"/>
  <testcase name="accessRuleCheck" time="0.0" classname="com.soebes.subversion.sapm.AccessRuleUserTest"/>
  <testcase name="accessRuleCheck" time="0.0" classname="com.soebes.subversion.sapm.AccessRuleUserTest"/>
  <testcase name="accessRuleCheck" time="0.0010" classname="com.soebes.subversion.sapm.AccessRuleUserTest"/>
  <testcase name="accessRuleCheck" time="0.0" classname="com.soebes.subversion.sapm.AccessRuleUserTest"/>
  <testcase name="accessRuleCheck" time="0.0" classname="com.soebes.subversion.sapm.AccessRuleUserTest"/>
  <testcase name="accessRuleCheck" time="0.0" classname="com.soebes.subversion.sapm.AccessRuleUserTest"/>
  <testcase name="accessRuleCheck" time="0.0" classname="com.soebes.subversion.sapm.AccessRuleUserTest"/>
  <testcase name="accessRuleCheck" time="0.0010" classname="com.soebes.subversion.sapm.AccessRuleUserTest"/>
  <testcase name="accessRuleCheck" time="0.0" classname="com.soebes.subversion.sapm.AccessRuleUserTest"/>
  <testcase name="accessTest" time="0.0010" classname="com.soebes.subversion.sapm.AccessRuleUserTest"/>
  <testcase name="accessRuleCheck" time="0.0" classname="com.soebes.subversion.sapm.AccessRulesConfigAuthenticatedAnonmyousTest"/>
  <testcase name="accessRuleCheck" time="0.0010" classname="com.soebes.subversion.sapm.AccessRulesConfigAuthenticatedAnonmyousTest"/>
  <testcase name="accessRuleCheck" time="0.0" classname="com.soebes.subversion.sapm.AccessRulesConfigAuthenticatedAnonmyousTest"/>
  <testcase name="accessRuleCheck" time="0.0" classname="com.soebes.subversion.sapm.AccessRulesConfigAuthenticatedAnonmyousTest"/>
  <testcase name="accessRuleCheck" time="0.0" classname="com.soebes.subversion.sapm.AccessRulesConfigAuthenticatedAnonmyousTest"/>
  <testcase name="accessRuleCheck" time="0.0" classname="com.soebes.subversion.sapm.AccessRulesConfigAuthenticatedAnonmyousTest"/>
  <testcase name="accessRuleCheck" time="0.0" classname="com.soebes.subversion.sapm.AccessRulesConfigAuthenticatedAnonmyousTest"/>
  <testcase name="accessRuleCheck" time="0.0" classname="com.soebes.subversion.sapm.AccessRulesConfigAuthenticatedAnonmyousTest"/>
  <testcase name="accessRuleCheck" time="0.0" classname="com.soebes.subversion.sapm.AccessRulesConfigAuthenticatedAnonmyousTest"/>
  <testcase name="accessRuleCheck" time="0.0" classname="com.soebes.subversion.sapm.AccessRulesConfigAuthenticatedAnonmyousTest"/>
  <testcase name="accessRuleCheck" time="0.0" classname="com.soebes.subversion.sapm.AccessRulesConfigAuthenticatedAnonmyousTest"/>
  <testcase name="accessRuleCheck" time="0.0" classname="com.soebes.subversion.sapm.AccessRulesConfigAuthenticatedAnonmyousTest"/>
  <testcase name="accessRuleCheck" time="0.0" classname="com.soebes.subversion.sapm.AccessRulesConfigAuthenticatedAnonmyousTest"/>
  <testcase name="accessRuleCheck" time="0.0" classname="com.soebes.subversion.sapm.AccessRulesConfigAuthenticatedAnonmyousTest"/>
  <testcase name="accessRuleCheck" time="0.0" classname="com.soebes.subversion.sapm.AccessRulesConfigAuthenticatedAnonmyousTest"/>
  <testcase name="accessRuleCheck" time="0.0010" classname="com.soebes.subversion.sapm.AccessRulesConfigAuthenticatedAnonmyousTest"/>
  <testcase name="accessRuleCheck" time="0.0" classname="com.soebes.subversion.sapm.AccessRulesConfigAuthenticatedAnonmyousTest"/>
  <testcase name="accessRuleCheck" time="0.0" classname="com.soebes.subversion.sapm.AccessRulesConfigAuthenticatedAnonmyousTest"/>
  <testcase name="accessRuleCheck" time="0.0" classname="com.soebes.subversion.sapm.AccessRulesConfigAuthenticatedAnonmyousTest"/>
  <testcase name="accessRuleCheck" time="0.0" classname="com.soebes.subversion.sapm.AccessRulesConfigAuthenticatedAnonmyousTest"/>
  <testcase name="accessRuleCheck" time="0.0" classname="com.soebes.subversion.sapm.AccessRulesConfigAuthenticatedAnonmyousTest"/>
  <testcase name="accessRuleCheck" time="0.0" classname="com.soebes.subversion.sapm.AccessRulesConfigAuthenticatedAnonmyousTest"/>
  <testcase name="accessRuleCheck" time="0.0" classname="com.soebes.subversion.sapm.AccessRulesConfigAuthenticatedAnonmyousTest"/>
  <testcase name="accessRuleCheck" time="0.0" classname="com.soebes.subversion.sapm.AccessRulesConfigAuthenticatedAnonmyousTest"/>
  <testcase name="accessRuleCheck" time="0.0010" classname="com.soebes.subversion.sapm.AccessRulesConfigAuthenticatedAnonmyousTest"/>
  <testcase name="accessRuleCheck" time="0.0010" classname="com.soebes.subversion.sapm.AccessRulesConfigAuthenticatedAnonmyousTest"/>
  <testcase name="accessRuleCheck" time="0.0010" classname="com.soebes.subversion.sapm.AccessRulesConfigReducePermissionDifferentOrderTest"/>
  <testcase name="accessRuleCheck" time="0.0" classname="com.soebes.subversion.sapm.AccessRulesConfigReducePermissionDifferentOrderTest"/>
  <testcase name="accessRuleCheck" time="0.0" classname="com.soebes.subversion.sapm.AccessRulesConfigReducePermissionDifferentOrderTest"/>
  <testcase name="accessRuleCheck" time="0.0" classname="com.soebes.subversion.sapm.AccessRulesConfigReducePermissionDifferentOrderTest"/>
  <testcase name="accessRuleCheck" time="0.0" classname="com.soebes.subversion.sapm.AccessRulesConfigReducePermissionDifferentOrderTest"/>
  <testcase name="accessRuleCheck" time="0.0010" classname="com.soebes.subversion.sapm.AccessRulesConfigReducePermissionDifferentOrderTest"/>
  <testcase name="accessRuleCheck" time="0.0" classname="com.soebes.subversion.sapm.AccessRulesConfigReducePermissionDifferentOrderTest"/>
  <testcase name="accessRuleCheck" time="0.0" classname="com.soebes.subversion.sapm.AccessRulesConfigReducePermissionDifferentOrderTest"/>
  <testcase name="accessRuleCheck" time="0.0" classname="com.soebes.subversion.sapm.AccessRulesConfigReducePermissionDifferentOrderTest"/>
  <testcase name="accessRuleCheck" time="0.0" classname="com.soebes.subversion.sapm.AccessRulesConfigReducePermissionDifferentOrderTest"/>
  <testcase name="accessRuleCheck" time="0.0" classname="com.soebes.subversion.sapm.AccessRulesConfigReducePermissionDifferentOrderTest"/>
  <testcase name="accessRuleCheck" time="0.0" classname="com.soebes.subversion.sapm.AccessRulesConfigReducePermissionDifferentOrderTest"/>
  <testcase name="accessRuleCheck" time="0.0" classname="com.soebes.subversion.sapm.AccessRulesConfigReducePermissionDifferentOrderTest"/>
  <testcase name="accessRuleCheck" time="0.0010" classname="com.soebes.subversion.sapm.AccessRulesConfigReducePermissionDifferentOrderTest"/>
  <testcase name="accessRuleCheck" time="0.0" classname="com.soebes.subversion.sapm.AccessRulesConfigReducePermissionDifferentOrderTest"/>
  <testcase name="accessRuleCheck" time="0.0010" classname="com.soebes.subversion.sapm.AccessRulesConfigReducePermissionDifferentOrderTest"/>
  <testcase name="accessRuleCheck" time="0.0" classname="com.soebes.subversion.sapm.AccessRulesConfigReducePermissionDifferentOrderTest"/>
  <testcase name="accessRuleCheck" time="0.0" classname="com.soebes.subversion.sapm.AccessRulesConfigReducePermissionTest"/>
  <testcase name="accessRuleCheck" time="0.0" classname="com.soebes.subversion.sapm.AccessRulesConfigReducePermissionTest"/>
  <testcase name="accessRuleCheck" time="0.0010" classname="com.soebes.subversion.sapm.AccessRulesConfigReducePermissionTest"/>
  <testcase name="accessRuleCheck" time="0.0" classname="com.soebes.subversion.sapm.AccessRulesConfigReducePermissionTest"/>
  <testcase name="accessRuleCheck" time="0.0010" classname="com.soebes.subversion.sapm.AccessRulesConfigReducePermissionTest"/>
  <testcase name="accessRuleCheck" time="0.0" classname="com.soebes.subversion.sapm.AccessRulesConfigReducePermissionTest"/>
  <testcase name="accessRuleCheck" time="0.0" classname="com.soebes.subversion.sapm.AccessRulesConfigReducePermissionTest"/>
  <testcase name="accessRuleCheck" time="0.0" classname="com.soebes.subversion.sapm.AccessRulesConfigReducePermissionTest"/>
  <testcase name="accessRuleCheck" time="0.0" classname="com.soebes.subversion.sapm.AccessRulesConfigReducePermissionTest"/>
  <testcase name="accessRuleCheck" time="0.0" classname="com.soebes.subversion.sapm.AccessRulesConfigReducePermissionTest"/>
  <testcase name="accessRuleCheck" time="0.0" classname="com.soebes.subversion.sapm.AccessRulesConfigReducePermissionTest"/>
  <testcase name="accessRuleCheck" time="0.0010" classname="com.soebes.subversion.sapm.AccessRulesConfigReducePermissionTest"/>
  <testcase name="accessRuleCheck" time="0.0" classname="com.soebes.subversion.sapm.AccessRulesConfigReducePermissionTest"/>
  <testcase name="accessRuleCheck" time="0.0" classname="com.soebes.subversion.sapm.AccessRulesConfigReducePermissionTest"/>
  <testcase name="accessRuleCheck" time="0.0" classname="com.soebes.subversion.sapm.AccessRulesConfigReducePermissionTest"/>
  <testcase name="accessRuleCheck" time="0.0010" classname="com.soebes.subversion.sapm.AccessRulesConfigReducePermissionTest"/>
  <testcase name="accessRuleCheck" time="0.0" classname="com.soebes.subversion.sapm.AccessRulesConfigReducePermissionTest"/>
  <testcase name="accessRuleCheck" time="0.0" classname="com.soebes.subversion.sapm.AccessRulesDerivingPermissionsTest"/>
  <testcase name="accessRuleCheck" time="0.0" classname="com.soebes.subversion.sapm.AccessRulesDerivingPermissionsTest"/>
  <testcase name="accessRuleCheck" time="0.0" classname="com.soebes.subversion.sapm.AccessRulesDerivingPermissionsTest"/>
  <testcase name="accessRuleCheck" time="0.0" classname="com.soebes.subversion.sapm.AccessRulesDerivingPermissionsTest"/>
  <testcase name="accessRuleCheck" time="0.0" classname="com.soebes.subversion.sapm.AccessRulesDerivingPermissionsTest"/>
  <testcase name="accessRuleCheck" time="0.0" classname="com.soebes.subversion.sapm.AccessRulesDerivingPermissionsTest"/>
  <testcase name="accessRuleCheck" time="0.0" classname="com.soebes.subversion.sapm.AccessRulesDerivingPermissionsTest"/>
  <testcase name="accessRuleCheck" time="0.0" classname="com.soebes.subversion.sapm.AccessRulesDerivingPermissionsTest"/>
  <testcase name="accessRuleCheck" time="0.0" classname="com.soebes.subversion.sapm.AccessRulesDerivingPermissionsTest"/>
  <testcase name="accessRuleCheck" time="0.0010" classname="com.soebes.subversion.sapm.AccessRulesDerivingPermissionsTest"/>
  <testcase name="accessRuleCheck" time="0.0" classname="com.soebes.subversion.sapm.AccessRulesDerivingPermissionsTest"/>
  <testcase name="accessRuleCheck" time="0.0" classname="com.soebes.subversion.sapm.AccessRulesDerivingPermissionsTest"/>
  <testcase name="accessRuleCheck" time="0.0" classname="com.soebes.subversion.sapm.AccessRulesDerivingPermissionsTest"/>
  <testcase name="accessRuleCheck" time="0.0" classname="com.soebes.subversion.sapm.AccessRulesDerivingPermissionsTest"/>
  <testcase name="accessRuleCheck" time="0.0" classname="com.soebes.subversion.sapm.AccessRulesDerivingPermissionsTest"/>
  <testcase name="accessRuleCheck" time="0.0010" classname="com.soebes.subversion.sapm.AccessRulesDerivingPermissionsTest"/>
  <testcase name="accessRuleCheck" time="0.0010" classname="com.soebes.subversion.sapm.AccessRulesDerivingPermissionsTest"/>
  <testcase name="accessRuleCheck" time="0.0" classname="com.soebes.subversion.sapm.AccessRulesDerivingPermissionsTest"/>
  <testcase name="accessRuleCheck" time="0.0" classname="com.soebes.subversion.sapm.AccessRulesDerivingPermissionsTest"/>
  <testcase name="accessRuleCheck" time="0.0" classname="com.soebes.subversion.sapm.AccessRulesDerivingPermissionsTest"/>
  <testcase name="accessRuleCheck" time="0.0" classname="com.soebes.subversion.sapm.AccessRulesDerivingPermissionsTest"/>
  <testcase name="accessRuleCheck" time="0.0010" classname="com.soebes.subversion.sapm.AccessRulesDerivingPermissionsTest"/>
  <testcase name="accessRuleCheck" time="0.0" classname="com.soebes.subversion.sapm.AccessRulesDerivingPermissionsTest"/>
  <testcase name="accessTest" time="0.0" classname="com.soebes.subversion.sapm.AccessRulesDerivingPermissionsTest"/>
  <testcase name="accessRuleCheck" time="0.0" classname="com.soebes.subversion.sapm.AccessRulesGroupContainsTest"/>
  <testcase name="accessRuleCheck" time="0.0" classname="com.soebes.subversion.sapm.AccessRulesGroupContainsTest"/>
  <testcase name="accessRuleCheck" time="0.0" classname="com.soebes.subversion.sapm.AccessRulesGroupContainsTest"/>
  <testcase name="accessRuleCheck" time="0.0010" classname="com.soebes.subversion.sapm.AccessRulesGroupContainsTest"/>
  <testcase name="accessRuleCheck" time="0.0" classname="com.soebes.subversion.sapm.AccessRulesGroupContainsTest"/>
  <testcase name="accessRuleCheck" time="0.0" classname="com.soebes.subversion.sapm.AccessRulesGroupContainsTest"/>
  <testcase name="accessRuleCheck" time="0.0" classname="com.soebes.subversion.sapm.AccessRulesGroupContainsTest"/>
  <testcase name="accessRuleCheck" time="0.0" classname="com.soebes.subversion.sapm.AccessRulesGroupContainsTest"/>
  <testcase name="accessRuleCheck" time="0.0" classname="com.soebes.subversion.sapm.AccessRulesGroupContainsTest"/>
  <testcase name="accessRuleCheck" time="0.0" classname="com.soebes.subversion.sapm.AccessRulesGroupContainsTest"/>
  <testcase name="accessRuleCheck" time="0.0" classname="com.soebes.subversion.sapm.AccessRulesGroupContainsTest"/>
  <testcase name="accessRuleCheck" time="0.0010" classname="com.soebes.subversion.sapm.AccessRulesGroupContainsTest"/>
  <testcase name="accessRuleCheck" time="0.0" classname="com.soebes.subversion.sapm.AccessRulesGroupContainsTest"/>
  <testcase name="accessRuleCheck" time="0.0" classname="com.soebes.subversion.sapm.AccessRulesGroupContainsTest"/>
  <testcase name="accessRuleCheck" time="0.0" classname="com.soebes.subversion.sapm.AccessRulesGroupContainsTest"/>
  <testcase name="accessRuleCheck" time="0.0" classname="com.soebes.subversion.sapm.AccessRulesGroupContainsTest"/>
  <testcase name="accessRuleCheck" time="0.0" classname="com.soebes.subversion.sapm.AccessRulesGroupContainsTest"/>
  <testcase name="accessRuleCheck" time="0.0" classname="com.soebes.subversion.sapm.AccessRulesGroupContainsTest"/>
  <testcase name="accessRuleCheck" time="0.0010" classname="com.soebes.subversion.sapm.AccessRulesGroupContainsTest"/>
  <testcase name="accessRuleCheck" time="0.0" classname="com.soebes.subversion.sapm.AccessRulesGroupContainsTest"/>
  <testcase name="accessRuleCheck" time="0.0" classname="com.soebes.subversion.sapm.AccessRulesGroupContainsTest"/>
  <testcase name="accessRuleCheck" time="0.0" classname="com.soebes.subversion.sapm.AccessRulesGroupContainsTest"/>
  <testcase name="accessRuleCheck" time="0.0" classname="com.soebes.subversion.sapm.AccessRulesGroupContainsTest"/>
  <testcase name="accessRuleCheck" time="0.0" classname="com.soebes.subversion.sapm.AccessRulesGroupContainsTest"/>
  <testcase name="accessRuleCheck" time="0.0" classname="com.soebes.subversion.sapm.AccessRulesGroupContainsTest"/>
  <testcase name="accessRuleCheck" time="0.0" classname="com.soebes.subversion.sapm.AccessRulesGroupContainsTest"/>
  <testcase name="accessRuleCheck" time="0.0010" classname="com.soebes.subversion.sapm.AccessRulesGroupContainsTest"/>
  <testcase name="accessRuleCheck" time="0.0" classname="com.soebes.subversion.sapm.AccessRulesGroupContainsTest"/>
  <testcase name="accessRuleCheck" time="0.0" classname="com.soebes.subversion.sapm.AccessRulesGroupContainsTest"/>
  <testcase name="accessRuleCheck" time="0.0" classname="com.soebes.subversion.sapm.AccessRulesGroupContainsTest"/>
  <testcase name="accessRuleCheck" time="0.0" classname="com.soebes.subversion.sapm.AccessRulesGroupContainsTest"/>
  <testcase name="accessRuleCheck" time="0.0010" classname="com.soebes.subversion.sapm.AccessRulesGroupContainsTest"/>
  <testcase name="accessRuleCheck" time="0.0" classname="com.soebes.subversion.sapm.AccessRulesGroupContainsTest"/>
  <testcase name="accessRuleCheck" time="0.0010" classname="com.soebes.subversion.sapm.AccessRulesGroupGroupFromConfigFileTest"/>
  <testcase name="accessRuleCheck" time="0.0" classname="com.soebes.subversion.sapm.AccessRulesGroupGroupFromConfigFileTest"/>
  <testcase name="accessRuleCheck" time="0.0" classname="com.soebes.subversion.sapm.AccessRulesGroupGroupFromConfigFileTest"/>
  <testcase name="accessRuleCheck" time="0.0" classname="com.soebes.subversion.sapm.AccessRulesGroupGroupFromConfigFileTest"/>
  <testcase name="accessRuleCheck" time="0.0" classname="com.soebes.subversion.sapm.AccessRulesGroupGroupFromConfigFileTest"/>
  <testcase name="accessRuleCheck" time="0.0" classname="com.soebes.subversion.sapm.AccessRulesGroupGroupFromConfigFileTest"/>
  <testcase name="accessRuleCheck" time="0.0" classname="com.soebes.subversion.sapm.AccessRulesGroupGroupFromConfigFileTest"/>
  <testcase name="accessRuleCheck" time="0.0010" classname="com.soebes.subversion.sapm.AccessRulesGroupGroupFromConfigFileTest"/>
  <testcase name="accessRuleCheck" time="0.0" classname="com.soebes.subversion.sapm.AccessRulesGroupGroupFromConfigFileTest"/>
  <testcase name="accessRuleCheck" time="0.0" classname="com.soebes.subversion.sapm.AccessRulesGroupGroupFromConfigFileTest"/>
  <testcase name="accessRuleCheck" time="0.0" classname="com.soebes.subversion.sapm.AccessRulesGroupGroupFromConfigFileTest"/>
  <testcase name="accessRuleCheck" time="0.0010" classname="com.soebes.subversion.sapm.AccessRulesGroupGroupFromConfigFileTest"/>
  <testcase name="accessRuleCheck" time="0.0" classname="com.soebes.subversion.sapm.AccessRulesGroupGroupFromConfigFileTest"/>
  <testcase name="accessRuleCheck" time="0.0010" classname="com.soebes.subversion.sapm.AccessRulesGroupGroupFromConfigFileTest"/>
  <testcase name="accessRuleCheck" time="0.0" classname="com.soebes.subversion.sapm.AccessRulesGroupGroupFromConfigFileTest"/>
  <testcase name="accessRuleCheck" time="0.0" classname="com.soebes.subversion.sapm.AccessRulesGroupGroupFromConfigFileTest"/>
  <testcase name="accessRuleCheck" time="0.0" classname="com.soebes.subversion.sapm.AccessRulesGroupGroupFromConfigFileTest"/>
  <testcase name="accessRuleCheck" time="0.0" classname="com.soebes.subversion.sapm.AccessRulesGroupGroupFromConfigFileTest"/>
  <testcase name="accessRuleCheck" time="0.0" classname="com.soebes.subversion.sapm.AccessRulesGroupGroupFromConfigFileTest"/>
  <testcase name="accessRuleCheck" time="0.0" classname="com.soebes.subversion.sapm.AccessRulesGroupGroupFromConfigFileTest"/>
  <testcase name="accessRuleCheck" time="0.0" classname="com.soebes.subversion.sapm.AccessRulesGroupGroupFromConfigFileTest"/>
  <testcase name="accessRuleCheck" time="0.0" classname="com.soebes.subversion.sapm.AccessRulesGroupGroupFromConfigFileTest"/>
  <testcase name="accessRuleCheck" time="0.0" classname="com.soebes.subversion.sapm.AccessRulesGroupGroupFromConfigFileTest"/>
  <testcase name="accessRuleCheck" time="0.0" classname="com.soebes.subversion.sapm.AccessRulesGroupGroupFromConfigFileTest"/>
  <testcase name="accessRuleCheck" time="0.0" classname="com.soebes.subversion.sapm.AccessRulesGroupGroupFromConfigFileTest"/>
  <testcase name="accessRuleCheck" time="0.0" classname="com.soebes.subversion.sapm.AccessRulesGroupGroupFromConfigFileTest"/>
  <testcase name="accessRuleCheck" time="0.0" classname="com.soebes.subversion.sapm.AccessRulesGroupGroupFromConfigFileTest"/>
  <testcase name="accessRuleCheck" time="0.0" classname="com.soebes.subversion.sapm.AccessRulesGroupGroupFromConfigFileTest"/>
  <testcase name="accessRuleCheck" time="0.0" classname="com.soebes.subversion.sapm.AccessRulesGroupGroupFromConfigFileTest"/>
  <testcase name="accessRuleCheck" time="0.0010" classname="com.soebes.subversion.sapm.AccessRulesGroupGroupFromConfigFileTest"/>
  <testcase name="accessRuleCheck" time="0.0" classname="com.soebes.subversion.sapm.AccessRulesGroupGroupFromConfigFileTest"/>
  <testcase name="accessRuleCheck" time="0.0" classname="com.soebes.subversion.sapm.AccessRulesGroupGroupFromConfigFileTest"/>
  <testcase name="accessRuleCheck" time="0.0" classname="com.soebes.subversion.sapm.AccessRulesGroupGroupFromConfigFileTest"/>
  <testcase name="accessRuleCheck" time="0.0" classname="com.soebes.subversion.sapm.AccessRulesGroupGroupFromConfigFileTest"/>
  <testcase name="accessRuleCheck" time="0.0" classname="com.soebes.subversion.sapm.AccessRulesGroupGroupFromConfigFileTest"/>
  <testcase name="accessRuleCheck" time="0.0" classname="com.soebes.subversion.sapm.AccessRulesGroupGroupFromConfigFileTest"/>
  <testcase name="accessRuleCheck" time="0.0" classname="com.soebes.subversion.sapm.AccessRulesGroupGroupFromConfigFileTest"/>
  <testcase name="accessRuleCheck" time="0.0010" classname="com.soebes.subversion.sapm.AccessRulesGroupGroupFromConfigFileTest"/>
  <testcase name="accessRuleCheck" time="0.0" classname="com.soebes.subversion.sapm.AccessRulesGroupGroupFromConfigFileTest"/>
  <testcase name="accessRuleCheck" time="0.0" classname="com.soebes.subversion.sapm.AccessRulesGroupGroupFromConfigFileTest"/>
  <testcase name="accessRuleCheck" time="0.0010" classname="com.soebes.subversion.sapm.AccessRulesGroupGroupFromConfigFileTest"/>
  <testcase name="accessRuleCheck" time="0.0" classname="com.soebes.subversion.sapm.AccessRulesGroupGroupFromConfigFileTest"/>
  <testcase name="accessRuleCheck" time="0.0" classname="com.soebes.subversion.sapm.AccessRulesGroupGroupFromConfigFileTest"/>
  <testcase name="accessRuleCheck" time="0.0" classname="com.soebes.subversion.sapm.AccessRulesGroupGroupFromConfigFileTest"/>
  <testcase name="accessRuleCheck" time="0.0" classname="com.soebes.subversion.sapm.AccessRulesGroupGroupFromConfigFileTest"/>
  <testcase name="accessRuleCheck" time="0.0" classname="com.soebes.subversion.sapm.AccessRulesGroupGroupFromConfigFileTest"/>
  <testcase name="accessRuleCheck" time="0.0" classname="com.soebes.subversion.sapm.AccessRulesGroupGroupFromConfigFileTest"/>
  <testcase name="accessRuleCheck" time="0.0" classname="com.soebes.subversion.sapm.AccessRulesGroupGroupFromConfigFileTest"/>
  <testcase name="accessRuleCheck" time="0.0" classname="com.soebes.subversion.sapm.AccessRulesGroupGroupFromConfigFileTest"/>
  <testcase name="accessRuleCheck" time="0.0" classname="com.soebes.subversion.sapm.AccessRulesGroupGroupFromConfigFileTest"/>
  <testcase name="accessRuleCheck" time="0.0" classname="com.soebes.subversion.sapm.AccessRulesGroupGroupFromConfigFileTest"/>
  <testcase name="accessRuleCheck" time="0.0" classname="com.soebes.subversion.sapm.AccessRulesGroupGroupFromConfigFileTest"/>
  <testcase name="accessRuleCheck" time="0.0" classname="com.soebes.subversion.sapm.AccessRulesGroupGroupFromConfigFileTest"/>
  <testcase name="accessRuleCheck" time="0.0" classname="com.soebes.subversion.sapm.AccessRulesGroupGroupFromConfigFileTest"/>
  <testcase name="accessRuleCheck" time="0.0" classname="com.soebes.subversion.sapm.AccessRulesGroupGroupFromConfigFileWithAliasesTest"/>
  <testcase name="accessRuleCheck" time="0.0" classname="com.soebes.subversion.sapm.AccessRulesGroupGroupFromConfigFileWithAliasesTest"/>
  <testcase name="accessRuleCheck" time="0.0010" classname="com.soebes.subversion.sapm.AccessRulesGroupGroupFromConfigFileWithAliasesTest"/>
  <testcase name="accessRuleCheck" time="0.0" classname="com.soebes.subversion.sapm.AccessRulesGroupGroupFromConfigFileWithAliasesTest"/>
  <testcase name="accessRuleCheck" time="0.0" classname="com.soebes.subversion.sapm.AccessRulesGroupGroupFromConfigFileWithAliasesTest"/>
  <testcase name="accessRuleCheck" time="0.0" classname="com.soebes.subversion.sapm.AccessRulesGroupGroupFromConfigFileWithAliasesTest"/>
  <testcase name="accessRuleCheck" time="0.0" classname="com.soebes.subversion.sapm.AccessRulesGroupGroupFromConfigFileWithAliasesTest"/>
  <testcase name="accessRuleCheck" time="0.0" classname="com.soebes.subversion.sapm.AccessRulesGroupGroupFromConfigFileWithAliasesTest"/>
  <testcase name="accessRuleCheck" time="0.0" classname="com.soebes.subversion.sapm.AccessRulesGroupGroupFromConfigFileWithAliasesTest"/>
  <testcase name="accessRuleCheck" time="0.0010" classname="com.soebes.subversion.sapm.AccessRulesGroupGroupFromConfigFileWithAliasesTest"/>
  <testcase name="accessRuleCheck" time="0.0" classname="com.soebes.subversion.sapm.AccessRulesGroupGroupFromConfigFileWithAliasesTest"/>
  <testcase name="accessRuleCheck" time="0.0" classname="com.soebes.subversion.sapm.AccessRulesGroupGroupFromConfigFileWithAliasesTest"/>
  <testcase name="accessRuleCheck" time="0.0010" classname="com.soebes.subversion.sapm.AccessRulesGroupGroupFromConfigFileWithAliasesTest"/>
  <testcase name="accessRuleCheck" time="0.0" classname="com.soebes.subversion.sapm.AccessRulesGroupGroupFromConfigFileWithAliasesTest"/>
  <testcase name="accessRuleCheck" time="0.0" classname="com.soebes.subversion.sapm.AccessRulesGroupGroupFromConfigFileWithAliasesTest"/>
  <testcase name="accessRuleCheck" time="0.0" classname="com.soebes.subversion.sapm.AccessRulesGroupGroupFromConfigFileWithAliasesTest"/>
  <testcase name="accessRuleCheck" time="0.0010" classname="com.soebes.subversion.sapm.AccessRulesGroupGroupFromConfigFileWithAliasesTest"/>
  <testcase name="accessRuleCheck" time="0.0" classname="com.soebes.subversion.sapm.AccessRulesGroupGroupFromConfigFileWithAliasesTest"/>
  <testcase name="accessRuleCheck" time="0.0" classname="com.soebes.subversion.sapm.AccessRulesGroupGroupFromConfigFileWithAliasesTest"/>
  <testcase name="accessRuleCheck" time="0.0" classname="com.soebes.subversion.sapm.AccessRulesGroupGroupFromConfigFileWithAliasesTest"/>
  <testcase name="accessRuleCheck" time="0.0" classname="com.soebes.subversion.sapm.AccessRulesGroupGroupFromConfigFileWithAliasesTest"/>
  <testcase name="accessRuleCheck" time="0.0" classname="com.soebes.subversion.sapm.AccessRulesGroupGroupFromConfigFileWithAliasesTest"/>
  <testcase name="accessRuleCheck" time="0.0010" classname="com.soebes.subversion.sapm.AccessRulesGroupGroupFromConfigFileWithAliasesTest"/>
  <testcase name="accessRuleCheck" time="0.0" classname="com.soebes.subversion.sapm.AccessRulesGroupGroupFromConfigFileWithAliasesTest"/>
  <testcase name="accessRuleCheck" time="0.0" classname="com.soebes.subversion.sapm.AccessRulesGroupGroupFromConfigFileWithAliasesTest"/>
  <testcase name="accessRuleCheck" time="0.0" classname="com.soebes.subversion.sapm.AccessRulesGroupGroupFromConfigFileWithAliasesTest"/>
  <testcase name="accessRuleCheck" time="0.0010" classname="com.soebes.subversion.sapm.AccessRulesGroupGroupFromConfigFileWithAliasesTest"/>
  <testcase name="accessRuleCheck" time="0.0" classname="com.soebes.subversion.sapm.AccessRulesGroupGroupFromConfigFileWithAliasesTest"/>
  <testcase name="accessRuleCheck" time="0.0" classname="com.soebes.subversion.sapm.AccessRulesGroupGroupFromConfigFileWithAliasesTest"/>
  <testcase name="accessRuleCheck" time="0.0" classname="com.soebes.subversion.sapm.AccessRulesGroupGroupFromConfigFileWithAliasesTest"/>
  <testcase name="accessRuleCheck" time="0.0" classname="com.soebes.subversion.sapm.AccessRulesGroupGroupFromConfigFileWithAliasesTest"/>
  <testcase name="accessRuleCheck" time="0.0" classname="com.soebes.subversion.sapm.AccessRulesGroupGroupFromConfigFileWithAliasesTest"/>
  <testcase name="accessRuleCheck" time="0.0010" classname="com.soebes.subversion.sapm.AccessRulesGroupGroupFromConfigFileWithAliasesTest"/>
  <testcase name="accessRuleCheck" time="0.0" classname="com.soebes.subversion.sapm.AccessRulesGroupGroupFromConfigFileWithAliasesTest"/>
  <testcase name="accessRuleCheck" time="0.0" classname="com.soebes.subversion.sapm.AccessRulesGroupGroupFromConfigFileWithAliasesTest"/>
  <testcase name="accessRuleCheck" time="0.0" classname="com.soebes.subversion.sapm.AccessRulesGroupGroupFromConfigFileWithAliasesTest"/>
  <testcase name="accessRuleCheck" time="0.0010" classname="com.soebes.subversion.sapm.AccessRulesGroupGroupFromConfigFileWithAliasesTest"/>
  <testcase name="accessRuleCheck" time="0.0" classname="com.soebes.subversion.sapm.AccessRulesGroupGroupFromConfigFileWithAliasesTest"/>
  <testcase name="accessRuleCheck" time="0.0" classname="com.soebes.subversion.sapm.AccessRulesGroupGroupFromConfigFileWithAliasesTest"/>
  <testcase name="accessRuleCheck" time="0.0" classname="com.soebes.subversion.sapm.AccessRulesGroupGroupFromConfigFileWithAliasesTest"/>
  <testcase name="accessRuleCheck" time="0.0" classname="com.soebes.subversion.sapm.AccessRulesGroupGroupFromConfigFileWithAliasesTest"/>
  <testcase name="accessRuleCheck" time="0.0" classname="com.soebes.subversion.sapm.AccessRulesGroupGroupFromConfigFileWithAliasesTest"/>
  <testcase name="accessRuleCheck" time="0.0" classname="com.soebes.subversion.sapm.AccessRulesGroupGroupFromConfigFileWithAliasesTest"/>
  <testcase name="accessRuleCheck" time="0.0" classname="com.soebes.subversion.sapm.AccessRulesGroupGroupFromConfigFileWithAliasesTest"/>
  <testcase name="accessRuleCheck" time="0.0010" classname="com.soebes.subversion.sapm.AccessRulesGroupGroupFromConfigFileWithAliasesTest"/>
  <testcase name="accessRuleCheck" time="0.0" classname="com.soebes.subversion.sapm.AccessRulesGroupGroupFromConfigFileWithAliasesTest"/>
  <testcase name="accessRuleCheck" time="0.0" classname="com.soebes.subversion.sapm.AccessRulesGroupGroupFromConfigFileWithAliasesTest"/>
  <testcase name="accessRuleCheck" time="0.0" classname="com.soebes.subversion.sapm.AccessRulesGroupGroupFromConfigFileWithAliasesTest"/>
  <testcase name="accessRuleCheck" time="0.0" classname="com.soebes.subversion.sapm.AccessRulesGroupGroupFromConfigFileWithAliasesTest"/>
  <testcase name="accessRuleCheck" time="0.0" classname="com.soebes.subversion.sapm.AccessRulesGroupGroupFromConfigFileWithAliasesTest"/>
  <testcase name="accessRuleCheck" time="0.0" classname="com.soebes.subversion.sapm.AccessRulesGroupGroupFromConfigFileWithAliasesTest"/>
  <testcase name="accessRuleCheck" time="0.0" classname="com.soebes.subversion.sapm.AccessRulesGroupGroupFromConfigFileWithAliasesTest"/>
  <testcase name="accessRuleCheck" time="0.0" classname="com.soebes.subversion.sapm.AccessRulesGroupGroupFromConfigFileWithAliasesTest"/>
  <testcase name="accessRuleCheck" time="0.0" classname="com.soebes.subversion.sapm.AccessRulesGroupGroupFromConfigFileWithAliasesTest"/>
  <testcase name="accessRuleCheck" time="0.0" classname="com.soebes.subversion.sapm.AccessRulesGroupGroupTest"/>
  <testcase name="accessRuleCheck" time="0.0" classname="com.soebes.subversion.sapm.AccessRulesGroupGroupTest"/>
  <testcase name="accessRuleCheck" time="0.0" classname="com.soebes.subversion.sapm.AccessRulesGroupGroupTest"/>
  <testcase name="accessRuleCheck" time="0.0" classname="com.soebes.subversion.sapm.AccessRulesGroupGroupTest"/>
  <testcase name="accessRuleCheck" time="0.0" classname="com.soebes.subversion.sapm.AccessRulesGroupGroupTest"/>
  <testcase name="accessRuleCheck" time="0.0010" classname="com.soebes.subversion.sapm.AccessRulesGroupGroupTest"/>
  <testcase name="accessRuleCheck" time="0.0" classname="com.soebes.subversion.sapm.AccessRulesGroupGroupTest"/>
  <testcase name="accessRuleCheck" time="0.0" classname="com.soebes.subversion.sapm.AccessRulesGroupGroupTest"/>
  <testcase name="accessRuleCheck" time="0.0010" classname="com.soebes.subversion.sapm.AccessRulesGroupGroupTest"/>
  <testcase name="accessRuleCheck" time="0.0010" classname="com.soebes.subversion.sapm.AccessRulesGroupGroupTest"/>
  <testcase name="accessRuleCheck" time="0.0010" classname="com.soebes.subversion.sapm.AccessRulesGroupGroupTest"/>
  <testcase name="accessRuleCheck" time="0.0010" classname="com.soebes.subversion.sapm.AccessRulesGroupGroupTest"/>
  <testcase name="accessRuleCheck" time="0.0010" classname="com.soebes.subversion.sapm.AccessRulesGroupGroupTest"/>
  <testcase name="accessRuleCheck" time="0.0010" classname="com.soebes.subversion.sapm.AccessRulesGroupGroupTest"/>
  <testcase name="accessRuleCheck" time="0.0010" classname="com.soebes.subversion.sapm.AccessRulesGroupGroupTest"/>
  <testcase name="accessRuleCheck" time="0.0010" classname="com.soebes.subversion.sapm.AccessRulesGroupGroupTest"/>
  <testcase name="accessRuleCheck" time="0.0010" classname="com.soebes.subversion.sapm.AccessRulesGroupGroupTest"/>
  <testcase name="accessRuleCheck" time="0.0010" classname="com.soebes.subversion.sapm.AccessRulesGroupGroupTest"/>
  <testcase name="accessRuleCheck" time="0.0010" classname="com.soebes.subversion.sapm.AccessRulesGroupGroupTest"/>
  <testcase name="accessRuleCheck" time="0.0010" classname="com.soebes.subversion.sapm.AccessRulesGroupGroupTest"/>
  <testcase name="accessRuleCheck" time="0.0020" classname="com.soebes.subversion.sapm.AccessRulesGroupGroupTest"/>
  <testcase name="accessRuleCheck" time="0.0010" classname="com.soebes.subversion.sapm.AccessRulesGroupGroupTest"/>
  <testcase name="accessRuleCheck" time="0.0020" classname="com.soebes.subversion.sapm.AccessRulesGroupGroupTest"/>
  <testcase name="accessRuleCheck" time="0.0010" classname="com.soebes.subversion.sapm.AccessRulesGroupGroupTest"/>
  <testcase name="accessRuleCheck" time="0.0020" classname="com.soebes.subversion.sapm.AccessRulesGroupGroupTest"/>
  <testcase name="accessRuleCheck" time="0.0020" classname="com.soebes.subversion.sapm.AccessRulesGroupGroupTest"/>
  <testcase name="accessRuleCheck" time="0.0020" classname="com.soebes.subversion.sapm.AccessRulesGroupGroupTest"/>
  <testcase name="accessRuleCheck" time="0.0010" classname="com.soebes.subversion.sapm.AccessRulesGroupGroupTest"/>
  <testcase name="accessRuleCheck" time="0.0020" classname="com.soebes.subversion.sapm.AccessRulesGroupGroupTest"/>
  <testcase name="accessRuleCheck" time="0.0020" classname="com.soebes.subversion.sapm.AccessRulesGroupGroupTest"/>
  <testcase name="accessRuleCheck" time="0.0020" classname="com.soebes.subversion.sapm.AccessRulesGroupGroupTest"/>
  <testcase name="accessRuleCheck" time="0.0020" classname="com.soebes.subversion.sapm.AccessRulesGroupGroupTest"/>
  <testcase name="accessRuleCheck" time="0.0020" classname="com.soebes.subversion.sapm.AccessRulesGroupGroupTest"/>
  <testcase name="accessRuleCheck" time="0.0020" classname="com.soebes.subversion.sapm.AccessRulesGroupGroupTest"/>
  <testcase name="accessRuleCheck" time="0.0020" classname="com.soebes.subversion.sapm.AccessRulesGroupGroupTest"/>
  <testcase name="accessRuleCheck" time="0.0020" classname="com.soebes.subversion.sapm.AccessRulesGroupGroupTest"/>
  <testcase name="accessRuleCheck" time="0.0030" classname="com.soebes.subversion.sapm.AccessRulesGroupGroupTest"/>
  <testcase name="accessRuleCheck" time="0.0020" classname="com.soebes.subversion.sapm.AccessRulesGroupGroupTest"/>
  <testcase name="accessRuleCheck" time="0.0030" classname="com.soebes.subversion.sapm.AccessRulesGroupGroupTest"/>
  <testcase name="accessRuleCheck" time="0.0030" classname="com.soebes.subversion.sapm.AccessRulesGroupGroupTest"/>
  <testcase name="accessRuleCheck" time="0.0020" classname="com.soebes.subversion.sapm.AccessRulesGroupGroupTest"/>
  <testcase name="accessRuleCheck" time="0.0020" classname="com.soebes.subversion.sapm.AccessRulesGroupGroupTest"/>
  <testcase name="accessRuleCheck" time="0.0020" classname="com.soebes.subversion.sapm.AccessRulesGroupGroupTest"/>
  <testcase name="accessRuleCheck" time="0.0030" classname="com.soebes.subversion.sapm.AccessRulesGroupGroupTest"/>
  <testcase name="accessRuleCheck" time="0.0030" classname="com.soebes.subversion.sapm.AccessRulesGroupGroupTest"/>
  <testcase name="accessRuleCheck" time="0.0030" classname="com.soebes.subversion.sapm.AccessRulesGroupGroupTest"/>
  <testcase name="accessRuleCheck" time="0.0030" classname="com.soebes.subversion.sapm.AccessRulesGroupGroupTest"/>
  <testcase name="accessRuleCheck" time="0.0030" classname="com.soebes.subversion.sapm.AccessRulesGroupGroupTest"/>
  <testcase name="accessRuleCheck" time="0.0020" classname="com.soebes.subversion.sapm.AccessRulesGroupGroupTest"/>
  <testcase name="accessRuleCheck" time="0.0020" classname="com.soebes.subversion.sapm.AccessRulesGroupGroupTest"/>
  <testcase name="accessRuleCheck" time="0.0030" classname="com.soebes.subversion.sapm.AccessRulesGroupGroupTest"/>
  <testcase name="accessRuleCheck" time="0.0020" classname="com.soebes.subversion.sapm.AccessRulesGroupGroupTest"/>
  <testcase name="accessRuleCheck" time="0.0020" classname="com.soebes.subversion.sapm.AccessRulesGroupGroupTest"/>
  <testcase name="accessRuleCheck" time="0.0020" classname="com.soebes.subversion.sapm.AccessRulesGroupGroupTest"/>
  <testcase name="accessRuleCheck" time="0.0" classname="com.soebes.subversion.sapm.AccessRulesUserTest"/>
  <testcase name="accessRuleCheck" time="0.0" classname="com.soebes.subversion.sapm.AccessRulesUserTest"/>
  <testcase name="accessRuleCheck" time="0.0" classname="com.soebes.subversion.sapm.AccessRulesUserTest"/>
  <testcase name="accessRuleCheck" time="0.0" classname="com.soebes.subversion.sapm.AccessRulesUserTest"/>
  <testcase name="accessRuleCheck" time="0.0" classname="com.soebes.subversion.sapm.AccessRulesUserTest"/>
  <testcase name="accessRuleCheck" time="0.0010" classname="com.soebes.subversion.sapm.AccessRulesUserTest"/>
  <testcase name="accessRuleCheck" time="0.0" classname="com.soebes.subversion.sapm.AccessRulesUserTest"/>
  <testcase name="accessRuleCheck" time="0.0" classname="com.soebes.subversion.sapm.AccessRulesUserTest"/>
  <testcase name="accessRuleCheck" time="0.0010" classname="com.soebes.subversion.sapm.AccessRulesUserTest"/>
  <testcase name="accessRuleCheck" time="0.0" classname="com.soebes.subversion.sapm.AccessRulesUserTest"/>
  <testcase name="accessRuleCheck" time="0.0" classname="com.soebes.subversion.sapm.AccessRulesUserTest"/>
  <testcase name="accessRuleCheck" time="0.0010" classname="com.soebes.subversion.sapm.AccessRulesUserTest"/>
  <testcase name="accessRuleCheck" time="0.0" classname="com.soebes.subversion.sapm.AccessRulesUserTest"/>
  <testcase name="accessRuleCheck" time="0.0" classname="com.soebes.subversion.sapm.AccessRulesUserTest"/>
  <testcase name="aliasesTest" time="0.0010" classname="com.soebes.subversion.sapm.AliasesTest"/>
  <testcase name="configurationWithAliasesTest" time="0.0030" classname="com.soebes.subversion.sapm.AppTest"/>
  <testcase name="firstConfigurationTest" time="0.0" classname="com.soebes.subversion.sapm.AppTest"/>
  <testcase name="groupsInGroupsConfigurationTest" time="0.0020" classname="com.soebes.subversion.sapm.AppTest"/>
  <testcase name="negativeRulesTest" time="0.0030" classname="com.soebes.subversion.sapm.AppTest"/>
  <testcase name="testReadAST" time="0.0020" classname="com.soebes.subversion.sapm.AppTest"/>
  <testcase name="testReadOne" time="0.0010" classname="com.soebes.subversion.sapm.AppTest"/>
  <testcase name="testReadThree" time="0.0010" classname="com.soebes.subversion.sapm.AppTest"/>
  <testcase name="testReadTwo" time="0.0010" classname="com.soebes.subversion.sapm.AppTest"/>
  <testcase name="createRulesForSave" time="0.0" classname="com.soebes.subversion.sapm.AuthorizationFileSaveTest"/>
  <testcase name="accessRuleCheck" time="0.0" classname="com.soebes.subversion.sapm.AuthorizationFileTest"/>
  <testcase name="accessRuleCheck" time="0.0010" classname="com.soebes.subversion.sapm.AuthorizationFileTest"/>
  <testcase name="accessRuleCheck" time="0.0" classname="com.soebes.subversion.sapm.AuthorizationFileTest"/>
  <testcase name="accessRuleCheck" time="0.0" classname="com.soebes.subversion.sapm.AuthorizationFileTest"/>
  <testcase name="accessRuleCheck" time="0.0" classname="com.soebes.subversion.sapm.AuthorizationFileTest"/>
  <testcase name="accessRuleCheck" time="0.0" classname="com.soebes.subversion.sapm.AuthorizationFileTest"/>
  <testcase name="accessRuleCheck" time="0.0" classname="com.soebes.subversion.sapm.AuthorizationFileTest"/>
  <testcase name="accessRuleCheck" time="0.0010" classname="com.soebes.subversion.sapm.AuthorizationFileTest"/>
  <testcase name="accessRuleCheck" time="0.0" classname="com.soebes.subversion.sapm.AuthorizationFileTest"/>
  <testcase name="accessRuleCheck" time="0.0010" classname="com.soebes.subversion.sapm.AuthorizationFileTest"/>
  <testcase name="accessRuleCheck" time="0.0" classname="com.soebes.subversion.sapm.AuthorizationFileTest"/>
  <testcase name="accessRuleCheck" time="0.0010" classname="com.soebes.subversion.sapm.AuthorizationFileTest"/>
  <testcase name="accessRuleCheck" time="0.0" classname="com.soebes.subversion.sapm.AuthorizationFileTest"/>
  <testcase name="accessRuleCheck" time="0.0010" classname="com.soebes.subversion.sapm.AuthorizationFileTest"/>
  <testcase name="accessRuleCheck" time="0.0" classname="com.soebes.subversion.sapm.AuthorizationFileTest"/>
  <testcase name="accessRuleCheck" time="0.0" classname="com.soebes.subversion.sapm.AuthorizationFileTest"/>
  <testcase name="accessRuleCheck" time="0.0" classname="com.soebes.subversion.sapm.AuthorizationFileTest"/>
  <testcase name="accessRuleCheck" time="0.0010" classname="com.soebes.subversion.sapm.AuthorizationFileTest"/>
  <testcase name="accessRuleCheck" time="0.0" classname="com.soebes.subversion.sapm.AuthorizationFileTest"/>
  <testcase name="accessRuleCheck" time="0.0010" classname="com.soebes.subversion.sapm.AuthorizationFileTest"/>
  <testcase name="accessRuleCheck" time="0.0" classname="com.soebes.subversion.sapm.AuthorizationFileTest"/>
  <testcase name="accessRuleCheck" time="0.0010" classname="com.soebes.subversion.sapm.AuthorizationFileTest"/>
  <testcase name="accessRuleCheck" time="0.0" classname="com.soebes.subversion.sapm.AuthorizationFileTest"/>
  <testcase name="accessRuleCheck" time="0.0010" classname="com.soebes.subversion.sapm.AuthorizationFileTest"/>
  <testcase name="accessRuleCheck" time="0.0" classname="com.soebes.subversion.sapm.AuthorizationFileTest"/>
  <testcase name="accessRuleCheck" time="0.0010" classname="com.soebes.subversion.sapm.AuthorizationFileTest"/>
  <testcase name="accessRuleCheck" time="0.0" classname="com.soebes.subversion.sapm.AuthorizationFileTest"/>
  <testcase name="accessRuleCheck" time="0.0010" classname="com.soebes.subversion.sapm.AuthorizationFileTest"/>
  <testcase name="accessRuleCheck" time="0.0" classname="com.soebes.subversion.sapm.AuthorizationFileTest"/>
  <testcase name="accessRuleCheck" time="0.0" classname="com.soebes.subversion.sapm.AuthorizationFileTest"/>
  <testcase name="accessRuleCheck" time="0.0" classname="com.soebes.subversion.sapm.AuthorizationFileTest"/>
  <testcase name="accessRuleCheck" time="0.0" classname="com.soebes.subversion.sapm.AuthorizationFileTest"/>
  <testcase name="accessRuleCheck" time="0.0" classname="com.soebes.subversion.sapm.AuthorizationFileTest"/>
  <testcase name="accessRuleCheck" time="0.0" classname="com.soebes.subversion.sapm.AuthorizationFileTest"/>
  <testcase name="accessRuleCheck" time="0.0" classname="com.soebes.subversion.sapm.AuthorizationFileTest"/>
  <testcase name="accessRuleCheck" time="0.0" classname="com.soebes.subversion.sapm.AuthorizationFileTest"/>
  <testcase name="accessRuleCheck" time="0.0010" classname="com.soebes.subversion.sapm.AuthorizationFileTest"/>
  <testcase name="accessRuleCheck" time="0.0" classname="com.soebes.subversion.sapm.AuthorizationFileTest"/>
  <testcase name="accessRuleCheck" time="0.0" classname="com.soebes.subversion.sapm.AuthorizationFileTest"/>
  <testcase name="accessRuleCheck" time="0.0" classname="com.soebes.subversion.sapm.AuthorizationFileTest"/>
  <testcase name="accessRuleCheck" time="0.0" classname="com.soebes.subversion.sapm.AuthorizationFileTest"/>
  <testcase name="accessRuleCheck" time="0.0" classname="com.soebes.subversion.sapm.AuthorizationFileTest"/>
  <testcase name="accessRuleCheck" time="0.0010" classname="com.soebes.subversion.sapm.AuthorizationFileTest"/>
  <testcase name="accessRuleCheck" time="0.0" classname="com.soebes.subversion.sapm.AuthorizationFileTest"/>
  <testcase name="accessRuleCheck" time="0.0" classname="com.soebes.subversion.sapm.AuthorizationFileTest"/>
  <testcase name="accessRuleCheck" time="0.0" classname="com.soebes.subversion.sapm.AuthorizationFileTest"/>
  <testcase name="accessRuleCheck" time="0.0" classname="com.soebes.subversion.sapm.AuthorizationFileTest"/>
  <testcase name="accessRuleCheck" time="0.0" classname="com.soebes.subversion.sapm.AuthorizationFileTest"/>
  <testcase name="accessRuleCheck" time="0.0010" classname="com.soebes.subversion.sapm.AuthorizationFileTest"/>
  <testcase name="accessRuleCheck" time="0.0" classname="com.soebes.subversion.sapm.AuthorizationFileTest"/>
  <testcase name="accessRuleCheck" time="0.0" classname="com.soebes.subversion.sapm.AuthorizationFileTest"/>
  <testcase name="accessRuleCheck" time="0.0" classname="com.soebes.subversion.sapm.AuthorizationFileTest"/>
  <testcase name="accessRuleCheck" time="0.0" classname="com.soebes.subversion.sapm.AuthorizationFileTest"/>
  <testcase name="accessRuleCheck" time="0.0" classname="com.soebes.subversion.sapm.AuthorizationFileTest"/>
  <testcase name="check" time="0.0030" classname="com.soebes.subversion.sapm.FileNameTest"/>
  <testcase name="check" time="0.0" classname="com.soebes.subversion.sapm.FileNameTest"/>
  <testcase name="check" time="0.0" classname="com.soebes.subversion.sapm.FileNameTest"/>
  <testcase name="check" time="0.0" classname="com.soebes.subversion.sapm.FileNameTest"/>
  <testcase name="check" time="0.0010" classname="com.soebes.subversion.sapm.FileNameTest"/>
  <testcase name="check" time="0.0" classname="com.soebes.subversion.sapm.FileNameTest"/>
  <testcase name="check" time="0.0" classname="com.soebes.subversion.sapm.FileNameTest"/>
  <testcase name="testF100" time="0.0" classname="com.soebes.subversion.sapm.FileNameTest"/>
  <testcase name="testF61" time="0.0" classname="com.soebes.subversion.sapm.FileNameTest"/>
  <testcase name="testF80" time="0.0" classname="com.soebes.subversion.sapm.FileNameTest"/>
  <testcase name="testF90" time="0.0" classname="com.soebes.subversion.sapm.FileNameTest"/>
  <testcase name="groupAddTest" time="0.0" classname="com.soebes.subversion.sapm.GroupTest"/>
  <testcase name="groupContainsGroupTest" time="0.0" classname="com.soebes.subversion.sapm.GroupTest"/>
  <testcase name="groupContainsTest" time="0.0" classname="com.soebes.subversion.sapm.GroupTest"/>
  <testcase name="groupAddTest" time="0.0" classname="com.soebes.subversion.sapm.GroupsTest"/>
  <testcase name="groupGetTest" time="0.0" classname="com.soebes.subversion.sapm.GroupsTest"/>
  <testcase name="accessRuleCheck" time="0.0" classname="com.soebes.subversion.sapm.NegativAccessRuleGroupTest"/>
  <testcase name="accessRuleCheck" time="0.0" classname="com.soebes.subversion.sapm.NegativAccessRuleGroupTest"/>
  <testcase name="accessRuleCheck" time="0.0" classname="com.soebes.subversion.sapm.NegativAccessRuleGroupTest"/>
  <testcase name="accessRuleCheck" time="0.0" classname="com.soebes.subversion.sapm.NegativAccessRuleGroupTest"/>
  <testcase name="accessRuleCheck" time="0.0" classname="com.soebes.subversion.sapm.NegativAccessRuleGroupTest"/>
  <testcase name="accessRuleCheck" time="0.0010" classname="com.soebes.subversion.sapm.NegativAccessRuleGroupTest"/>
  <testcase name="accessRuleCheck" time="0.0" classname="com.soebes.subversion.sapm.NegativAccessRuleGroupTest"/>
  <testcase name="accessRuleCheck" time="0.0" classname="com.soebes.subversion.sapm.NegativAccessRuleGroupTest"/>
  <testcase name="accessRuleCheck" time="0.0" classname="com.soebes.subversion.sapm.NegativAccessRuleGroupTest"/>
  <testcase name="accessRuleCheck" time="0.0" classname="com.soebes.subversion.sapm.NegativAccessRuleGroupTest"/>
  <testcase name="accessRuleCheck" time="0.0" classname="com.soebes.subversion.sapm.NegativAccessRuleGroupTest"/>
  <testcase name="accessRuleCheck" time="0.0" classname="com.soebes.subversion.sapm.NegativAccessRuleGroupTest"/>
  <testcase name="accessTest" time="0.0" classname="com.soebes.subversion.sapm.NegativAccessRuleGroupTest"/>
  <testcase name="accessRuleCheck" time="0.0" classname="com.soebes.subversion.sapm.NegativAccessRulesGroupTest"/>
  <testcase name="accessRuleCheck" time="0.0" classname="com.soebes.subversion.sapm.NegativAccessRulesGroupTest"/>
  <testcase name="accessRuleCheck" time="0.0" classname="com.soebes.subversion.sapm.NegativAccessRulesGroupTest"/>
  <testcase name="accessRuleCheck" time="0.0" classname="com.soebes.subversion.sapm.NegativAccessRulesGroupTest"/>
  <testcase name="accessRuleCheck" time="0.0" classname="com.soebes.subversion.sapm.NegativAccessRulesGroupTest"/>
  <testcase name="accessRuleCheck" time="0.0" classname="com.soebes.subversion.sapm.NegativAccessRulesGroupTest"/>
  <testcase name="accessRuleCheck" time="0.0" classname="com.soebes.subversion.sapm.NegativAccessRulesGroupTest"/>
  <testcase name="accessRuleCheck" time="0.0" classname="com.soebes.subversion.sapm.NegativAccessRulesGroupTest"/>
  <testcase name="accessRuleCheck" time="0.0" classname="com.soebes.subversion.sapm.NegativAccessRulesGroupTest"/>
  <testcase name="accessRuleCheck" time="0.0" classname="com.soebes.subversion.sapm.NegativAccessRulesGroupTest"/>
  <testcase name="accessRuleCheck" time="0.0" classname="com.soebes.subversion.sapm.NegativAccessRulesGroupTest"/>
  <testcase name="accessRuleCheck" time="0.0" classname="com.soebes.subversion.sapm.NegativAccessRulesGroupTest"/>
  <testcase name="accessRuleCheck" time="0.0" classname="com.soebes.subversion.sapm.NegativAccessRulesGroupTest"/>
  <testcase name="accessRuleCheck" time="0.0" classname="com.soebes.subversion.sapm.NegativAccessRulesGroupTest"/>
  <testcase name="accessRuleCheck" time="0.0" classname="com.soebes.subversion.sapm.NegativAccessRulesGroupTest"/>
  <testcase name="accessRuleCheck" time="0.0" classname="com.soebes.subversion.sapm.NegativAccessRulesGroupTest"/>
  <testcase name="accessRuleCheck" time="0.0" classname="com.soebes.subversion.sapm.NegativAccessRulesGroupTest"/>
  <testcase name="accessRuleCheck" time="0.0" classname="com.soebes.subversion.sapm.NegativAccessRulesGroupTest"/>
  <testcase name="accessRuleCheck" time="0.0" classname="com.soebes.subversion.sapm.NegativAccessRulesGroupTest"/>
  <testcase name="accessRuleCheck" time="0.0" classname="com.soebes.subversion.sapm.NegativAccessRulesGroupTest"/>
  <testcase name="accessRuleCheck" time="0.0" classname="com.soebes.subversion.sapm.NegativAccessRulesGroupTest"/>
  <testcase name="accessRuleCheck" time="0.0" classname="com.soebes.subversion.sapm.NegativAccessRulesGroupTest"/>
  <testcase name="accessRuleCheck" time="0.0" classname="com.soebes.subversion.sapm.NegativAccessRulesGroupTest"/>
  <testcase name="accessRuleCheck" time="0.0" classname="com.soebes.subversion.sapm.NegativAccessRulesGroupTest"/>
  <testcase name="accessRuleCheck" time="0.0" classname="com.soebes.subversion.sapm.NegativAccessRulesGroupTest"/>
  <testcase name="accessRuleCheck" time="0.0" classname="com.soebes.subversion.sapm.NegativAccessRulesGroupTest"/>
  <testcase name="accessRuleCheck" time="0.0" classname="com.soebes.subversion.sapm.NegativAccessRulesGroupTest"/>
  <testcase name="accessRuleCheck" time="0.0" classname="com.soebes.subversion.sapm.NegativAccessRulesGroupTest"/>
  <testcase name="accessRuleCheck" time="0.0" classname="com.soebes.subversion.sapm.NegativAccessRulesGroupTest"/>
  <testcase name="accessRuleCheck" time="0.0" classname="com.soebes.subversion.sapm.NegativAccessRulesGroupTest"/>
  <testcase name="accessRuleCheck" time="0.0" classname="com.soebes.subversion.sapm.NegativeAccessRuleUserTest"/>
  <testcase name="accessRuleCheck" time="0.0" classname="com.soebes.subversion.sapm.NegativeAccessRuleUserTest"/>
  <testcase name="accessRuleCheck" time="0.0" classname="com.soebes.subversion.sapm.NegativeAccessRuleUserTest"/>
  <testcase name="accessRuleCheck" time="0.0" classname="com.soebes.subversion.sapm.NegativeAccessRuleUserTest"/>
  <testcase name="accessRuleCheck" time="0.0" classname="com.soebes.subversion.sapm.NegativeAccessRuleUserTest"/>
  <testcase name="accessRuleCheck" time="0.0" classname="com.soebes.subversion.sapm.NegativeAccessRuleUserTest"/>
  <testcase name="accessRuleCheck" time="0.0" classname="com.soebes.subversion.sapm.NegativeAccessRuleUserTest"/>
  <testcase name="accessRuleCheck" time="0.0" classname="com.soebes.subversion.sapm.NegativeAccessRuleUserTest"/>
  <testcase name="accessRuleCheck" time="0.0010" classname="com.soebes.subversion.sapm.NegativeAccessRuleUserTest"/>
  <testcase name="accessRuleCheck" time="0.0" classname="com.soebes.subversion.sapm.NegativeAccessRuleUserTest"/>
  <testcase name="accessRuleCheck" time="0.0" classname="com.soebes.subversion.sapm.NegativeAccessRuleUserTest"/>
  <testcase name="accessTest" time="0.0" classname="com.soebes.subversion.sapm.NegativeAccessRuleUserTest"/>
  <testcase name="folderTestWithX" time="0.0" classname="com.soebes.subversion.sapm.PathTest"/>
  <testcase name="folderTestWithX" time="0.0" classname="com.soebes.subversion.sapm.PathTest"/>
  <testcase name="folderTestWithX" time="0.0" classname="com.soebes.subversion.sapm.PathTest"/>
  <testcase name="folderTestWithX" time="0.0" classname="com.soebes.subversion.sapm.PathTest"/>
  <testcase name="groupAddTest" time="0.0" classname="com.soebes.subversion.sapm.UsersTest"/>
</testsuite>
