<?xml version="1.0" encoding="UTF-8"?>
<testng-results skipped="0" failed="0" total="489" passed="489">
  <reporter-output>
  </reporter-output>
  <suite name="Command line suite" duration-ms="1123" started-at="2011-04-17T20:02:55Z" finished-at="2011-04-17T20:02:56Z">
    <groups>
    </groups>
    <test name="Command line test" duration-ms="1123" started-at="2011-04-17T20:02:55Z" finished-at="2011-04-17T20:02:56Z">
      <class name="com.soebes.subversion.sapm.AccessRulesGroupGroupTest">
        <test-method status="PASS" signature="beforeMethod()" name="beforeMethod" is-config="true" duration-ms="0" started-at="2011-04-17T20:02:55Z" finished-at="2011-04-17T20:02:55Z">
        </test-method>
        <test-method status="PASS" signature="accessRuleCheck(java.lang.String, java.lang.String, java.lang.String, com.soebes.subversion.sapm.AccessLevel)" name="accessRuleCheck" duration-ms="0" started-at="2011-04-17T20:02:55Z" finished-at="2011-04-17T20:02:55Z">
          <params>
            <param index="0">
              <value>
                <![CDATA[brian]]>
              </value>
            </param>
            <param index="1">
              <value>
                <![CDATA[repository]]>
              </value>
            </param>
            <param index="2">
              <value>
                <![CDATA[/]]>
              </value>
            </param>
            <param index="3">
              <value>
                <![CDATA[READ]]>
              </value>
            </param>
          </params>
        </test-method>
        <test-method status="PASS" signature="beforeMethod()" name="beforeMethod" is-config="true" duration-ms="0" started-at="2011-04-17T20:02:55Z" finished-at="2011-04-17T20:02:55Z">
        </test-method>
        <test-method status="PASS" signature="accessRuleCheck(java.lang.String, java.lang.String, java.lang.String, com.soebes.subversion.sapm.AccessLevel)" name="accessRuleCheck" duration-ms="0" started-at="2011-04-17T20:02:55Z" finished-at="2011-04-17T20:02:55Z">
          <params>
            <param index="0">
              <value>
                <![CDATA[harry]]>
              </value>
            </param>
            <param index="1">
              <value>
                <![CDATA[repository]]>
              </value>
            </param>
            <param index="2">
              <value>
                <![CDATA[/]]>
              </value>
            </param>
            <param index="3">
              <value>
                <![CDATA[READ]]>
              </value>
            </param>
          </params>
        </test-method>
        <test-method status="PASS" signature="accessRuleCheck(java.lang.String, java.lang.String, java.lang.String, com.soebes.subversion.sapm.AccessLevel)" name="accessRuleCheck" duration-ms="0" started-at="2011-04-17T20:02:55Z" finished-at="2011-04-17T20:02:55Z">
          <params>
            <param index="0">
              <value>
                <![CDATA[micheal]]>
              </value>
            </param>
            <param index="1">
              <value>
                <![CDATA[repository]]>
              </value>
            </param>
            <param index="2">
              <value>
                <![CDATA[/]]>
              </value>
            </param>
            <param index="3">
              <value>
                <![CDATA[READ]]>
              </value>
            </param>
          </params>
        </test-method>
        <test-method status="PASS" signature="beforeMethod()" name="beforeMethod" is-config="true" duration-ms="0" started-at="2011-04-17T20:02:55Z" finished-at="2011-04-17T20:02:55Z">
        </test-method>
        <test-method status="PASS" signature="beforeMethod()" name="beforeMethod" is-config="true" duration-ms="0" started-at="2011-04-17T20:02:55Z" finished-at="2011-04-17T20:02:55Z">
        </test-method>
        <test-method status="PASS" signature="accessRuleCheck(java.lang.String, java.lang.String, java.lang.String, com.soebes.subversion.sapm.AccessLevel)" name="accessRuleCheck" duration-ms="0" started-at="2011-04-17T20:02:55Z" finished-at="2011-04-17T20:02:55Z">
          <params>
            <param index="0">
              <value>
                <![CDATA[sally]]>
              </value>
            </param>
            <param index="1">
              <value>
                <![CDATA[repository]]>
              </value>
            </param>
            <param index="2">
              <value>
                <![CDATA[/]]>
              </value>
            </param>
            <param index="3">
              <value>
                <![CDATA[READ]]>
              </value>
            </param>
          </params>
        </test-method>
        <test-method status="PASS" signature="beforeMethod()" name="beforeMethod" is-config="true" duration-ms="0" started-at="2011-04-17T20:02:55Z" finished-at="2011-04-17T20:02:55Z">
        </test-method>
        <test-method status="PASS" signature="accessRuleCheck(java.lang.String, java.lang.String, java.lang.String, com.soebes.subversion.sapm.AccessLevel)" name="accessRuleCheck" duration-ms="1" started-at="2011-04-17T20:02:55Z" finished-at="2011-04-17T20:02:55Z">
          <params>
            <param index="0">
              <value>
                <![CDATA[decon]]>
              </value>
            </param>
            <param index="1">
              <value>
                <![CDATA[repository]]>
              </value>
            </param>
            <param index="2">
              <value>
                <![CDATA[/]]>
              </value>
            </param>
            <param index="3">
              <value>
                <![CDATA[READ]]>
              </value>
            </param>
          </params>
        </test-method>
        <test-method status="PASS" signature="accessRuleCheck(java.lang.String, java.lang.String, java.lang.String, com.soebes.subversion.sapm.AccessLevel)" name="accessRuleCheck" duration-ms="0" started-at="2011-04-17T20:02:55Z" finished-at="2011-04-17T20:02:55Z">
          <params>
            <param index="0">
              <value>
                <![CDATA[jonas]]>
              </value>
            </param>
            <param index="1">
              <value>
                <![CDATA[repository]]>
              </value>
            </param>
            <param index="2">
              <value>
                <![CDATA[/]]>
              </value>
            </param>
            <param index="3">
              <value>
                <![CDATA[READ]]>
              </value>
            </param>
          </params>
        </test-method>
        <test-method status="PASS" signature="beforeMethod()" name="beforeMethod" is-config="true" duration-ms="0" started-at="2011-04-17T20:02:55Z" finished-at="2011-04-17T20:02:55Z">
        </test-method>
        <test-method status="PASS" signature="accessRuleCheck(java.lang.String, java.lang.String, java.lang.String, com.soebes.subversion.sapm.AccessLevel)" name="accessRuleCheck" duration-ms="0" started-at="2011-04-17T20:02:55Z" finished-at="2011-04-17T20:02:55Z">
          <params>
            <param index="0">
              <value>
                <![CDATA[harry]]>
              </value>
            </param>
            <param index="1">
              <value>
                <![CDATA[repository]]>
              </value>
            </param>
            <param index="2">
              <value>
                <![CDATA[/project-c/]]>
              </value>
            </param>
            <param index="3">
              <value>
                <![CDATA[READ]]>
              </value>
            </param>
          </params>
        </test-method>
        <test-method status="PASS" signature="beforeMethod()" name="beforeMethod" is-config="true" duration-ms="1" started-at="2011-04-17T20:02:55Z" finished-at="2011-04-17T20:02:55Z">
        </test-method>
        <test-method status="PASS" signature="beforeMethod()" name="beforeMethod" is-config="true" duration-ms="0" started-at="2011-04-17T20:02:55Z" finished-at="2011-04-17T20:02:55Z">
        </test-method>
        <test-method status="PASS" signature="accessRuleCheck(java.lang.String, java.lang.String, java.lang.String, com.soebes.subversion.sapm.AccessLevel)" name="accessRuleCheck" duration-ms="0" started-at="2011-04-17T20:02:55Z" finished-at="2011-04-17T20:02:55Z">
          <params>
            <param index="0">
              <value>
                <![CDATA[harry]]>
              </value>
            </param>
            <param index="1">
              <value>
                <![CDATA[repository]]>
              </value>
            </param>
            <param index="2">
              <value>
                <![CDATA[/project-d/]]>
              </value>
            </param>
            <param index="3">
              <value>
                <![CDATA[READ]]>
              </value>
            </param>
          </params>
        </test-method>
        <test-method status="PASS" signature="beforeMethod()" name="beforeMethod" is-config="true" duration-ms="0" started-at="2011-04-17T20:02:55Z" finished-at="2011-04-17T20:02:55Z">
        </test-method>
        <test-method status="PASS" signature="accessRuleCheck(java.lang.String, java.lang.String, java.lang.String, com.soebes.subversion.sapm.AccessLevel)" name="accessRuleCheck" duration-ms="1" started-at="2011-04-17T20:02:55Z" finished-at="2011-04-17T20:02:55Z">
          <params>
            <param index="0">
              <value>
                <![CDATA[harry]]>
              </value>
            </param>
            <param index="1">
              <value>
                <![CDATA[repository]]>
              </value>
            </param>
            <param index="2">
              <value>
                <![CDATA[/project-e/]]>
              </value>
            </param>
            <param index="3">
              <value>
                <![CDATA[READ]]>
              </value>
            </param>
          </params>
        </test-method>
        <test-method status="PASS" signature="beforeMethod()" name="beforeMethod" is-config="true" duration-ms="0" started-at="2011-04-17T20:02:55Z" finished-at="2011-04-17T20:02:55Z">
        </test-method>
        <test-method status="PASS" signature="accessRuleCheck(java.lang.String, java.lang.String, java.lang.String, com.soebes.subversion.sapm.AccessLevel)" name="accessRuleCheck" duration-ms="1" started-at="2011-04-17T20:02:55Z" finished-at="2011-04-17T20:02:55Z">
          <params>
            <param index="0">
              <value>
                <![CDATA[brian]]>
              </value>
            </param>
            <param index="1">
              <value>
                <![CDATA[repository]]>
              </value>
            </param>
            <param index="2">
              <value>
                <![CDATA[/project-c/]]>
              </value>
            </param>
            <param index="3">
              <value>
                <![CDATA[READ]]>
              </value>
            </param>
          </params>
        </test-method>
        <test-method status="PASS" signature="accessRuleCheck(java.lang.String, java.lang.String, java.lang.String, com.soebes.subversion.sapm.AccessLevel)" name="accessRuleCheck" duration-ms="1" started-at="2011-04-17T20:02:55Z" finished-at="2011-04-17T20:02:55Z">
          <params>
            <param index="0">
              <value>
                <![CDATA[brian]]>
              </value>
            </param>
            <param index="1">
              <value>
                <![CDATA[repository]]>
              </value>
            </param>
            <param index="2">
              <value>
                <![CDATA[/project-d/]]>
              </value>
            </param>
            <param index="3">
              <value>
                <![CDATA[READ]]>
              </value>
            </param>
          </params>
        </test-method>
        <test-method status="PASS" signature="beforeMethod()" name="beforeMethod" is-config="true" duration-ms="0" started-at="2011-04-17T20:02:55Z" finished-at="2011-04-17T20:02:55Z">
        </test-method>
        <test-method status="PASS" signature="accessRuleCheck(java.lang.String, java.lang.String, java.lang.String, com.soebes.subversion.sapm.AccessLevel)" name="accessRuleCheck" duration-ms="1" started-at="2011-04-17T20:02:55Z" finished-at="2011-04-17T20:02:55Z">
          <params>
            <param index="0">
              <value>
                <![CDATA[brian]]>
              </value>
            </param>
            <param index="1">
              <value>
                <![CDATA[repository]]>
              </value>
            </param>
            <param index="2">
              <value>
                <![CDATA[/project-e/]]>
              </value>
            </param>
            <param index="3">
              <value>
                <![CDATA[READ]]>
              </value>
            </param>
          </params>
        </test-method>
        <test-method status="PASS" signature="beforeMethod()" name="beforeMethod" is-config="true" duration-ms="0" started-at="2011-04-17T20:02:55Z" finished-at="2011-04-17T20:02:55Z">
        </test-method>
        <test-method status="PASS" signature="beforeMethod()" name="beforeMethod" is-config="true" duration-ms="0" started-at="2011-04-17T20:02:55Z" finished-at="2011-04-17T20:02:55Z">
        </test-method>
        <test-method status="PASS" signature="accessRuleCheck(java.lang.String, java.lang.String, java.lang.String, com.soebes.subversion.sapm.AccessLevel)" name="accessRuleCheck" duration-ms="1" started-at="2011-04-17T20:02:55Z" finished-at="2011-04-17T20:02:55Z">
          <params>
            <param index="0">
              <value>
                <![CDATA[michael]]>
              </value>
            </param>
            <param index="1">
              <value>
                <![CDATA[repository]]>
              </value>
            </param>
            <param index="2">
              <value>
                <![CDATA[/project-c/]]>
              </value>
            </param>
            <param index="3">
              <value>
                <![CDATA[READ]]>
              </value>
            </param>
          </params>
        </test-method>
        <test-method status="PASS" signature="beforeMethod()" name="beforeMethod" is-config="true" duration-ms="0" started-at="2011-04-17T20:02:55Z" finished-at="2011-04-17T20:02:55Z">
        </test-method>
        <test-method status="PASS" signature="accessRuleCheck(java.lang.String, java.lang.String, java.lang.String, com.soebes.subversion.sapm.AccessLevel)" name="accessRuleCheck" duration-ms="1" started-at="2011-04-17T20:02:55Z" finished-at="2011-04-17T20:02:55Z">
          <params>
            <param index="0">
              <value>
                <![CDATA[micheal]]>
              </value>
            </param>
            <param index="1">
              <value>
                <![CDATA[repository]]>
              </value>
            </param>
            <param index="2">
              <value>
                <![CDATA[/project-d/]]>
              </value>
            </param>
            <param index="3">
              <value>
                <![CDATA[READ]]>
              </value>
            </param>
          </params>
        </test-method>
        <test-method status="PASS" signature="accessRuleCheck(java.lang.String, java.lang.String, java.lang.String, com.soebes.subversion.sapm.AccessLevel)" name="accessRuleCheck" duration-ms="1" started-at="2011-04-17T20:02:55Z" finished-at="2011-04-17T20:02:55Z">
          <params>
            <param index="0">
              <value>
                <![CDATA[micheal]]>
              </value>
            </param>
            <param index="1">
              <value>
                <![CDATA[repository]]>
              </value>
            </param>
            <param index="2">
              <value>
                <![CDATA[/project-e/]]>
              </value>
            </param>
            <param index="3">
              <value>
                <![CDATA[READ]]>
              </value>
            </param>
          </params>
        </test-method>
        <test-method status="PASS" signature="beforeMethod()" name="beforeMethod" is-config="true" duration-ms="0" started-at="2011-04-17T20:02:55Z" finished-at="2011-04-17T20:02:55Z">
        </test-method>
        <test-method status="PASS" signature="beforeMethod()" name="beforeMethod" is-config="true" duration-ms="1" started-at="2011-04-17T20:02:55Z" finished-at="2011-04-17T20:02:55Z">
        </test-method>
        <test-method status="PASS" signature="accessRuleCheck(java.lang.String, java.lang.String, java.lang.String, com.soebes.subversion.sapm.AccessLevel)" name="accessRuleCheck" duration-ms="1" started-at="2011-04-17T20:02:55Z" finished-at="2011-04-17T20:02:55Z">
          <params>
            <param index="0">
              <value>
                <![CDATA[sally]]>
              </value>
            </param>
            <param index="1">
              <value>
                <![CDATA[repository]]>
              </value>
            </param>
            <param index="2">
              <value>
                <![CDATA[/project-c/]]>
              </value>
            </param>
            <param index="3">
              <value>
                <![CDATA[READ]]>
              </value>
            </param>
          </params>
        </test-method>
        <test-method status="PASS" signature="beforeMethod()" name="beforeMethod" is-config="true" duration-ms="0" started-at="2011-04-17T20:02:55Z" finished-at="2011-04-17T20:02:55Z">
        </test-method>
        <test-method status="PASS" signature="accessRuleCheck(java.lang.String, java.lang.String, java.lang.String, com.soebes.subversion.sapm.AccessLevel)" name="accessRuleCheck" duration-ms="1" started-at="2011-04-17T20:02:55Z" finished-at="2011-04-17T20:02:55Z">
          <params>
            <param index="0">
              <value>
                <![CDATA[sally]]>
              </value>
            </param>
            <param index="1">
              <value>
                <![CDATA[repository]]>
              </value>
            </param>
            <param index="2">
              <value>
                <![CDATA[/project-d/]]>
              </value>
            </param>
            <param index="3">
              <value>
                <![CDATA[READ]]>
              </value>
            </param>
          </params>
        </test-method>
        <test-method status="PASS" signature="beforeMethod()" name="beforeMethod" is-config="true" duration-ms="0" started-at="2011-04-17T20:02:55Z" finished-at="2011-04-17T20:02:55Z">
        </test-method>
        <test-method status="PASS" signature="accessRuleCheck(java.lang.String, java.lang.String, java.lang.String, com.soebes.subversion.sapm.AccessLevel)" name="accessRuleCheck" duration-ms="1" started-at="2011-04-17T20:02:55Z" finished-at="2011-04-17T20:02:55Z">
          <params>
            <param index="0">
              <value>
                <![CDATA[sally]]>
              </value>
            </param>
            <param index="1">
              <value>
                <![CDATA[repository]]>
              </value>
            </param>
            <param index="2">
              <value>
                <![CDATA[/project-e/]]>
              </value>
            </param>
            <param index="3">
              <value>
                <![CDATA[READ]]>
              </value>
            </param>
          </params>
        </test-method>
        <test-method status="PASS" signature="beforeMethod()" name="beforeMethod" is-config="true" duration-ms="1" started-at="2011-04-17T20:02:55Z" finished-at="2011-04-17T20:02:55Z">
        </test-method>
        <test-method status="PASS" signature="accessRuleCheck(java.lang.String, java.lang.String, java.lang.String, com.soebes.subversion.sapm.AccessLevel)" name="accessRuleCheck" duration-ms="1" started-at="2011-04-17T20:02:55Z" finished-at="2011-04-17T20:02:55Z">
          <params>
            <param index="0">
              <value>
                <![CDATA[jonas]]>
              </value>
            </param>
            <param index="1">
              <value>
                <![CDATA[repository]]>
              </value>
            </param>
            <param index="2">
              <value>
                <![CDATA[/project-c/]]>
              </value>
            </param>
            <param index="3">
              <value>
                <![CDATA[READ]]>
              </value>
            </param>
          </params>
        </test-method>
        <test-method status="PASS" signature="beforeMethod()" name="beforeMethod" is-config="true" duration-ms="0" started-at="2011-04-17T20:02:55Z" finished-at="2011-04-17T20:02:55Z">
        </test-method>
        <test-method status="PASS" signature="accessRuleCheck(java.lang.String, java.lang.String, java.lang.String, com.soebes.subversion.sapm.AccessLevel)" name="accessRuleCheck" duration-ms="1" started-at="2011-04-17T20:02:55Z" finished-at="2011-04-17T20:02:55Z">
          <params>
            <param index="0">
              <value>
                <![CDATA[jonas]]>
              </value>
            </param>
            <param index="1">
              <value>
                <![CDATA[repository]]>
              </value>
            </param>
            <param index="2">
              <value>
                <![CDATA[/project-d/]]>
              </value>
            </param>
            <param index="3">
              <value>
                <![CDATA[READ]]>
              </value>
            </param>
          </params>
        </test-method>
        <test-method status="PASS" signature="accessRuleCheck(java.lang.String, java.lang.String, java.lang.String, com.soebes.subversion.sapm.AccessLevel)" name="accessRuleCheck" duration-ms="2" started-at="2011-04-17T20:02:55Z" finished-at="2011-04-17T20:02:55Z">
          <params>
            <param index="0">
              <value>
                <![CDATA[jonas]]>
              </value>
            </param>
            <param index="1">
              <value>
                <![CDATA[repository]]>
              </value>
            </param>
            <param index="2">
              <value>
                <![CDATA[/project-e/]]>
              </value>
            </param>
            <param index="3">
              <value>
                <![CDATA[READ]]>
              </value>
            </param>
          </params>
        </test-method>
        <test-method status="PASS" signature="beforeMethod()" name="beforeMethod" is-config="true" duration-ms="0" started-at="2011-04-17T20:02:55Z" finished-at="2011-04-17T20:02:55Z">
        </test-method>
        <test-method status="PASS" signature="beforeMethod()" name="beforeMethod" is-config="true" duration-ms="0" started-at="2011-04-17T20:02:55Z" finished-at="2011-04-17T20:02:55Z">
        </test-method>
        <test-method status="PASS" signature="accessRuleCheck(java.lang.String, java.lang.String, java.lang.String, com.soebes.subversion.sapm.AccessLevel)" name="accessRuleCheck" duration-ms="1" started-at="2011-04-17T20:02:55Z" finished-at="2011-04-17T20:02:55Z">
          <params>
            <param index="0">
              <value>
                <![CDATA[decon]]>
              </value>
            </param>
            <param index="1">
              <value>
                <![CDATA[repository]]>
              </value>
            </param>
            <param index="2">
              <value>
                <![CDATA[/project-c/]]>
              </value>
            </param>
            <param index="3">
              <value>
                <![CDATA[READ]]>
              </value>
            </param>
          </params>
        </test-method>
        <test-method status="PASS" signature="accessRuleCheck(java.lang.String, java.lang.String, java.lang.String, com.soebes.subversion.sapm.AccessLevel)" name="accessRuleCheck" duration-ms="2" started-at="2011-04-17T20:02:55Z" finished-at="2011-04-17T20:02:55Z">
          <params>
            <param index="0">
              <value>
                <![CDATA[decon]]>
              </value>
            </param>
            <param index="1">
              <value>
                <![CDATA[repository]]>
              </value>
            </param>
            <param index="2">
              <value>
                <![CDATA[/project-d/]]>
              </value>
            </param>
            <param index="3">
              <value>
                <![CDATA[READ]]>
              </value>
            </param>
          </params>
        </test-method>
        <test-method status="PASS" signature="beforeMethod()" name="beforeMethod" is-config="true" duration-ms="0" started-at="2011-04-17T20:02:55Z" finished-at="2011-04-17T20:02:55Z">
        </test-method>
        <test-method status="PASS" signature="beforeMethod()" name="beforeMethod" is-config="true" duration-ms="0" started-at="2011-04-17T20:02:55Z" finished-at="2011-04-17T20:02:55Z">
        </test-method>
        <test-method status="PASS" signature="accessRuleCheck(java.lang.String, java.lang.String, java.lang.String, com.soebes.subversion.sapm.AccessLevel)" name="accessRuleCheck" duration-ms="1" started-at="2011-04-17T20:02:55Z" finished-at="2011-04-17T20:02:55Z">
          <params>
            <param index="0">
              <value>
                <![CDATA[decon]]>
              </value>
            </param>
            <param index="1">
              <value>
                <![CDATA[repository]]>
              </value>
            </param>
            <param index="2">
              <value>
                <![CDATA[/project-e/]]>
              </value>
            </param>
            <param index="3">
              <value>
                <![CDATA[READ]]>
              </value>
            </param>
          </params>
        </test-method>
        <test-method status="PASS" signature="accessRuleCheck(java.lang.String, java.lang.String, java.lang.String, com.soebes.subversion.sapm.AccessLevel)" name="accessRuleCheck" duration-ms="2" started-at="2011-04-17T20:02:55Z" finished-at="2011-04-17T20:02:55Z">
          <params>
            <param index="0">
              <value>
                <![CDATA[harry]]>
              </value>
            </param>
            <param index="1">
              <value>
                <![CDATA[repository]]>
              </value>
            </param>
            <param index="2">
              <value>
                <![CDATA[/project-c/trunk/]]>
              </value>
            </param>
            <param index="3">
              <value>
                <![CDATA[READ_WRITE]]>
              </value>
            </param>
          </params>
        </test-method>
        <test-method status="PASS" signature="beforeMethod()" name="beforeMethod" is-config="true" duration-ms="0" started-at="2011-04-17T20:02:55Z" finished-at="2011-04-17T20:02:55Z">
        </test-method>
        <test-method status="PASS" signature="beforeMethod()" name="beforeMethod" is-config="true" duration-ms="0" started-at="2011-04-17T20:02:55Z" finished-at="2011-04-17T20:02:55Z">
        </test-method>
        <test-method status="PASS" signature="accessRuleCheck(java.lang.String, java.lang.String, java.lang.String, com.soebes.subversion.sapm.AccessLevel)" name="accessRuleCheck" duration-ms="2" started-at="2011-04-17T20:02:55Z" finished-at="2011-04-17T20:02:55Z">
          <params>
            <param index="0">
              <value>
                <![CDATA[brian]]>
              </value>
            </param>
            <param index="1">
              <value>
                <![CDATA[repository]]>
              </value>
            </param>
            <param index="2">
              <value>
                <![CDATA[/project-c/trunk/]]>
              </value>
            </param>
            <param index="3">
              <value>
                <![CDATA[READ_WRITE]]>
              </value>
            </param>
          </params>
        </test-method>
        <test-method status="PASS" signature="accessRuleCheck(java.lang.String, java.lang.String, java.lang.String, com.soebes.subversion.sapm.AccessLevel)" name="accessRuleCheck" duration-ms="2" started-at="2011-04-17T20:02:55Z" finished-at="2011-04-17T20:02:55Z">
          <params>
            <param index="0">
              <value>
                <![CDATA[micheal]]>
              </value>
            </param>
            <param index="1">
              <value>
                <![CDATA[repository]]>
              </value>
            </param>
            <param index="2">
              <value>
                <![CDATA[/project-c/trunk/]]>
              </value>
            </param>
            <param index="3">
              <value>
                <![CDATA[READ]]>
              </value>
            </param>
          </params>
        </test-method>
        <test-method status="PASS" signature="beforeMethod()" name="beforeMethod" is-config="true" duration-ms="0" started-at="2011-04-17T20:02:55Z" finished-at="2011-04-17T20:02:55Z">
        </test-method>
        <test-method status="PASS" signature="beforeMethod()" name="beforeMethod" is-config="true" duration-ms="3" started-at="2011-04-17T20:02:55Z" finished-at="2011-04-17T20:02:55Z">
        </test-method>
        <test-method status="PASS" signature="accessRuleCheck(java.lang.String, java.lang.String, java.lang.String, com.soebes.subversion.sapm.AccessLevel)" name="accessRuleCheck" duration-ms="1" started-at="2011-04-17T20:02:55Z" finished-at="2011-04-17T20:02:55Z">
          <params>
            <param index="0">
              <value>
                <![CDATA[sally]]>
              </value>
            </param>
            <param index="1">
              <value>
                <![CDATA[repository]]>
              </value>
            </param>
            <param index="2">
              <value>
                <![CDATA[/project-c/trunk/]]>
              </value>
            </param>
            <param index="3">
              <value>
                <![CDATA[READ]]>
              </value>
            </param>
          </params>
        </test-method>
        <test-method status="PASS" signature="beforeMethod()" name="beforeMethod" is-config="true" duration-ms="0" started-at="2011-04-17T20:02:55Z" finished-at="2011-04-17T20:02:55Z">
        </test-method>
        <test-method status="PASS" signature="accessRuleCheck(java.lang.String, java.lang.String, java.lang.String, com.soebes.subversion.sapm.AccessLevel)" name="accessRuleCheck" duration-ms="2" started-at="2011-04-17T20:02:55Z" finished-at="2011-04-17T20:02:55Z">
          <params>
            <param index="0">
              <value>
                <![CDATA[jonas]]>
              </value>
            </param>
            <param index="1">
              <value>
                <![CDATA[repository]]>
              </value>
            </param>
            <param index="2">
              <value>
                <![CDATA[/project-c/trunk/]]>
              </value>
            </param>
            <param index="3">
              <value>
                <![CDATA[READ]]>
              </value>
            </param>
          </params>
        </test-method>
        <test-method status="PASS" signature="accessRuleCheck(java.lang.String, java.lang.String, java.lang.String, com.soebes.subversion.sapm.AccessLevel)" name="accessRuleCheck" duration-ms="2" started-at="2011-04-17T20:02:55Z" finished-at="2011-04-17T20:02:55Z">
          <params>
            <param index="0">
              <value>
                <![CDATA[decon]]>
              </value>
            </param>
            <param index="1">
              <value>
                <![CDATA[repository]]>
              </value>
            </param>
            <param index="2">
              <value>
                <![CDATA[/project-c/trunk/]]>
              </value>
            </param>
            <param index="3">
              <value>
                <![CDATA[READ]]>
              </value>
            </param>
          </params>
        </test-method>
        <test-method status="PASS" signature="beforeMethod()" name="beforeMethod" is-config="true" duration-ms="0" started-at="2011-04-17T20:02:55Z" finished-at="2011-04-17T20:02:55Z">
        </test-method>
        <test-method status="PASS" signature="accessRuleCheck(java.lang.String, java.lang.String, java.lang.String, com.soebes.subversion.sapm.AccessLevel)" name="accessRuleCheck" duration-ms="2" started-at="2011-04-17T20:02:55Z" finished-at="2011-04-17T20:02:55Z">
          <params>
            <param index="0">
              <value>
                <![CDATA[harry]]>
              </value>
            </param>
            <param index="1">
              <value>
                <![CDATA[repository]]>
              </value>
            </param>
            <param index="2">
              <value>
                <![CDATA[/project-d/trunk/]]>
              </value>
            </param>
            <param index="3">
              <value>
                <![CDATA[READ]]>
              </value>
            </param>
          </params>
        </test-method>
        <test-method status="PASS" signature="beforeMethod()" name="beforeMethod" is-config="true" duration-ms="0" started-at="2011-04-17T20:02:55Z" finished-at="2011-04-17T20:02:55Z">
        </test-method>
        <test-method status="PASS" signature="beforeMethod()" name="beforeMethod" is-config="true" duration-ms="0" started-at="2011-04-17T20:02:55Z" finished-at="2011-04-17T20:02:55Z">
        </test-method>
        <test-method status="PASS" signature="accessRuleCheck(java.lang.String, java.lang.String, java.lang.String, com.soebes.subversion.sapm.AccessLevel)" name="accessRuleCheck" duration-ms="2" started-at="2011-04-17T20:02:55Z" finished-at="2011-04-17T20:02:55Z">
          <params>
            <param index="0">
              <value>
                <![CDATA[brian]]>
              </value>
            </param>
            <param index="1">
              <value>
                <![CDATA[repository]]>
              </value>
            </param>
            <param index="2">
              <value>
                <![CDATA[/project-d/trunk/]]>
              </value>
            </param>
            <param index="3">
              <value>
                <![CDATA[READ]]>
              </value>
            </param>
          </params>
        </test-method>
        <test-method status="PASS" signature="beforeMethod()" name="beforeMethod" is-config="true" duration-ms="1" started-at="2011-04-17T20:02:55Z" finished-at="2011-04-17T20:02:55Z">
        </test-method>
        <test-method status="PASS" signature="accessRuleCheck(java.lang.String, java.lang.String, java.lang.String, com.soebes.subversion.sapm.AccessLevel)" name="accessRuleCheck" duration-ms="2" started-at="2011-04-17T20:02:55Z" finished-at="2011-04-17T20:02:55Z">
          <params>
            <param index="0">
              <value>
                <![CDATA[michael]]>
              </value>
            </param>
            <param index="1">
              <value>
                <![CDATA[repository]]>
              </value>
            </param>
            <param index="2">
              <value>
                <![CDATA[/project-d/trunk/]]>
              </value>
            </param>
            <param index="3">
              <value>
                <![CDATA[READ_WRITE]]>
              </value>
            </param>
          </params>
        </test-method>
        <test-method status="PASS" signature="beforeMethod()" name="beforeMethod" is-config="true" duration-ms="0" started-at="2011-04-17T20:02:55Z" finished-at="2011-04-17T20:02:55Z">
        </test-method>
        <test-method status="PASS" signature="accessRuleCheck(java.lang.String, java.lang.String, java.lang.String, com.soebes.subversion.sapm.AccessLevel)" name="accessRuleCheck" duration-ms="2" started-at="2011-04-17T20:02:55Z" finished-at="2011-04-17T20:02:55Z">
          <params>
            <param index="0">
              <value>
                <![CDATA[sally]]>
              </value>
            </param>
            <param index="1">
              <value>
                <![CDATA[repository]]>
              </value>
            </param>
            <param index="2">
              <value>
                <![CDATA[/project-d/trunk/]]>
              </value>
            </param>
            <param index="3">
              <value>
                <![CDATA[READ_WRITE]]>
              </value>
            </param>
          </params>
        </test-method>
        <test-method status="PASS" signature="beforeMethod()" name="beforeMethod" is-config="true" duration-ms="0" started-at="2011-04-17T20:02:55Z" finished-at="2011-04-17T20:02:55Z">
        </test-method>
        <test-method status="PASS" signature="accessRuleCheck(java.lang.String, java.lang.String, java.lang.String, com.soebes.subversion.sapm.AccessLevel)" name="accessRuleCheck" duration-ms="2" started-at="2011-04-17T20:02:55Z" finished-at="2011-04-17T20:02:55Z">
          <params>
            <param index="0">
              <value>
                <![CDATA[jonas]]>
              </value>
            </param>
            <param index="1">
              <value>
                <![CDATA[repository]]>
              </value>
            </param>
            <param index="2">
              <value>
                <![CDATA[/project-d/trunk/]]>
              </value>
            </param>
            <param index="3">
              <value>
                <![CDATA[READ]]>
              </value>
            </param>
          </params>
        </test-method>
        <test-method status="PASS" signature="accessRuleCheck(java.lang.String, java.lang.String, java.lang.String, com.soebes.subversion.sapm.AccessLevel)" name="accessRuleCheck" duration-ms="2" started-at="2011-04-17T20:02:55Z" finished-at="2011-04-17T20:02:55Z">
          <params>
            <param index="0">
              <value>
                <![CDATA[decon]]>
              </value>
            </param>
            <param index="1">
              <value>
                <![CDATA[repository]]>
              </value>
            </param>
            <param index="2">
              <value>
                <![CDATA[/project-d/trunk/]]>
              </value>
            </param>
            <param index="3">
              <value>
                <![CDATA[READ]]>
              </value>
            </param>
          </params>
        </test-method>
        <test-method status="PASS" signature="beforeMethod()" name="beforeMethod" is-config="true" duration-ms="0" started-at="2011-04-17T20:02:55Z" finished-at="2011-04-17T20:02:55Z">
        </test-method>
        <test-method status="PASS" signature="accessRuleCheck(java.lang.String, java.lang.String, java.lang.String, com.soebes.subversion.sapm.AccessLevel)" name="accessRuleCheck" duration-ms="3" started-at="2011-04-17T20:02:55Z" finished-at="2011-04-17T20:02:55Z">
          <params>
            <param index="0">
              <value>
                <![CDATA[harry]]>
              </value>
            </param>
            <param index="1">
              <value>
                <![CDATA[repository]]>
              </value>
            </param>
            <param index="2">
              <value>
                <![CDATA[/project-e/trunk/]]>
              </value>
            </param>
            <param index="3">
              <value>
                <![CDATA[READ]]>
              </value>
            </param>
          </params>
        </test-method>
        <test-method status="PASS" signature="beforeMethod()" name="beforeMethod" is-config="true" duration-ms="0" started-at="2011-04-17T20:02:55Z" finished-at="2011-04-17T20:02:55Z">
        </test-method>
        <test-method status="PASS" signature="beforeMethod()" name="beforeMethod" is-config="true" duration-ms="0" started-at="2011-04-17T20:02:55Z" finished-at="2011-04-17T20:02:55Z">
        </test-method>
        <test-method status="PASS" signature="accessRuleCheck(java.lang.String, java.lang.String, java.lang.String, com.soebes.subversion.sapm.AccessLevel)" name="accessRuleCheck" duration-ms="2" started-at="2011-04-17T20:02:55Z" finished-at="2011-04-17T20:02:55Z">
          <params>
            <param index="0">
              <value>
                <![CDATA[brian]]>
              </value>
            </param>
            <param index="1">
              <value>
                <![CDATA[repository]]>
              </value>
            </param>
            <param index="2">
              <value>
                <![CDATA[/project-e/trunk/]]>
              </value>
            </param>
            <param index="3">
              <value>
                <![CDATA[READ]]>
              </value>
            </param>
          </params>
        </test-method>
        <test-method status="PASS" signature="beforeMethod()" name="beforeMethod" is-config="true" duration-ms="0" started-at="2011-04-17T20:02:55Z" finished-at="2011-04-17T20:02:55Z">
        </test-method>
        <test-method status="PASS" signature="accessRuleCheck(java.lang.String, java.lang.String, java.lang.String, com.soebes.subversion.sapm.AccessLevel)" name="accessRuleCheck" duration-ms="3" started-at="2011-04-17T20:02:55Z" finished-at="2011-04-17T20:02:55Z">
          <params>
            <param index="0">
              <value>
                <![CDATA[michael]]>
              </value>
            </param>
            <param index="1">
              <value>
                <![CDATA[repository]]>
              </value>
            </param>
            <param index="2">
              <value>
                <![CDATA[/project-e/trunk/]]>
              </value>
            </param>
            <param index="3">
              <value>
                <![CDATA[READ]]>
              </value>
            </param>
          </params>
        </test-method>
        <test-method status="PASS" signature="accessRuleCheck(java.lang.String, java.lang.String, java.lang.String, com.soebes.subversion.sapm.AccessLevel)" name="accessRuleCheck" duration-ms="3" started-at="2011-04-17T20:02:55Z" finished-at="2011-04-17T20:02:55Z">
          <params>
            <param index="0">
              <value>
                <![CDATA[sally]]>
              </value>
            </param>
            <param index="1">
              <value>
                <![CDATA[repository]]>
              </value>
            </param>
            <param index="2">
              <value>
                <![CDATA[/project-e/trunk/]]>
              </value>
            </param>
            <param index="3">
              <value>
                <![CDATA[READ]]>
              </value>
            </param>
          </params>
        </test-method>
        <test-method status="PASS" signature="beforeMethod()" name="beforeMethod" is-config="true" duration-ms="0" started-at="2011-04-17T20:02:55Z" finished-at="2011-04-17T20:02:55Z">
        </test-method>
        <test-method status="PASS" signature="beforeMethod()" name="beforeMethod" is-config="true" duration-ms="0" started-at="2011-04-17T20:02:55Z" finished-at="2011-04-17T20:02:55Z">
        </test-method>
        <test-method status="PASS" signature="accessRuleCheck(java.lang.String, java.lang.String, java.lang.String, com.soebes.subversion.sapm.AccessLevel)" name="accessRuleCheck" duration-ms="2" started-at="2011-04-17T20:02:55Z" finished-at="2011-04-17T20:02:55Z">
          <params>
            <param index="0">
              <value>
                <![CDATA[jonas]]>
              </value>
            </param>
            <param index="1">
              <value>
                <![CDATA[repository]]>
              </value>
            </param>
            <param index="2">
              <value>
                <![CDATA[/project-e/trunk/]]>
              </value>
            </param>
            <param index="3">
              <value>
                <![CDATA[READ_WRITE]]>
              </value>
            </param>
          </params>
        </test-method>
        <test-method status="PASS" signature="accessRuleCheck(java.lang.String, java.lang.String, java.lang.String, com.soebes.subversion.sapm.AccessLevel)" name="accessRuleCheck" duration-ms="2" started-at="2011-04-17T20:02:55Z" finished-at="2011-04-17T20:02:55Z">
          <params>
            <param index="0">
              <value>
                <![CDATA[decon]]>
              </value>
            </param>
            <param index="1">
              <value>
                <![CDATA[repository]]>
              </value>
            </param>
            <param index="2">
              <value>
                <![CDATA[/project-e/trunk/]]>
              </value>
            </param>
            <param index="3">
              <value>
                <![CDATA[READ]]>
              </value>
            </param>
          </params>
        </test-method>
        <test-method status="PASS" signature="beforeMethod()" name="beforeMethod" is-config="true" duration-ms="0" started-at="2011-04-17T20:02:55Z" finished-at="2011-04-17T20:02:55Z">
        </test-method>
        <test-method status="PASS" signature="beforeMethod()" name="beforeMethod" is-config="true" duration-ms="1" started-at="2011-04-17T20:02:55Z" finished-at="2011-04-17T20:02:55Z">
        </test-method>
        <test-method status="PASS" signature="accessRuleCheck(java.lang.String, java.lang.String, java.lang.String, com.soebes.subversion.sapm.AccessLevel)" name="accessRuleCheck" duration-ms="2" started-at="2011-04-17T20:02:55Z" finished-at="2011-04-17T20:02:55Z">
          <params>
            <param index="0">
              <value>
                <![CDATA[harry]]>
              </value>
            </param>
            <param index="1">
              <value>
                <![CDATA[global]]>
              </value>
            </param>
            <param index="2">
              <value>
                <![CDATA[/project/trunk/]]>
              </value>
            </param>
            <param index="3">
              <value>
                <![CDATA[READ_WRITE]]>
              </value>
            </param>
          </params>
        </test-method>
        <test-method status="PASS" signature="accessRuleCheck(java.lang.String, java.lang.String, java.lang.String, com.soebes.subversion.sapm.AccessLevel)" name="accessRuleCheck" duration-ms="3" started-at="2011-04-17T20:02:55Z" finished-at="2011-04-17T20:02:56Z">
          <params>
            <param index="0">
              <value>
                <![CDATA[brian]]>
              </value>
            </param>
            <param index="1">
              <value>
                <![CDATA[global]]>
              </value>
            </param>
            <param index="2">
              <value>
                <![CDATA[/project/trunk/]]>
              </value>
            </param>
            <param index="3">
              <value>
                <![CDATA[READ_WRITE]]>
              </value>
            </param>
          </params>
        </test-method>
        <test-method status="PASS" signature="beforeMethod()" name="beforeMethod" is-config="true" duration-ms="0" started-at="2011-04-17T20:02:55Z" finished-at="2011-04-17T20:02:55Z">
        </test-method>
        <test-method status="PASS" signature="beforeMethod()" name="beforeMethod" is-config="true" duration-ms="1" started-at="2011-04-17T20:02:56Z" finished-at="2011-04-17T20:02:56Z">
        </test-method>
        <test-method status="PASS" signature="accessRuleCheck(java.lang.String, java.lang.String, java.lang.String, com.soebes.subversion.sapm.AccessLevel)" name="accessRuleCheck" duration-ms="3" started-at="2011-04-17T20:02:56Z" finished-at="2011-04-17T20:02:56Z">
          <params>
            <param index="0">
              <value>
                <![CDATA[michael]]>
              </value>
            </param>
            <param index="1">
              <value>
                <![CDATA[global]]>
              </value>
            </param>
            <param index="2">
              <value>
                <![CDATA[/project/trunk/]]>
              </value>
            </param>
            <param index="3">
              <value>
                <![CDATA[READ_WRITE]]>
              </value>
            </param>
          </params>
        </test-method>
        <test-method status="PASS" signature="accessRuleCheck(java.lang.String, java.lang.String, java.lang.String, com.soebes.subversion.sapm.AccessLevel)" name="accessRuleCheck" duration-ms="3" started-at="2011-04-17T20:02:56Z" finished-at="2011-04-17T20:02:56Z">
          <params>
            <param index="0">
              <value>
                <![CDATA[sally]]>
              </value>
            </param>
            <param index="1">
              <value>
                <![CDATA[global]]>
              </value>
            </param>
            <param index="2">
              <value>
                <![CDATA[/project/trunk/]]>
              </value>
            </param>
            <param index="3">
              <value>
                <![CDATA[READ_WRITE]]>
              </value>
            </param>
          </params>
        </test-method>
        <test-method status="PASS" signature="beforeMethod()" name="beforeMethod" is-config="true" duration-ms="0" started-at="2011-04-17T20:02:56Z" finished-at="2011-04-17T20:02:56Z">
        </test-method>
        <test-method status="PASS" signature="beforeMethod()" name="beforeMethod" is-config="true" duration-ms="0" started-at="2011-04-17T20:02:56Z" finished-at="2011-04-17T20:02:56Z">
        </test-method>
        <test-method status="PASS" signature="accessRuleCheck(java.lang.String, java.lang.String, java.lang.String, com.soebes.subversion.sapm.AccessLevel)" name="accessRuleCheck" duration-ms="3" started-at="2011-04-17T20:02:56Z" finished-at="2011-04-17T20:02:56Z">
          <params>
            <param index="0">
              <value>
                <![CDATA[jonas]]>
              </value>
            </param>
            <param index="1">
              <value>
                <![CDATA[global]]>
              </value>
            </param>
            <param index="2">
              <value>
                <![CDATA[/project/trunk/]]>
              </value>
            </param>
            <param index="3">
              <value>
                <![CDATA[READ_WRITE]]>
              </value>
            </param>
          </params>
        </test-method>
        <test-method status="PASS" signature="accessRuleCheck(java.lang.String, java.lang.String, java.lang.String, com.soebes.subversion.sapm.AccessLevel)" name="accessRuleCheck" duration-ms="3" started-at="2011-04-17T20:02:56Z" finished-at="2011-04-17T20:02:56Z">
          <params>
            <param index="0">
              <value>
                <![CDATA[decon]]>
              </value>
            </param>
            <param index="1">
              <value>
                <![CDATA[global]]>
              </value>
            </param>
            <param index="2">
              <value>
                <![CDATA[/project/trunk/]]>
              </value>
            </param>
            <param index="3">
              <value>
                <![CDATA[READ]]>
              </value>
            </param>
          </params>
        </test-method>
        <test-method status="PASS" signature="beforeMethod()" name="beforeMethod" is-config="true" duration-ms="0" started-at="2011-04-17T20:02:56Z" finished-at="2011-04-17T20:02:56Z">
        </test-method>
        <test-method status="PASS" signature="beforeMethod()" name="beforeMethod" is-config="true" duration-ms="0" started-at="2011-04-17T20:02:56Z" finished-at="2011-04-17T20:02:56Z">
        </test-method>
        <test-method status="PASS" signature="accessRuleCheck(java.lang.String, java.lang.String, java.lang.String, com.soebes.subversion.sapm.AccessLevel)" name="accessRuleCheck" duration-ms="2" started-at="2011-04-17T20:02:56Z" finished-at="2011-04-17T20:02:56Z">
          <params>
            <param index="0">
              <value>
                <![CDATA[harry]]>
              </value>
            </param>
            <param index="1">
              <value>
                <![CDATA[global]]>
              </value>
            </param>
            <param index="2">
              <value>
                <![CDATA[/project/]]>
              </value>
            </param>
            <param index="3">
              <value>
                <![CDATA[READ]]>
              </value>
            </param>
          </params>
        </test-method>
        <test-method status="PASS" signature="beforeMethod()" name="beforeMethod" is-config="true" duration-ms="1" started-at="2011-04-17T20:02:56Z" finished-at="2011-04-17T20:02:56Z">
        </test-method>
        <test-method status="PASS" signature="accessRuleCheck(java.lang.String, java.lang.String, java.lang.String, com.soebes.subversion.sapm.AccessLevel)" name="accessRuleCheck" duration-ms="2" started-at="2011-04-17T20:02:56Z" finished-at="2011-04-17T20:02:56Z">
          <params>
            <param index="0">
              <value>
                <![CDATA[brian]]>
              </value>
            </param>
            <param index="1">
              <value>
                <![CDATA[global]]>
              </value>
            </param>
            <param index="2">
              <value>
                <![CDATA[/project/]]>
              </value>
            </param>
            <param index="3">
              <value>
                <![CDATA[READ]]>
              </value>
            </param>
          </params>
        </test-method>
        <test-method status="PASS" signature="accessRuleCheck(java.lang.String, java.lang.String, java.lang.String, com.soebes.subversion.sapm.AccessLevel)" name="accessRuleCheck" duration-ms="3" started-at="2011-04-17T20:02:56Z" finished-at="2011-04-17T20:02:56Z">
          <params>
            <param index="0">
              <value>
                <![CDATA[michael]]>
              </value>
            </param>
            <param index="1">
              <value>
                <![CDATA[global]]>
              </value>
            </param>
            <param index="2">
              <value>
                <![CDATA[/project/]]>
              </value>
            </param>
            <param index="3">
              <value>
                <![CDATA[READ]]>
              </value>
            </param>
          </params>
        </test-method>
        <test-method status="PASS" signature="beforeMethod()" name="beforeMethod" is-config="true" duration-ms="0" started-at="2011-04-17T20:02:56Z" finished-at="2011-04-17T20:02:56Z">
        </test-method>
        <test-method status="PASS" signature="beforeMethod()" name="beforeMethod" is-config="true" duration-ms="0" started-at="2011-04-17T20:02:56Z" finished-at="2011-04-17T20:02:56Z">
        </test-method>
        <test-method status="PASS" signature="accessRuleCheck(java.lang.String, java.lang.String, java.lang.String, com.soebes.subversion.sapm.AccessLevel)" name="accessRuleCheck" duration-ms="2" started-at="2011-04-17T20:02:56Z" finished-at="2011-04-17T20:02:56Z">
          <params>
            <param index="0">
              <value>
                <![CDATA[sally]]>
              </value>
            </param>
            <param index="1">
              <value>
                <![CDATA[global]]>
              </value>
            </param>
            <param index="2">
              <value>
                <![CDATA[/project/]]>
              </value>
            </param>
            <param index="3">
              <value>
                <![CDATA[READ]]>
              </value>
            </param>
          </params>
        </test-method>
        <test-method status="PASS" signature="accessRuleCheck(java.lang.String, java.lang.String, java.lang.String, com.soebes.subversion.sapm.AccessLevel)" name="accessRuleCheck" duration-ms="2" started-at="2011-04-17T20:02:56Z" finished-at="2011-04-17T20:02:56Z">
          <params>
            <param index="0">
              <value>
                <![CDATA[jonas]]>
              </value>
            </param>
            <param index="1">
              <value>
                <![CDATA[global]]>
              </value>
            </param>
            <param index="2">
              <value>
                <![CDATA[/project/]]>
              </value>
            </param>
            <param index="3">
              <value>
                <![CDATA[READ]]>
              </value>
            </param>
          </params>
        </test-method>
        <test-method status="PASS" signature="beforeMethod()" name="beforeMethod" is-config="true" duration-ms="0" started-at="2011-04-17T20:02:56Z" finished-at="2011-04-17T20:02:56Z">
        </test-method>
        <test-method status="PASS" signature="accessRuleCheck(java.lang.String, java.lang.String, java.lang.String, com.soebes.subversion.sapm.AccessLevel)" name="accessRuleCheck" duration-ms="2" started-at="2011-04-17T20:02:56Z" finished-at="2011-04-17T20:02:56Z">
          <params>
            <param index="0">
              <value>
                <![CDATA[decon]]>
              </value>
            </param>
            <param index="1">
              <value>
                <![CDATA[global]]>
              </value>
            </param>
            <param index="2">
              <value>
                <![CDATA[/project/]]>
              </value>
            </param>
            <param index="3">
              <value>
                <![CDATA[READ]]>
              </value>
            </param>
          </params>
        </test-method>
        <test-method status="PASS" signature="beforeMethod()" name="beforeMethod" is-config="true" duration-ms="0" started-at="2011-04-17T20:02:56Z" finished-at="2011-04-17T20:02:56Z">
        </test-method>
      </class>
      <class name="com.soebes.subversion.sapm.AuthorizationFileSaveTest">
        <test-method status="PASS" signature="createRulesForSave()" name="createRulesForSave" duration-ms="0" started-at="2011-04-17T20:02:56Z" finished-at="2011-04-17T20:02:56Z">
        </test-method>
      </class>
      <class name="com.soebes.subversion.sapm.AccessRulesDerivingPermissionsTest">
        <test-method status="PASS" signature="beforeMethod()" name="beforeMethod" is-config="true" duration-ms="1" started-at="2011-04-17T20:02:55Z" finished-at="2011-04-17T20:02:55Z">
        </test-method>
        <test-method status="PASS" signature="beforeMethod()" name="beforeMethod" is-config="true" duration-ms="0" started-at="2011-04-17T20:02:55Z" finished-at="2011-04-17T20:02:55Z">
        </test-method>
        <test-method status="PASS" signature="accessRuleCheck(java.lang.String, java.lang.String, java.lang.String, com.soebes.subversion.sapm.AccessLevel)" name="accessRuleCheck" duration-ms="0" started-at="2011-04-17T20:02:55Z" finished-at="2011-04-17T20:02:55Z">
          <params>
            <param index="0">
              <value>
                <![CDATA[harry]]>
              </value>
            </param>
            <param index="1">
              <value>
                <![CDATA[repository]]>
              </value>
            </param>
            <param index="2">
              <value>
                <![CDATA[/]]>
              </value>
            </param>
            <param index="3">
              <value>
                <![CDATA[NOTHING]]>
              </value>
            </param>
          </params>
        </test-method>
        <test-method status="PASS" signature="beforeMethod()" name="beforeMethod" is-config="true" duration-ms="0" started-at="2011-04-17T20:02:55Z" finished-at="2011-04-17T20:02:55Z">
        </test-method>
        <test-method status="PASS" signature="accessRuleCheck(java.lang.String, java.lang.String, java.lang.String, com.soebes.subversion.sapm.AccessLevel)" name="accessRuleCheck" duration-ms="0" started-at="2011-04-17T20:02:55Z" finished-at="2011-04-17T20:02:55Z">
          <params>
            <param index="0">
              <value>
                <![CDATA[sally]]>
              </value>
            </param>
            <param index="1">
              <value>
                <![CDATA[repository]]>
              </value>
            </param>
            <param index="2">
              <value>
                <![CDATA[/test/trunk/src/xyz.java]]>
              </value>
            </param>
            <param index="3">
              <value>
                <![CDATA[NOTHING]]>
              </value>
            </param>
          </params>
        </test-method>
        <test-method status="PASS" signature="beforeMethod()" name="beforeMethod" is-config="true" duration-ms="0" started-at="2011-04-17T20:02:55Z" finished-at="2011-04-17T20:02:55Z">
        </test-method>
        <test-method status="PASS" signature="accessRuleCheck(java.lang.String, java.lang.String, java.lang.String, com.soebes.subversion.sapm.AccessLevel)" name="accessRuleCheck" duration-ms="0" started-at="2011-04-17T20:02:55Z" finished-at="2011-04-17T20:02:55Z">
          <params>
            <param index="0">
              <value>
                <![CDATA[brian]]>
              </value>
            </param>
            <param index="1">
              <value>
                <![CDATA[repository]]>
              </value>
            </param>
            <param index="2">
              <value>
                <![CDATA[/test/]]>
              </value>
            </param>
            <param index="3">
              <value>
                <![CDATA[NOTHING]]>
              </value>
            </param>
          </params>
        </test-method>
        <test-method status="PASS" signature="beforeMethod()" name="beforeMethod" is-config="true" duration-ms="1" started-at="2011-04-17T20:02:55Z" finished-at="2011-04-17T20:02:55Z">
        </test-method>
        <test-method status="PASS" signature="accessRuleCheck(java.lang.String, java.lang.String, java.lang.String, com.soebes.subversion.sapm.AccessLevel)" name="accessRuleCheck" duration-ms="0" started-at="2011-04-17T20:02:55Z" finished-at="2011-04-17T20:02:55Z">
          <params>
            <param index="0">
              <value>
                <![CDATA[michael]]>
              </value>
            </param>
            <param index="1">
              <value>
                <![CDATA[repository]]>
              </value>
            </param>
            <param index="2">
              <value>
                <![CDATA[/test/]]>
              </value>
            </param>
            <param index="3">
              <value>
                <![CDATA[NOTHING]]>
              </value>
            </param>
          </params>
        </test-method>
        <test-method status="PASS" signature="accessRuleCheck(java.lang.String, java.lang.String, java.lang.String, com.soebes.subversion.sapm.AccessLevel)" name="accessRuleCheck" duration-ms="0" started-at="2011-04-17T20:02:55Z" finished-at="2011-04-17T20:02:55Z">
          <params>
            <param index="0">
              <value>
                <![CDATA[sally]]>
              </value>
            </param>
            <param index="1">
              <value>
                <![CDATA[repository]]>
              </value>
            </param>
            <param index="2">
              <value>
                <![CDATA[/test/trunk/]]>
              </value>
            </param>
            <param index="3">
              <value>
                <![CDATA[NOTHING]]>
              </value>
            </param>
          </params>
        </test-method>
        <test-method status="PASS" signature="beforeMethod()" name="beforeMethod" is-config="true" duration-ms="0" started-at="2011-04-17T20:02:55Z" finished-at="2011-04-17T20:02:55Z">
        </test-method>
        <test-method status="PASS" signature="beforeMethod()" name="beforeMethod" is-config="true" duration-ms="0" started-at="2011-04-17T20:02:55Z" finished-at="2011-04-17T20:02:55Z">
        </test-method>
        <test-method status="PASS" signature="accessRuleCheck(java.lang.String, java.lang.String, java.lang.String, com.soebes.subversion.sapm.AccessLevel)" name="accessRuleCheck" duration-ms="0" started-at="2011-04-17T20:02:55Z" finished-at="2011-04-17T20:02:55Z">
          <params>
            <param index="0">
              <value>
                <![CDATA[harry]]>
              </value>
            </param>
            <param index="1">
              <value>
                <![CDATA[different]]>
              </value>
            </param>
            <param index="2">
              <value>
                <![CDATA[/test/trunk/]]>
              </value>
            </param>
            <param index="3">
              <value>
                <![CDATA[NOTHING]]>
              </value>
            </param>
          </params>
        </test-method>
        <test-method status="PASS" signature="accessRuleCheck(java.lang.String, java.lang.String, java.lang.String, com.soebes.subversion.sapm.AccessLevel)" name="accessRuleCheck" duration-ms="0" started-at="2011-04-17T20:02:55Z" finished-at="2011-04-17T20:02:55Z">
          <params>
            <param index="0">
              <value>
                <![CDATA[michael]]>
              </value>
            </param>
            <param index="1">
              <value>
                <![CDATA[different]]>
              </value>
            </param>
            <param index="2">
              <value>
                <![CDATA[/test/trunk/]]>
              </value>
            </param>
            <param index="3">
              <value>
                <![CDATA[NOTHING]]>
              </value>
            </param>
          </params>
        </test-method>
        <test-method status="PASS" signature="accessRuleCheck(java.lang.String, java.lang.String, java.lang.String, com.soebes.subversion.sapm.AccessLevel)" name="accessRuleCheck" duration-ms="0" started-at="2011-04-17T20:02:55Z" finished-at="2011-04-17T20:02:55Z">
          <params>
            <param index="0">
              <value>
                <![CDATA[brian]]>
              </value>
            </param>
            <param index="1">
              <value>
                <![CDATA[different]]>
              </value>
            </param>
            <param index="2">
              <value>
                <![CDATA[/test/trunk/]]>
              </value>
            </param>
            <param index="3">
              <value>
                <![CDATA[NOTHING]]>
              </value>
            </param>
          </params>
        </test-method>
        <test-method status="PASS" signature="beforeMethod()" name="beforeMethod" is-config="true" duration-ms="0" started-at="2011-04-17T20:02:55Z" finished-at="2011-04-17T20:02:55Z">
        </test-method>
        <test-method status="PASS" signature="beforeMethod()" name="beforeMethod" is-config="true" duration-ms="0" started-at="2011-04-17T20:02:55Z" finished-at="2011-04-17T20:02:55Z">
        </test-method>
        <test-method status="PASS" signature="accessRuleCheck(java.lang.String, java.lang.String, java.lang.String, com.soebes.subversion.sapm.AccessLevel)" name="accessRuleCheck" duration-ms="1" started-at="2011-04-17T20:02:55Z" finished-at="2011-04-17T20:02:55Z">
          <params>
            <param index="0">
              <value>
                <![CDATA[harry]]>
              </value>
            </param>
            <param index="1">
              <value>
                <![CDATA[repository]]>
              </value>
            </param>
            <param index="2">
              <value>
                <![CDATA[/test/trunk/src/]]>
              </value>
            </param>
            <param index="3">
              <value>
                <![CDATA[READ]]>
              </value>
            </param>
          </params>
        </test-method>
        <test-method status="PASS" signature="beforeMethod()" name="beforeMethod" is-config="true" duration-ms="0" started-at="2011-04-17T20:02:55Z" finished-at="2011-04-17T20:02:55Z">
        </test-method>
        <test-method status="PASS" signature="accessRuleCheck(java.lang.String, java.lang.String, java.lang.String, com.soebes.subversion.sapm.AccessLevel)" name="accessRuleCheck" duration-ms="0" started-at="2011-04-17T20:02:55Z" finished-at="2011-04-17T20:02:55Z">
          <params>
            <param index="0">
              <value>
                <![CDATA[harry]]>
              </value>
            </param>
            <param index="1">
              <value>
                <![CDATA[repository]]>
              </value>
            </param>
            <param index="2">
              <value>
                <![CDATA[/test/trunk/]]>
              </value>
            </param>
            <param index="3">
              <value>
                <![CDATA[READ]]>
              </value>
            </param>
          </params>
        </test-method>
        <test-method status="PASS" signature="accessRuleCheck(java.lang.String, java.lang.String, java.lang.String, com.soebes.subversion.sapm.AccessLevel)" name="accessRuleCheck" duration-ms="0" started-at="2011-04-17T20:02:55Z" finished-at="2011-04-17T20:02:55Z">
          <params>
            <param index="0">
              <value>
                <![CDATA[harry]]>
              </value>
            </param>
            <param index="1">
              <value>
                <![CDATA[repository]]>
              </value>
            </param>
            <param index="2">
              <value>
                <![CDATA[/test/trunk/src/CHANGELOG]]>
              </value>
            </param>
            <param index="3">
              <value>
                <![CDATA[READ]]>
              </value>
            </param>
          </params>
        </test-method>
        <test-method status="PASS" signature="beforeMethod()" name="beforeMethod" is-config="true" duration-ms="1" started-at="2011-04-17T20:02:55Z" finished-at="2011-04-17T20:02:55Z">
        </test-method>
        <test-method status="PASS" signature="beforeMethod()" name="beforeMethod" is-config="true" duration-ms="0" started-at="2011-04-17T20:02:55Z" finished-at="2011-04-17T20:02:55Z">
        </test-method>
        <test-method status="PASS" signature="accessRuleCheck(java.lang.String, java.lang.String, java.lang.String, com.soebes.subversion.sapm.AccessLevel)" name="accessRuleCheck" duration-ms="0" started-at="2011-04-17T20:02:55Z" finished-at="2011-04-17T20:02:55Z">
          <params>
            <param index="0">
              <value>
                <![CDATA[harry]]>
              </value>
            </param>
            <param index="1">
              <value>
                <![CDATA[repository]]>
              </value>
            </param>
            <param index="2">
              <value>
                <![CDATA[/test/trunk/src/xyz.java]]>
              </value>
            </param>
            <param index="3">
              <value>
                <![CDATA[READ]]>
              </value>
            </param>
          </params>
        </test-method>
        <test-method status="PASS" signature="beforeMethod()" name="beforeMethod" is-config="true" duration-ms="0" started-at="2011-04-17T20:02:55Z" finished-at="2011-04-17T20:02:55Z">
        </test-method>
        <test-method status="PASS" signature="accessRuleCheck(java.lang.String, java.lang.String, java.lang.String, com.soebes.subversion.sapm.AccessLevel)" name="accessRuleCheck" duration-ms="0" started-at="2011-04-17T20:02:55Z" finished-at="2011-04-17T20:02:55Z">
          <params>
            <param index="0">
              <value>
                <![CDATA[brian]]>
              </value>
            </param>
            <param index="1">
              <value>
                <![CDATA[repository]]>
              </value>
            </param>
            <param index="2">
              <value>
                <![CDATA[/test/trunk/]]>
              </value>
            </param>
            <param index="3">
              <value>
                <![CDATA[READ]]>
              </value>
            </param>
          </params>
        </test-method>
        <test-method status="PASS" signature="beforeMethod()" name="beforeMethod" is-config="true" duration-ms="0" started-at="2011-04-17T20:02:55Z" finished-at="2011-04-17T20:02:55Z">
        </test-method>
        <test-method status="PASS" signature="beforeMethod()" name="beforeMethod" is-config="true" duration-ms="0" started-at="2011-04-17T20:02:55Z" finished-at="2011-04-17T20:02:55Z">
        </test-method>
        <test-method status="PASS" signature="accessRuleCheck(java.lang.String, java.lang.String, java.lang.String, com.soebes.subversion.sapm.AccessLevel)" name="accessRuleCheck" duration-ms="0" started-at="2011-04-17T20:02:55Z" finished-at="2011-04-17T20:02:55Z">
          <params>
            <param index="0">
              <value>
                <![CDATA[brian]]>
              </value>
            </param>
            <param index="1">
              <value>
                <![CDATA[repository]]>
              </value>
            </param>
            <param index="2">
              <value>
                <![CDATA[/test/trunk/src/xyz.java]]>
              </value>
            </param>
            <param index="3">
              <value>
                <![CDATA[READ]]>
              </value>
            </param>
          </params>
        </test-method>
        <test-method status="PASS" signature="accessRuleCheck(java.lang.String, java.lang.String, java.lang.String, com.soebes.subversion.sapm.AccessLevel)" name="accessRuleCheck" duration-ms="0" started-at="2011-04-17T20:02:55Z" finished-at="2011-04-17T20:02:55Z">
          <params>
            <param index="0">
              <value>
                <![CDATA[brian]]>
              </value>
            </param>
            <param index="1">
              <value>
                <![CDATA[repository]]>
              </value>
            </param>
            <param index="2">
              <value>
                <![CDATA[/test/]]>
              </value>
            </param>
            <param index="3">
              <value>
                <![CDATA[NOTHING]]>
              </value>
            </param>
          </params>
        </test-method>
        <test-method status="PASS" signature="accessRuleCheck(java.lang.String, java.lang.String, java.lang.String, com.soebes.subversion.sapm.AccessLevel)" name="accessRuleCheck" duration-ms="1" started-at="2011-04-17T20:02:55Z" finished-at="2011-04-17T20:02:55Z">
          <params>
            <param index="0">
              <value>
                <![CDATA[brian]]>
              </value>
            </param>
            <param index="1">
              <value>
                <![CDATA[repository]]>
              </value>
            </param>
            <param index="2">
              <value>
                <![CDATA[/test/trunk/src/CHANGELOG]]>
              </value>
            </param>
            <param index="3">
              <value>
                <![CDATA[READ]]>
              </value>
            </param>
          </params>
        </test-method>
        <test-method status="PASS" signature="beforeMethod()" name="beforeMethod" is-config="true" duration-ms="0" started-at="2011-04-17T20:02:55Z" finished-at="2011-04-17T20:02:55Z">
        </test-method>
        <test-method status="PASS" signature="beforeMethod()" name="beforeMethod" is-config="true" duration-ms="0" started-at="2011-04-17T20:02:55Z" finished-at="2011-04-17T20:02:55Z">
        </test-method>
        <test-method status="PASS" signature="accessRuleCheck(java.lang.String, java.lang.String, java.lang.String, com.soebes.subversion.sapm.AccessLevel)" name="accessRuleCheck" duration-ms="1" started-at="2011-04-17T20:02:55Z" finished-at="2011-04-17T20:02:55Z">
          <params>
            <param index="0">
              <value>
                <![CDATA[michael]]>
              </value>
            </param>
            <param index="1">
              <value>
                <![CDATA[repository]]>
              </value>
            </param>
            <param index="2">
              <value>
                <![CDATA[/test/trunk/]]>
              </value>
            </param>
            <param index="3">
              <value>
                <![CDATA[READ_WRITE]]>
              </value>
            </param>
          </params>
        </test-method>
        <test-method status="PASS" signature="accessRuleCheck(java.lang.String, java.lang.String, java.lang.String, com.soebes.subversion.sapm.AccessLevel)" name="accessRuleCheck" duration-ms="0" started-at="2011-04-17T20:02:55Z" finished-at="2011-04-17T20:02:55Z">
          <params>
            <param index="0">
              <value>
                <![CDATA[michael]]>
              </value>
            </param>
            <param index="1">
              <value>
                <![CDATA[repository]]>
              </value>
            </param>
            <param index="2">
              <value>
                <![CDATA[/test/trunk/src/]]>
              </value>
            </param>
            <param index="3">
              <value>
                <![CDATA[READ_WRITE]]>
              </value>
            </param>
          </params>
        </test-method>
        <test-method status="PASS" signature="beforeMethod()" name="beforeMethod" is-config="true" duration-ms="0" started-at="2011-04-17T20:02:55Z" finished-at="2011-04-17T20:02:55Z">
        </test-method>
        <test-method status="PASS" signature="beforeMethod()" name="beforeMethod" is-config="true" duration-ms="1" started-at="2011-04-17T20:02:55Z" finished-at="2011-04-17T20:02:55Z">
        </test-method>
        <test-method status="PASS" signature="beforeMethod()" name="beforeMethod" is-config="true" duration-ms="0" started-at="2011-04-17T20:02:55Z" finished-at="2011-04-17T20:02:55Z">
        </test-method>
        <test-method status="PASS" signature="accessRuleCheck(java.lang.String, java.lang.String, java.lang.String, com.soebes.subversion.sapm.AccessLevel)" name="accessRuleCheck" duration-ms="0" started-at="2011-04-17T20:02:55Z" finished-at="2011-04-17T20:02:55Z">
          <params>
            <param index="0">
              <value>
                <![CDATA[michael]]>
              </value>
            </param>
            <param index="1">
              <value>
                <![CDATA[repository]]>
              </value>
            </param>
            <param index="2">
              <value>
                <![CDATA[/test/trunk/]]>
              </value>
            </param>
            <param index="3">
              <value>
                <![CDATA[READ_WRITE]]>
              </value>
            </param>
          </params>
        </test-method>
        <test-method status="PASS" signature="accessRuleCheck(java.lang.String, java.lang.String, java.lang.String, com.soebes.subversion.sapm.AccessLevel)" name="accessRuleCheck" duration-ms="1" started-at="2011-04-17T20:02:55Z" finished-at="2011-04-17T20:02:55Z">
          <params>
            <param index="0">
              <value>
                <![CDATA[michael]]>
              </value>
            </param>
            <param index="1">
              <value>
                <![CDATA[repository]]>
              </value>
            </param>
            <param index="2">
              <value>
                <![CDATA[/test/trunk/src/xyz.java]]>
              </value>
            </param>
            <param index="3">
              <value>
                <![CDATA[READ_WRITE]]>
              </value>
            </param>
          </params>
        </test-method>
[...]
        </test-method>
        <test-method status="PASS" signature="accessRuleCheck(java.lang.String, java.lang.String, java.lang.String, com.soebes.subversion.sapm.AccessLevel)" name="accessRuleCheck" duration-ms="0" started-at="2011-04-17T20:02:55Z" finished-at="2011-04-17T20:02:55Z">
          <params>
            <param index="0">
              <value>
                <![CDATA[brian]]>
              </value>
            </param>
            <param index="1">
              <value>
                <![CDATA[calc]]>
              </value>
            </param>
            <param index="2">
              <value>
                <![CDATA[/]]>
              </value>
            </param>
            <param index="3">
              <value>
                <![CDATA[NOTHING]]>
              </value>
            </param>
          </params>
        </test-method>
        <test-method status="PASS" signature="beforeMethod()" name="beforeMethod" is-config="true" duration-ms="10" started-at="2011-04-17T20:02:55Z" finished-at="2011-04-17T20:02:55Z">
        </test-method>
        <test-method status="PASS" signature="accessRuleCheck(java.lang.String, java.lang.String, java.lang.String, com.soebes.subversion.sapm.AccessLevel)" name="accessRuleCheck" duration-ms="0" started-at="2011-04-17T20:02:55Z" finished-at="2011-04-17T20:02:55Z">
          <params>
            <param index="0">
              <value>
                <![CDATA[micheal]]>
              </value>
            </param>
            <param index="1">
              <value>
                <![CDATA[calc]]>
              </value>
            </param>
            <param index="2">
              <value>
                <![CDATA[/]]>
              </value>
            </param>
            <param index="3">
              <value>
                <![CDATA[NOTHING]]>
              </value>
            </param>
          </params>
        </test-method>
        <test-method status="PASS" signature="beforeMethod()" name="beforeMethod" is-config="true" duration-ms="4" started-at="2011-04-17T20:02:55Z" finished-at="2011-04-17T20:02:55Z">
        </test-method>
        <test-method status="PASS" signature="accessRuleCheck(java.lang.String, java.lang.String, java.lang.String, com.soebes.subversion.sapm.AccessLevel)" name="accessRuleCheck" duration-ms="0" started-at="2011-04-17T20:02:55Z" finished-at="2011-04-17T20:02:55Z">
          <params>
            <param index="0">
              <value>
                <![CDATA[sally]]>
              </value>
            </param>
            <param index="1">
              <value>
                <![CDATA[calc]]>
              </value>
            </param>
            <param index="2">
              <value>
                <![CDATA[/]]>
              </value>
            </param>
            <param index="3">
              <value>
                <![CDATA[NOTHING]]>
              </value>
            </param>
          </params>
        </test-method>
        <test-method status="PASS" signature="beforeMethod()" name="beforeMethod" is-config="true" duration-ms="4" started-at="2011-04-17T20:02:55Z" finished-at="2011-04-17T20:02:55Z">
        </test-method>
        <test-method status="PASS" signature="accessRuleCheck(java.lang.String, java.lang.String, java.lang.String, com.soebes.subversion.sapm.AccessLevel)" name="accessRuleCheck" duration-ms="0" started-at="2011-04-17T20:02:55Z" finished-at="2011-04-17T20:02:55Z">
          <params>
            <param index="0">
              <value>
                <![CDATA[joe]]>
              </value>
            </param>
            <param index="1">
              <value>
                <![CDATA[calc]]>
              </value>
            </param>
            <param index="2">
              <value>
                <![CDATA[/]]>
              </value>
            </param>
            <param index="3">
              <value>
                <![CDATA[NOTHING]]>
              </value>
            </param>
          </params>
        </test-method>
        <test-method status="PASS" signature="beforeMethod()" name="beforeMethod" is-config="true" duration-ms="4" started-at="2011-04-17T20:02:55Z" finished-at="2011-04-17T20:02:55Z">
        </test-method>
        <test-method status="PASS" signature="beforeMethod()" name="beforeMethod" is-config="true" duration-ms="4" started-at="2011-04-17T20:02:55Z" finished-at="2011-04-17T20:02:55Z">
        </test-method>
        <test-method status="PASS" signature="accessRuleCheck(java.lang.String, java.lang.String, java.lang.String, com.soebes.subversion.sapm.AccessLevel)" name="accessRuleCheck" duration-ms="0" started-at="2011-04-17T20:02:55Z" finished-at="2011-04-17T20:02:55Z">
          <params>
            <param index="0">
              <value>
                <![CDATA[decon]]>
              </value>
            </param>
            <param index="1">
              <value>
                <![CDATA[calc]]>
              </value>
            </param>
            <param index="2">
              <value>
                <![CDATA[/]]>
              </value>
            </param>
            <param index="3">
              <value>
                <![CDATA[NOTHING]]>
              </value>
            </param>
          </params>
        </test-method>
        <test-method status="PASS" signature="accessRuleCheck(java.lang.String, java.lang.String, java.lang.String, com.soebes.subversion.sapm.AccessLevel)" name="accessRuleCheck" duration-ms="0" started-at="2011-04-17T20:02:55Z" finished-at="2011-04-17T20:02:55Z">
          <params>
            <param index="0">
              <value>
                <![CDATA[harry]]>
              </value>
            </param>
            <param index="1">
              <value>
                <![CDATA[calc]]>
              </value>
            </param>
            <param index="2">
              <value>
                <![CDATA[/project-c/]]>
              </value>
            </param>
            <param index="3">
              <value>
                <![CDATA[READ_WRITE]]>
              </value>
            </param>
          </params>
        </test-method>
        <test-method status="PASS" signature="beforeMethod()" name="beforeMethod" is-config="true" duration-ms="4" started-at="2011-04-17T20:02:55Z" finished-at="2011-04-17T20:02:55Z">
        </test-method>
        <test-method status="PASS" signature="accessRuleCheck(java.lang.String, java.lang.String, java.lang.String, com.soebes.subversion.sapm.AccessLevel)" name="accessRuleCheck" duration-ms="0" started-at="2011-04-17T20:02:55Z" finished-at="2011-04-17T20:02:55Z">
          <params>
            <param index="0">
              <value>
                <![CDATA[brian]]>
              </value>
            </param>
            <param index="1">
              <value>
                <![CDATA[calc]]>
              </value>
            </param>
            <param index="2">
              <value>
                <![CDATA[/project-c/]]>
              </value>
            </param>
            <param index="3">
              <value>
                <![CDATA[READ_WRITE]]>
              </value>
            </param>
          </params>
        </test-method>
        <test-method status="PASS" signature="beforeMethod()" name="beforeMethod" is-config="true" duration-ms="3" started-at="2011-04-17T20:02:55Z" finished-at="2011-04-17T20:02:55Z">
        </test-method>
        <test-method status="PASS" signature="beforeMethod()" name="beforeMethod" is-config="true" duration-ms="4" started-at="2011-04-17T20:02:55Z" finished-at="2011-04-17T20:02:55Z">
        </test-method>
        <test-method status="PASS" signature="accessRuleCheck(java.lang.String, java.lang.String, java.lang.String, com.soebes.subversion.sapm.AccessLevel)" name="accessRuleCheck" duration-ms="0" started-at="2011-04-17T20:02:55Z" finished-at="2011-04-17T20:02:55Z">
          <params>
            <param index="0">
              <value>
                <![CDATA[micheal]]>
              </value>
            </param>
            <param index="1">
              <value>
                <![CDATA[calc]]>
              </value>
            </param>
            <param index="2">
              <value>
                <![CDATA[/project-c/]]>
              </value>
            </param>
            <param index="3">
              <value>
                <![CDATA[READ_WRITE]]>
              </value>
            </param>
          </params>
        </test-method>
        <test-method status="PASS" signature="accessRuleCheck(java.lang.String, java.lang.String, java.lang.String, com.soebes.subversion.sapm.AccessLevel)" name="accessRuleCheck" duration-ms="1" started-at="2011-04-17T20:02:55Z" finished-at="2011-04-17T20:02:55Z">
          <params>
            <param index="0">
              <value>
                <![CDATA[sally]]>
              </value>
            </param>
            <param index="1">
              <value>
                <![CDATA[calc]]>
              </value>
            </param>
            <param index="2">
              <value>
                <![CDATA[/project-c/]]>
              </value>
            </param>
            <param index="3">
              <value>
                <![CDATA[READ_WRITE]]>
              </value>
            </param>
          </params>
        </test-method>
        <test-method status="PASS" signature="beforeMethod()" name="beforeMethod" is-config="true" duration-ms="3" started-at="2011-04-17T20:02:55Z" finished-at="2011-04-17T20:02:55Z">
        </test-method>
        <test-method status="PASS" signature="accessRuleCheck(java.lang.String, java.lang.String, java.lang.String, com.soebes.subversion.sapm.AccessLevel)" name="accessRuleCheck" duration-ms="0" started-at="2011-04-17T20:02:55Z" finished-at="2011-04-17T20:02:55Z">
          <params>
            <param index="0">
              <value>
                <![CDATA[joe]]>
              </value>
            </param>
            <param index="1">
              <value>
                <![CDATA[calc]]>
              </value>
            </param>
            <param index="2">
              <value>
                <![CDATA[/project-c/]]>
              </value>
            </param>
            <param index="3">
              <value>
                <![CDATA[READ_WRITE]]>
              </value>
            </param>
          </params>
        </test-method>
        <test-method status="PASS" signature="beforeMethod()" name="beforeMethod" is-config="true" duration-ms="3" started-at="2011-04-17T20:02:55Z" finished-at="2011-04-17T20:02:55Z">
        </test-method>
        <test-method status="PASS" signature="beforeMethod()" name="beforeMethod" is-config="true" duration-ms="3" started-at="2011-04-17T20:02:55Z" finished-at="2011-04-17T20:02:55Z">
        </test-method>
        <test-method status="PASS" signature="accessRuleCheck(java.lang.String, java.lang.String, java.lang.String, com.soebes.subversion.sapm.AccessLevel)" name="accessRuleCheck" duration-ms="0" started-at="2011-04-17T20:02:55Z" finished-at="2011-04-17T20:02:55Z">
          <params>
            <param index="0">
              <value>
                <![CDATA[decon]]>
              </value>
            </param>
            <param index="1">
              <value>
                <![CDATA[calc]]>
              </value>
            </param>
            <param index="2">
              <value>
                <![CDATA[/project-c/]]>
              </value>
            </param>
            <param index="3">
              <value>
                <![CDATA[READ_WRITE]]>
              </value>
            </param>
          </params>
        </test-method>
        <test-method status="PASS" signature="beforeMethod()" name="beforeMethod" is-config="true" duration-ms="3" started-at="2011-04-17T20:02:55Z" finished-at="2011-04-17T20:02:55Z">
        </test-method>
        <test-method status="PASS" signature="accessRuleCheck(java.lang.String, java.lang.String, java.lang.String, com.soebes.subversion.sapm.AccessLevel)" name="accessRuleCheck" duration-ms="0" started-at="2011-04-17T20:02:55Z" finished-at="2011-04-17T20:02:55Z">
          <params>
            <param index="0">
              <value is-null="true"/>
            </param>
            <param index="1">
              <value>
                <![CDATA[calc]]>
              </value>
            </param>
            <param index="2">
              <value>
                <![CDATA[/project-c/]]>
              </value>
            </param>
            <param index="3">
              <value>
                <![CDATA[READ]]>
              </value>
            </param>
          </params>
        </test-method>
        <test-method status="PASS" signature="accessRuleCheck(java.lang.String, java.lang.String, java.lang.String, com.soebes.subversion.sapm.AccessLevel)" name="accessRuleCheck" duration-ms="0" started-at="2011-04-17T20:02:55Z" finished-at="2011-04-17T20:02:55Z">
          <params>
            <param index="0">
              <value>
                <![CDATA[harry]]>
              </value>
            </param>
            <param index="1">
              <value>
                <![CDATA[calc]]>
              </value>
            </param>
            <param index="2">
              <value>
                <![CDATA[/project-d/]]>
              </value>
            </param>
            <param index="3">
              <value>
                <![CDATA[READ_WRITE]]>
              </value>
            </param>
          </params>
        </test-method>
        <test-method status="PASS" signature="beforeMethod()" name="beforeMethod" is-config="true" duration-ms="3" started-at="2011-04-17T20:02:55Z" finished-at="2011-04-17T20:02:55Z">
        </test-method>
        <test-method status="PASS" signature="accessRuleCheck(java.lang.String, java.lang.String, java.lang.String, com.soebes.subversion.sapm.AccessLevel)" name="accessRuleCheck" duration-ms="0" started-at="2011-04-17T20:02:55Z" finished-at="2011-04-17T20:02:55Z">
          <params>
            <param index="0">
              <value>
                <![CDATA[brian]]>
              </value>
            </param>
            <param index="1">
              <value>
                <![CDATA[calc]]>
              </value>
            </param>
            <param index="2">
              <value>
                <![CDATA[/project-d/]]>
              </value>
            </param>
            <param index="3">
              <value>
                <![CDATA[READ_WRITE]]>
              </value>
            </param>
          </params>
        </test-method>
        <test-method status="PASS" signature="beforeMethod()" name="beforeMethod" is-config="true" duration-ms="2" started-at="2011-04-17T20:02:55Z" finished-at="2011-04-17T20:02:55Z">
        </test-method>
        <test-method status="PASS" signature="accessRuleCheck(java.lang.String, java.lang.String, java.lang.String, com.soebes.subversion.sapm.AccessLevel)" name="accessRuleCheck" duration-ms="0" started-at="2011-04-17T20:02:55Z" finished-at="2011-04-17T20:02:55Z">
          <params>
            <param index="0">
              <value>
                <![CDATA[micheal]]>
              </value>
            </param>
            <param index="1">
              <value>
                <![CDATA[calc]]>
              </value>
            </param>
            <param index="2">
              <value>
                <![CDATA[/project-d/]]>
              </value>
            </param>
            <param index="3">
              <value>
                <![CDATA[READ_WRITE]]>
              </value>
            </param>
          </params>
        </test-method>
        <test-method status="PASS" signature="beforeMethod()" name="beforeMethod" is-config="true" duration-ms="2" started-at="2011-04-17T20:02:55Z" finished-at="2011-04-17T20:02:55Z">
        </test-method>
        <test-method status="PASS" signature="accessRuleCheck(java.lang.String, java.lang.String, java.lang.String, com.soebes.subversion.sapm.AccessLevel)" name="accessRuleCheck" duration-ms="0" started-at="2011-04-17T20:02:55Z" finished-at="2011-04-17T20:02:55Z">
          <params>
            <param index="0">
              <value>
                <![CDATA[sally]]>
              </value>
            </param>
            <param index="1">
              <value>
                <![CDATA[calc]]>
              </value>
            </param>
            <param index="2">
              <value>
                <![CDATA[/project-d/]]>
              </value>
            </param>
            <param index="3">
              <value>
                <![CDATA[READ_WRITE]]>
              </value>
            </param>
          </params>
        </test-method>
        <test-method status="PASS" signature="beforeMethod()" name="beforeMethod" is-config="true" duration-ms="2" started-at="2011-04-17T20:02:55Z" finished-at="2011-04-17T20:02:55Z">
        </test-method>
        <test-method status="PASS" signature="accessRuleCheck(java.lang.String, java.lang.String, java.lang.String, com.soebes.subversion.sapm.AccessLevel)" name="accessRuleCheck" duration-ms="0" started-at="2011-04-17T20:02:55Z" finished-at="2011-04-17T20:02:55Z">
          <params>
            <param index="0">
              <value>
                <![CDATA[joe]]>
              </value>
            </param>
            <param index="1">
              <value>
                <![CDATA[calc]]>
              </value>
            </param>
            <param index="2">
              <value>
                <![CDATA[/project-d/]]>
              </value>
            </param>
            <param index="3">
              <value>
                <![CDATA[READ_WRITE]]>
              </value>
            </param>
          </params>
        </test-method>
        <test-method status="PASS" signature="beforeMethod()" name="beforeMethod" is-config="true" duration-ms="2" started-at="2011-04-17T20:02:55Z" finished-at="2011-04-17T20:02:55Z">
        </test-method>
        <test-method status="PASS" signature="accessRuleCheck(java.lang.String, java.lang.String, java.lang.String, com.soebes.subversion.sapm.AccessLevel)" name="accessRuleCheck" duration-ms="1" started-at="2011-04-17T20:02:55Z" finished-at="2011-04-17T20:02:55Z">
          <params>
            <param index="0">
              <value>
                <![CDATA[decon]]>
              </value>
            </param>
            <param index="1">
              <value>
                <![CDATA[calc]]>
              </value>
            </param>
            <param index="2">
              <value>
                <![CDATA[/project-d/]]>
              </value>
            </param>
            <param index="3">
              <value>
                <![CDATA[READ_WRITE]]>
              </value>
            </param>
          </params>
        </test-method>
        <test-method status="PASS" signature="beforeMethod()" name="beforeMethod" is-config="true" duration-ms="2" started-at="2011-04-17T20:02:55Z" finished-at="2011-04-17T20:02:55Z">
        </test-method>
        <test-method status="PASS" signature="accessRuleCheck(java.lang.String, java.lang.String, java.lang.String, com.soebes.subversion.sapm.AccessLevel)" name="accessRuleCheck" duration-ms="1" started-at="2011-04-17T20:02:55Z" finished-at="2011-04-17T20:02:55Z">
          <params>
            <param index="0">
              <value is-null="true"/>
            </param>
            <param index="1">
              <value>
                <![CDATA[calc]]>
              </value>
            </param>
            <param index="2">
              <value>
                <![CDATA[/project-d/]]>
              </value>
            </param>
            <param index="3">
              <value>
                <![CDATA[NOTHING]]>
              </value>
            </param>
          </params>
        </test-method>
      </class>
    </test>
  </suite>
</testng-results>
