<?xml version="1.0" encoding="UTF-8" ?>
<testsuite failures="0" time="3.519" errors="0" skipped="0" tests="489" name="TestSuite">
  <properties>
[...]
</properties>
  <testcase time="0.004" classname="com.soebes.subversion.sapm.AccessRuleGroupTest" name="accessRuleCheck"/>
  <testcase time="0.001" classname="com.soebes.subversion.sapm.AccessRuleGroupTest" name="accessRuleCheck"/>
  <testcase time="0.011" classname="com.soebes.subversion.sapm.AccessRuleGroupTest" name="accessRuleCheck"/>
  <testcase time="0.001" classname="com.soebes.subversion.sapm.AccessRuleGroupTest" name="accessRuleCheck"/>
  <testcase time="0.001" classname="com.soebes.subversion.sapm.AccessRuleGroupTest" name="accessRuleCheck"/>
  <testcase time="0" classname="com.soebes.subversion.sapm.AccessRuleGroupTest" name="accessRuleCheck"/>
  <testcase time="0" classname="com.soebes.subversion.sapm.AccessRuleGroupTest" name="accessRuleCheck"/>
  <testcase time="0" classname="com.soebes.subversion.sapm.AccessRuleGroupTest" name="accessRuleCheck"/>
  <testcase time="0" classname="com.soebes.subversion.sapm.AccessRuleGroupTest" name="accessRuleCheck"/>
  <testcase time="0" classname="com.soebes.subversion.sapm.AccessRuleGroupTest" name="accessRuleCheck"/>
  <testcase time="0" classname="com.soebes.subversion.sapm.AccessRuleGroupTest" name="accessRuleCheck"/>
  <testcase time="0.001" classname="com.soebes.subversion.sapm.AccessRuleGroupTest" name="accessRuleCheck"/>
  <testcase time="0.001" classname="com.soebes.subversion.sapm.AccessRuleGroupTest" name="accessRuleCheck"/>
  <testcase time="0.001" classname="com.soebes.subversion.sapm.AccessRuleGroupTest" name="accessRuleCheck"/>
  <testcase time="0" classname="com.soebes.subversion.sapm.AccessRuleGroupTest" name="accessRuleCheck"/>
  <testcase time="0.001" classname="com.soebes.subversion.sapm.AccessRuleGroupTest" name="accessRuleCheck"/>
  <testcase time="0" classname="com.soebes.subversion.sapm.AccessRuleGroupTest" name="accessRuleCheck"/>
  <testcase time="0" classname="com.soebes.subversion.sapm.AccessRuleGroupTest" name="accessRuleCheck"/>
  <testcase time="0" classname="com.soebes.subversion.sapm.AccessRuleGroupTest" name="accessRuleCheck"/>
  <testcase time="0.003" classname="com.soebes.subversion.sapm.AccessRuleGroupTest" name="accessTest"/>
  <testcase time="0" classname="com.soebes.subversion.sapm.AccessRuleUserAnyRepositoryTest" name="accessRuleCheck"/>
  <testcase time="0.001" classname="com.soebes.subversion.sapm.AccessRuleUserAnyRepositoryTest" name="accessRuleCheck"/>
  <testcase time="0.001" classname="com.soebes.subversion.sapm.AccessRuleUserAnyRepositoryTest" name="accessRuleCheck"/>
  <testcase time="0.002" classname="com.soebes.subversion.sapm.AccessRuleUserAnyRepositoryTest" name="accessRuleCheck"/>
  <testcase time="0" classname="com.soebes.subversion.sapm.AccessRuleUserAnyRepositoryTest" name="accessRuleCheck"/>
  <testcase time="0" classname="com.soebes.subversion.sapm.AccessRuleUserAnyRepositoryTest" name="accessRuleCheck"/>
  <testcase time="0.001" classname="com.soebes.subversion.sapm.AccessRuleUserAnyRepositoryTest" name="accessRuleCheck"/>
  <testcase time="0" classname="com.soebes.subversion.sapm.AccessRuleUserAnyRepositoryTest" name="accessRuleCheck"/>
  <testcase time="0" classname="com.soebes.subversion.sapm.AccessRuleUserAnyRepositoryTest" name="accessRuleCheck"/>
  <testcase time="0" classname="com.soebes.subversion.sapm.AccessRuleUserAnyRepositoryTest" name="accessRuleCheck"/>
  <testcase time="0" classname="com.soebes.subversion.sapm.AccessRuleUserAnyRepositoryTest" name="accessRuleCheck"/>
  <testcase time="0" classname="com.soebes.subversion.sapm.AccessRuleUserAnyRepositoryTest" name="accessTest"/>
  <testcase time="0.001" classname="com.soebes.subversion.sapm.AccessRuleUserAsterikTest" name="accessRuleCheck"/>
  <testcase time="0" classname="com.soebes.subversion.sapm.AccessRuleUserAsterikTest" name="accessRuleCheck"/>
  <testcase time="0.001" classname="com.soebes.subversion.sapm.AccessRuleUserAsterikTest" name="accessRuleCheck"/>
  <testcase time="0" classname="com.soebes.subversion.sapm.AccessRuleUserAsterikTest" name="accessRuleCheck"/>
  <testcase time="0" classname="com.soebes.subversion.sapm.AccessRuleUserAsterikTest" name="accessRuleCheck"/>
  <testcase time="0" classname="com.soebes.subversion.sapm.AccessRuleUserAsterikTest" name="accessRuleCheck"/>
  <testcase time="0" classname="com.soebes.subversion.sapm.AccessRuleUserAsterikTest" name="accessRuleCheck"/>
  <testcase time="0.001" classname="com.soebes.subversion.sapm.AccessRuleUserAsterikTest" name="accessRuleCheck"/>
  <testcase time="0" classname="com.soebes.subversion.sapm.AccessRuleUserAsterikTest" name="accessRuleCheck"/>
  <testcase time="0" classname="com.soebes.subversion.sapm.AccessRuleUserAsterikTest" name="accessRuleCheck"/>
  <testcase time="0" classname="com.soebes.subversion.sapm.AccessRuleUserAsterikTest" name="accessRuleCheck"/>
  <testcase time="0" classname="com.soebes.subversion.sapm.AccessRuleUserAsterikTest" name="accessTest"/>
  <testcase time="0" classname="com.soebes.subversion.sapm.AccessRuleUserTest" name="accessRuleCheck"/>
  <testcase time="0.001" classname="com.soebes.subversion.sapm.AccessRuleUserTest" name="accessRuleCheck"/>
  <testcase time="0" classname="com.soebes.subversion.sapm.AccessRuleUserTest" name="accessRuleCheck"/>
  <testcase time="0" classname="com.soebes.subversion.sapm.AccessRuleUserTest" name="accessRuleCheck"/>
  <testcase time="0.001" classname="com.soebes.subversion.sapm.AccessRuleUserTest" name="accessRuleCheck"/>
  <testcase time="0" classname="com.soebes.subversion.sapm.AccessRuleUserTest" name="accessRuleCheck"/>
  <testcase time="0" classname="com.soebes.subversion.sapm.AccessRuleUserTest" name="accessRuleCheck"/>
  <testcase time="0" classname="com.soebes.subversion.sapm.AccessRuleUserTest" name="accessRuleCheck"/>
  <testcase time="0" classname="com.soebes.subversion.sapm.AccessRuleUserTest" name="accessRuleCheck"/>
  <testcase time="0.001" classname="com.soebes.subversion.sapm.AccessRuleUserTest" name="accessRuleCheck"/>
  <testcase time="0" classname="com.soebes.subversion.sapm.AccessRuleUserTest" name="accessRuleCheck"/>
  <testcase time="0" classname="com.soebes.subversion.sapm.AccessRuleUserTest" name="accessTest"/>
  <testcase time="0" classname="com.soebes.subversion.sapm.AccessRulesConfigAuthenticatedAnonmyousTest" name="accessRuleCheck"/>
  <testcase time="0.001" classname="com.soebes.subversion.sapm.AccessRulesConfigAuthenticatedAnonmyousTest" name="accessRuleCheck"/>
  <testcase time="0" classname="com.soebes.subversion.sapm.AccessRulesConfigAuthenticatedAnonmyousTest" name="accessRuleCheck"/>
  <testcase time="0" classname="com.soebes.subversion.sapm.AccessRulesConfigAuthenticatedAnonmyousTest" name="accessRuleCheck"/>
  <testcase time="0" classname="com.soebes.subversion.sapm.AccessRulesConfigAuthenticatedAnonmyousTest" name="accessRuleCheck"/>
  <testcase time="0" classname="com.soebes.subversion.sapm.AccessRulesConfigAuthenticatedAnonmyousTest" name="accessRuleCheck"/>
  <testcase time="0" classname="com.soebes.subversion.sapm.AccessRulesConfigAuthenticatedAnonmyousTest" name="accessRuleCheck"/>
  <testcase time="0" classname="com.soebes.subversion.sapm.AccessRulesConfigAuthenticatedAnonmyousTest" name="accessRuleCheck"/>
  <testcase time="0" classname="com.soebes.subversion.sapm.AccessRulesConfigAuthenticatedAnonmyousTest" name="accessRuleCheck"/>
  <testcase time="0" classname="com.soebes.subversion.sapm.AccessRulesConfigAuthenticatedAnonmyousTest" name="accessRuleCheck"/>
  <testcase time="0" classname="com.soebes.subversion.sapm.AccessRulesConfigAuthenticatedAnonmyousTest" name="accessRuleCheck"/>
  <testcase time="0" classname="com.soebes.subversion.sapm.AccessRulesConfigAuthenticatedAnonmyousTest" name="accessRuleCheck"/>
  <testcase time="0" classname="com.soebes.subversion.sapm.AccessRulesConfigAuthenticatedAnonmyousTest" name="accessRuleCheck"/>
  <testcase time="0" classname="com.soebes.subversion.sapm.AccessRulesConfigAuthenticatedAnonmyousTest" name="accessRuleCheck"/>
  <testcase time="0" classname="com.soebes.subversion.sapm.AccessRulesConfigAuthenticatedAnonmyousTest" name="accessRuleCheck"/>
  <testcase time="0.001" classname="com.soebes.subversion.sapm.AccessRulesConfigAuthenticatedAnonmyousTest" name="accessRuleCheck"/>
  <testcase time="0" classname="com.soebes.subversion.sapm.AccessRulesConfigAuthenticatedAnonmyousTest" name="accessRuleCheck"/>
  <testcase time="0" classname="com.soebes.subversion.sapm.AccessRulesConfigAuthenticatedAnonmyousTest" name="accessRuleCheck"/>
  <testcase time="0" classname="com.soebes.subversion.sapm.AccessRulesConfigAuthenticatedAnonmyousTest" name="accessRuleCheck"/>
  <testcase time="0" classname="com.soebes.subversion.sapm.AccessRulesConfigAuthenticatedAnonmyousTest" name="accessRuleCheck"/>
  <testcase time="0" classname="com.soebes.subversion.sapm.AccessRulesConfigAuthenticatedAnonmyousTest" name="accessRuleCheck"/>
  <testcase time="0" classname="com.soebes.subversion.sapm.AccessRulesConfigAuthenticatedAnonmyousTest" name="accessRuleCheck"/>
  <testcase time="0" classname="com.soebes.subversion.sapm.AccessRulesConfigAuthenticatedAnonmyousTest" name="accessRuleCheck"/>
  <testcase time="0" classname="com.soebes.subversion.sapm.AccessRulesConfigAuthenticatedAnonmyousTest" name="accessRuleCheck"/>
  <testcase time="0.001" classname="com.soebes.subversion.sapm.AccessRulesConfigAuthenticatedAnonmyousTest" name="accessRuleCheck"/>
  <testcase time="0" classname="com.soebes.subversion.sapm.AccessRulesConfigAuthenticatedAnonmyousTest" name="accessRuleCheck"/>
  <testcase time="0.001" classname="com.soebes.subversion.sapm.AccessRulesConfigReducePermissionDifferentOrderTest" name="accessRuleCheck"/>
  <testcase time="0" classname="com.soebes.subversion.sapm.AccessRulesConfigReducePermissionDifferentOrderTest" name="accessRuleCheck"/>
  <testcase time="0" classname="com.soebes.subversion.sapm.AccessRulesConfigReducePermissionDifferentOrderTest" name="accessRuleCheck"/>
  <testcase time="0" classname="com.soebes.subversion.sapm.AccessRulesConfigReducePermissionDifferentOrderTest" name="accessRuleCheck"/>
  <testcase time="0" classname="com.soebes.subversion.sapm.AccessRulesConfigReducePermissionDifferentOrderTest" name="accessRuleCheck"/>
  <testcase time="0.001" classname="com.soebes.subversion.sapm.AccessRulesConfigReducePermissionDifferentOrderTest" name="accessRuleCheck"/>
  <testcase time="0" classname="com.soebes.subversion.sapm.AccessRulesConfigReducePermissionDifferentOrderTest" name="accessRuleCheck"/>
  <testcase time="0" classname="com.soebes.subversion.sapm.AccessRulesConfigReducePermissionDifferentOrderTest" name="accessRuleCheck"/>
  <testcase time="0" classname="com.soebes.subversion.sapm.AccessRulesConfigReducePermissionDifferentOrderTest" name="accessRuleCheck"/>
  <testcase time="0" classname="com.soebes.subversion.sapm.AccessRulesConfigReducePermissionDifferentOrderTest" name="accessRuleCheck"/>
  <testcase time="0" classname="com.soebes.subversion.sapm.AccessRulesConfigReducePermissionDifferentOrderTest" name="accessRuleCheck"/>
  <testcase time="0" classname="com.soebes.subversion.sapm.AccessRulesConfigReducePermissionDifferentOrderTest" name="accessRuleCheck"/>
  <testcase time="0" classname="com.soebes.subversion.sapm.AccessRulesConfigReducePermissionDifferentOrderTest" name="accessRuleCheck"/>
  <testcase time="0" classname="com.soebes.subversion.sapm.AccessRulesConfigReducePermissionDifferentOrderTest" name="accessRuleCheck"/>
  <testcase time="0" classname="com.soebes.subversion.sapm.AccessRulesConfigReducePermissionDifferentOrderTest" name="accessRuleCheck"/>
  <testcase time="0.001" classname="com.soebes.subversion.sapm.AccessRulesConfigReducePermissionDifferentOrderTest" name="accessRuleCheck"/>
  <testcase time="0" classname="com.soebes.subversion.sapm.AccessRulesConfigReducePermissionDifferentOrderTest" name="accessRuleCheck"/>
  <testcase time="0" classname="com.soebes.subversion.sapm.AccessRulesConfigReducePermissionTest" name="accessRuleCheck"/>
  <testcase time="0" classname="com.soebes.subversion.sapm.AccessRulesConfigReducePermissionTest" name="accessRuleCheck"/>
  <testcase time="0.001" classname="com.soebes.subversion.sapm.AccessRulesConfigReducePermissionTest" name="accessRuleCheck"/>
  <testcase time="0" classname="com.soebes.subversion.sapm.AccessRulesConfigReducePermissionTest" name="accessRuleCheck"/>
  <testcase time="0.001" classname="com.soebes.subversion.sapm.AccessRulesConfigReducePermissionTest" name="accessRuleCheck"/>
  <testcase time="0" classname="com.soebes.subversion.sapm.AccessRulesConfigReducePermissionTest" name="accessRuleCheck"/>
  <testcase time="0" classname="com.soebes.subversion.sapm.AccessRulesConfigReducePermissionTest" name="accessRuleCheck"/>
  <testcase time="0" classname="com.soebes.subversion.sapm.AccessRulesConfigReducePermissionTest" name="accessRuleCheck"/>
  <testcase time="0" classname="com.soebes.subversion.sapm.AccessRulesConfigReducePermissionTest" name="accessRuleCheck"/>
  <testcase time="0" classname="com.soebes.subversion.sapm.AccessRulesConfigReducePermissionTest" name="accessRuleCheck"/>
  <testcase time="0" classname="com.soebes.subversion.sapm.AccessRulesConfigReducePermissionTest" name="accessRuleCheck"/>
  <testcase time="0.001" classname="com.soebes.subversion.sapm.AccessRulesConfigReducePermissionTest" name="accessRuleCheck"/>
  <testcase time="0" classname="com.soebes.subversion.sapm.AccessRulesConfigReducePermissionTest" name="accessRuleCheck"/>
  <testcase time="0" classname="com.soebes.subversion.sapm.AccessRulesConfigReducePermissionTest" name="accessRuleCheck"/>
  <testcase time="0" classname="com.soebes.subversion.sapm.AccessRulesConfigReducePermissionTest" name="accessRuleCheck"/>
  <testcase time="0.001" classname="com.soebes.subversion.sapm.AccessRulesConfigReducePermissionTest" name="accessRuleCheck"/>
  <testcase time="0" classname="com.soebes.subversion.sapm.AccessRulesConfigReducePermissionTest" name="accessRuleCheck"/>
  <testcase time="0" classname="com.soebes.subversion.sapm.AccessRulesDerivingPermissionsTest" name="accessRuleCheck"/>
  <testcase time="0" classname="com.soebes.subversion.sapm.AccessRulesDerivingPermissionsTest" name="accessRuleCheck"/>
  <testcase time="0" classname="com.soebes.subversion.sapm.AccessRulesDerivingPermissionsTest" name="accessRuleCheck"/>
  <testcase time="0" classname="com.soebes.subversion.sapm.AccessRulesDerivingPermissionsTest" name="accessRuleCheck"/>
  <testcase time="0" classname="com.soebes.subversion.sapm.AccessRulesDerivingPermissionsTest" name="accessRuleCheck"/>
  <testcase time="0" classname="com.soebes.subversion.sapm.AccessRulesDerivingPermissionsTest" name="accessRuleCheck"/>
  <testcase time="0" classname="com.soebes.subversion.sapm.AccessRulesDerivingPermissionsTest" name="accessRuleCheck"/>
  <testcase time="0" classname="com.soebes.subversion.sapm.AccessRulesDerivingPermissionsTest" name="accessRuleCheck"/>
  <testcase time="0" classname="com.soebes.subversion.sapm.AccessRulesDerivingPermissionsTest" name="accessRuleCheck"/>
  <testcase time="0.001" classname="com.soebes.subversion.sapm.AccessRulesDerivingPermissionsTest" name="accessRuleCheck"/>
  <testcase time="0" classname="com.soebes.subversion.sapm.AccessRulesDerivingPermissionsTest" name="accessRuleCheck"/>
  <testcase time="0" classname="com.soebes.subversion.sapm.AccessRulesDerivingPermissionsTest" name="accessRuleCheck"/>
  <testcase time="0" classname="com.soebes.subversion.sapm.AccessRulesDerivingPermissionsTest" name="accessRuleCheck"/>
  <testcase time="0" classname="com.soebes.subversion.sapm.AccessRulesDerivingPermissionsTest" name="accessRuleCheck"/>
  <testcase time="0" classname="com.soebes.subversion.sapm.AccessRulesDerivingPermissionsTest" name="accessRuleCheck"/>
  <testcase time="0.001" classname="com.soebes.subversion.sapm.AccessRulesDerivingPermissionsTest" name="accessRuleCheck"/>
  <testcase time="0.001" classname="com.soebes.subversion.sapm.AccessRulesDerivingPermissionsTest" name="accessRuleCheck"/>
  <testcase time="0" classname="com.soebes.subversion.sapm.AccessRulesDerivingPermissionsTest" name="accessRuleCheck"/>
  <testcase time="0" classname="com.soebes.subversion.sapm.AccessRulesDerivingPermissionsTest" name="accessRuleCheck"/>
  <testcase time="0" classname="com.soebes.subversion.sapm.AccessRulesDerivingPermissionsTest" name="accessRuleCheck"/>
  <testcase time="0" classname="com.soebes.subversion.sapm.AccessRulesDerivingPermissionsTest" name="accessRuleCheck"/>
  <testcase time="0.001" classname="com.soebes.subversion.sapm.AccessRulesDerivingPermissionsTest" name="accessRuleCheck"/>
  <testcase time="0" classname="com.soebes.subversion.sapm.AccessRulesDerivingPermissionsTest" name="accessRuleCheck"/>
  <testcase time="0" classname="com.soebes.subversion.sapm.AccessRulesDerivingPermissionsTest" name="accessTest"/>
  <testcase time="0" classname="com.soebes.subversion.sapm.AccessRulesGroupContainsTest" name="accessRuleCheck"/>
  <testcase time="0" classname="com.soebes.subversion.sapm.AccessRulesGroupContainsTest" name="accessRuleCheck"/>
  <testcase time="0" classname="com.soebes.subversion.sapm.AccessRulesGroupContainsTest" name="accessRuleCheck"/>
  <testcase time="0.001" classname="com.soebes.subversion.sapm.AccessRulesGroupContainsTest" name="accessRuleCheck"/>
  <testcase time="0" classname="com.soebes.subversion.sapm.AccessRulesGroupContainsTest" name="accessRuleCheck"/>
  <testcase time="0" classname="com.soebes.subversion.sapm.AccessRulesGroupContainsTest" name="accessRuleCheck"/>
  <testcase time="0" classname="com.soebes.subversion.sapm.AccessRulesGroupContainsTest" name="accessRuleCheck"/>
  <testcase time="0" classname="com.soebes.subversion.sapm.AccessRulesGroupContainsTest" name="accessRuleCheck"/>
  <testcase time="0" classname="com.soebes.subversion.sapm.AccessRulesGroupContainsTest" name="accessRuleCheck"/>
  <testcase time="0" classname="com.soebes.subversion.sapm.AccessRulesGroupContainsTest" name="accessRuleCheck"/>
  <testcase time="0" classname="com.soebes.subversion.sapm.AccessRulesGroupContainsTest" name="accessRuleCheck"/>
  <testcase time="0" classname="com.soebes.subversion.sapm.AccessRulesGroupContainsTest" name="accessRuleCheck"/>
  <testcase time="0" classname="com.soebes.subversion.sapm.AccessRulesGroupContainsTest" name="accessRuleCheck"/>
  <testcase time="0" classname="com.soebes.subversion.sapm.AccessRulesGroupContainsTest" name="accessRuleCheck"/>
  <testcase time="0" classname="com.soebes.subversion.sapm.AccessRulesGroupContainsTest" name="accessRuleCheck"/>
  <testcase time="0" classname="com.soebes.subversion.sapm.AccessRulesGroupContainsTest" name="accessRuleCheck"/>
  <testcase time="0" classname="com.soebes.subversion.sapm.AccessRulesGroupContainsTest" name="accessRuleCheck"/>
  <testcase time="0" classname="com.soebes.subversion.sapm.AccessRulesGroupContainsTest" name="accessRuleCheck"/>
  <testcase time="0.001" classname="com.soebes.subversion.sapm.AccessRulesGroupContainsTest" name="accessRuleCheck"/>
  <testcase time="0" classname="com.soebes.subversion.sapm.AccessRulesGroupContainsTest" name="accessRuleCheck"/>
  <testcase time="0" classname="com.soebes.subversion.sapm.AccessRulesGroupContainsTest" name="accessRuleCheck"/>
  <testcase time="0" classname="com.soebes.subversion.sapm.AccessRulesGroupContainsTest" name="accessRuleCheck"/>
  <testcase time="0" classname="com.soebes.subversion.sapm.AccessRulesGroupContainsTest" name="accessRuleCheck"/>
  <testcase time="0" classname="com.soebes.subversion.sapm.AccessRulesGroupContainsTest" name="accessRuleCheck"/>
  <testcase time="0" classname="com.soebes.subversion.sapm.AccessRulesGroupContainsTest" name="accessRuleCheck"/>
  <testcase time="0" classname="com.soebes.subversion.sapm.AccessRulesGroupContainsTest" name="accessRuleCheck"/>
  <testcase time="0" classname="com.soebes.subversion.sapm.AccessRulesGroupContainsTest" name="accessRuleCheck"/>
  <testcase time="0" classname="com.soebes.subversion.sapm.AccessRulesGroupContainsTest" name="accessRuleCheck"/>
  <testcase time="0" classname="com.soebes.subversion.sapm.AccessRulesGroupContainsTest" name="accessRuleCheck"/>
  <testcase time="0" classname="com.soebes.subversion.sapm.AccessRulesGroupContainsTest" name="accessRuleCheck"/>
  <testcase time="0" classname="com.soebes.subversion.sapm.AccessRulesGroupContainsTest" name="accessRuleCheck"/>
  <testcase time="0.001" classname="com.soebes.subversion.sapm.AccessRulesGroupContainsTest" name="accessRuleCheck"/>
  <testcase time="0" classname="com.soebes.subversion.sapm.AccessRulesGroupContainsTest" name="accessRuleCheck"/>
  <testcase time="0.001" classname="com.soebes.subversion.sapm.AccessRulesGroupGroupFromConfigFileTest" name="accessRuleCheck"/>
  <testcase time="0" classname="com.soebes.subversion.sapm.AccessRulesGroupGroupFromConfigFileTest" name="accessRuleCheck"/>
  <testcase time="0" classname="com.soebes.subversion.sapm.AccessRulesGroupGroupFromConfigFileTest" name="accessRuleCheck"/>
  <testcase time="0" classname="com.soebes.subversion.sapm.AccessRulesGroupGroupFromConfigFileTest" name="accessRuleCheck"/>
  <testcase time="0" classname="com.soebes.subversion.sapm.AccessRulesGroupGroupFromConfigFileTest" name="accessRuleCheck"/>
  <testcase time="0" classname="com.soebes.subversion.sapm.AccessRulesGroupGroupFromConfigFileTest" name="accessRuleCheck"/>
  <testcase time="0" classname="com.soebes.subversion.sapm.AccessRulesGroupGroupFromConfigFileTest" name="accessRuleCheck"/>
  <testcase time="0.001" classname="com.soebes.subversion.sapm.AccessRulesGroupGroupFromConfigFileTest" name="accessRuleCheck"/>
  <testcase time="0" classname="com.soebes.subversion.sapm.AccessRulesGroupGroupFromConfigFileTest" name="accessRuleCheck"/>
  <testcase time="0" classname="com.soebes.subversion.sapm.AccessRulesGroupGroupFromConfigFileTest" name="accessRuleCheck"/>
  <testcase time="0" classname="com.soebes.subversion.sapm.AccessRulesGroupGroupFromConfigFileTest" name="accessRuleCheck"/>
  <testcase time="0.001" classname="com.soebes.subversion.sapm.AccessRulesGroupGroupFromConfigFileTest" name="accessRuleCheck"/>
  <testcase time="0" classname="com.soebes.subversion.sapm.AccessRulesGroupGroupFromConfigFileTest" name="accessRuleCheck"/>
  <testcase time="0.001" classname="com.soebes.subversion.sapm.AccessRulesGroupGroupFromConfigFileTest" name="accessRuleCheck"/>
  <testcase time="0" classname="com.soebes.subversion.sapm.AccessRulesGroupGroupFromConfigFileTest" name="accessRuleCheck"/>
  <testcase time="0" classname="com.soebes.subversion.sapm.AccessRulesGroupGroupFromConfigFileTest" name="accessRuleCheck"/>
  <testcase time="0" classname="com.soebes.subversion.sapm.AccessRulesGroupGroupFromConfigFileTest" name="accessRuleCheck"/>
  <testcase time="0" classname="com.soebes.subversion.sapm.AccessRulesGroupGroupFromConfigFileTest" name="accessRuleCheck"/>
  <testcase time="0" classname="com.soebes.subversion.sapm.AccessRulesGroupGroupFromConfigFileTest" name="accessRuleCheck"/>
  <testcase time="0" classname="com.soebes.subversion.sapm.AccessRulesGroupGroupFromConfigFileTest" name="accessRuleCheck"/>
  <testcase time="0" classname="com.soebes.subversion.sapm.AccessRulesGroupGroupFromConfigFileTest" name="accessRuleCheck"/>
  <testcase time="0" classname="com.soebes.subversion.sapm.AccessRulesGroupGroupFromConfigFileTest" name="accessRuleCheck"/>
  <testcase time="0" classname="com.soebes.subversion.sapm.AccessRulesGroupGroupFromConfigFileTest" name="accessRuleCheck"/>
  <testcase time="0" classname="com.soebes.subversion.sapm.AccessRulesGroupGroupFromConfigFileTest" name="accessRuleCheck"/>
  <testcase time="0" classname="com.soebes.subversion.sapm.AccessRulesGroupGroupFromConfigFileTest" name="accessRuleCheck"/>
  <testcase time="0" classname="com.soebes.subversion.sapm.AccessRulesGroupGroupFromConfigFileTest" name="accessRuleCheck"/>
  <testcase time="0" classname="com.soebes.subversion.sapm.AccessRulesGroupGroupFromConfigFileTest" name="accessRuleCheck"/>
  <testcase time="0" classname="com.soebes.subversion.sapm.AccessRulesGroupGroupFromConfigFileTest" name="accessRuleCheck"/>
  <testcase time="0" classname="com.soebes.subversion.sapm.AccessRulesGroupGroupFromConfigFileTest" name="accessRuleCheck"/>
  <testcase time="0.001" classname="com.soebes.subversion.sapm.AccessRulesGroupGroupFromConfigFileTest" name="accessRuleCheck"/>
  <testcase time="0" classname="com.soebes.subversion.sapm.AccessRulesGroupGroupFromConfigFileTest" name="accessRuleCheck"/>
  <testcase time="0" classname="com.soebes.subversion.sapm.AccessRulesGroupGroupFromConfigFileTest" name="accessRuleCheck"/>
  <testcase time="0" classname="com.soebes.subversion.sapm.AccessRulesGroupGroupFromConfigFileTest" name="accessRuleCheck"/>
  <testcase time="0" classname="com.soebes.subversion.sapm.AccessRulesGroupGroupFromConfigFileTest" name="accessRuleCheck"/>
  <testcase time="0" classname="com.soebes.subversion.sapm.AccessRulesGroupGroupFromConfigFileTest" name="accessRuleCheck"/>
  <testcase time="0" classname="com.soebes.subversion.sapm.AccessRulesGroupGroupFromConfigFileTest" name="accessRuleCheck"/>
  <testcase time="0" classname="com.soebes.subversion.sapm.AccessRulesGroupGroupFromConfigFileTest" name="accessRuleCheck"/>
  <testcase time="0.001" classname="com.soebes.subversion.sapm.AccessRulesGroupGroupFromConfigFileTest" name="accessRuleCheck"/>
  <testcase time="0" classname="com.soebes.subversion.sapm.AccessRulesGroupGroupFromConfigFileTest" name="accessRuleCheck"/>
  <testcase time="0" classname="com.soebes.subversion.sapm.AccessRulesGroupGroupFromConfigFileTest" name="accessRuleCheck"/>
  <testcase time="0.001" classname="com.soebes.subversion.sapm.AccessRulesGroupGroupFromConfigFileTest" name="accessRuleCheck"/>
  <testcase time="0" classname="com.soebes.subversion.sapm.AccessRulesGroupGroupFromConfigFileTest" name="accessRuleCheck"/>
  <testcase time="0" classname="com.soebes.subversion.sapm.AccessRulesGroupGroupFromConfigFileTest" name="accessRuleCheck"/>
  <testcase time="0" classname="com.soebes.subversion.sapm.AccessRulesGroupGroupFromConfigFileTest" name="accessRuleCheck"/>
  <testcase time="0" classname="com.soebes.subversion.sapm.AccessRulesGroupGroupFromConfigFileTest" name="accessRuleCheck"/>
  <testcase time="0" classname="com.soebes.subversion.sapm.AccessRulesGroupGroupFromConfigFileTest" name="accessRuleCheck"/>
  <testcase time="0" classname="com.soebes.subversion.sapm.AccessRulesGroupGroupFromConfigFileTest" name="accessRuleCheck"/>
  <testcase time="0" classname="com.soebes.subversion.sapm.AccessRulesGroupGroupFromConfigFileTest" name="accessRuleCheck"/>
  <testcase time="0" classname="com.soebes.subversion.sapm.AccessRulesGroupGroupFromConfigFileTest" name="accessRuleCheck"/>
  <testcase time="0" classname="com.soebes.subversion.sapm.AccessRulesGroupGroupFromConfigFileTest" name="accessRuleCheck"/>
  <testcase time="0" classname="com.soebes.subversion.sapm.AccessRulesGroupGroupFromConfigFileTest" name="accessRuleCheck"/>
  <testcase time="0" classname="com.soebes.subversion.sapm.AccessRulesGroupGroupFromConfigFileTest" name="accessRuleCheck"/>
  <testcase time="0" classname="com.soebes.subversion.sapm.AccessRulesGroupGroupFromConfigFileTest" name="accessRuleCheck"/>
  <testcase time="0" classname="com.soebes.subversion.sapm.AccessRulesGroupGroupFromConfigFileTest" name="accessRuleCheck"/>
  <testcase time="0" classname="com.soebes.subversion.sapm.AccessRulesGroupGroupFromConfigFileWithAliasesTest" name="accessRuleCheck"/>
  <testcase time="0" classname="com.soebes.subversion.sapm.AccessRulesGroupGroupFromConfigFileWithAliasesTest" name="accessRuleCheck"/>
  <testcase time="0.001" classname="com.soebes.subversion.sapm.AccessRulesGroupGroupFromConfigFileWithAliasesTest" name="accessRuleCheck"/>
  <testcase time="0" classname="com.soebes.subversion.sapm.AccessRulesGroupGroupFromConfigFileWithAliasesTest" name="accessRuleCheck"/>
  <testcase time="0" classname="com.soebes.subversion.sapm.AccessRulesGroupGroupFromConfigFileWithAliasesTest" name="accessRuleCheck"/>
  <testcase time="0" classname="com.soebes.subversion.sapm.AccessRulesGroupGroupFromConfigFileWithAliasesTest" name="accessRuleCheck"/>
  <testcase time="0" classname="com.soebes.subversion.sapm.AccessRulesGroupGroupFromConfigFileWithAliasesTest" name="accessRuleCheck"/>
  <testcase time="0" classname="com.soebes.subversion.sapm.AccessRulesGroupGroupFromConfigFileWithAliasesTest" name="accessRuleCheck"/>
  <testcase time="0" classname="com.soebes.subversion.sapm.AccessRulesGroupGroupFromConfigFileWithAliasesTest" name="accessRuleCheck"/>
  <testcase time="0" classname="com.soebes.subversion.sapm.AccessRulesGroupGroupFromConfigFileWithAliasesTest" name="accessRuleCheck"/>
  <testcase time="0" classname="com.soebes.subversion.sapm.AccessRulesGroupGroupFromConfigFileWithAliasesTest" name="accessRuleCheck"/>
  <testcase time="0" classname="com.soebes.subversion.sapm.AccessRulesGroupGroupFromConfigFileWithAliasesTest" name="accessRuleCheck"/>
  <testcase time="0.001" classname="com.soebes.subversion.sapm.AccessRulesGroupGroupFromConfigFileWithAliasesTest" name="accessRuleCheck"/>
  <testcase time="0" classname="com.soebes.subversion.sapm.AccessRulesGroupGroupFromConfigFileWithAliasesTest" name="accessRuleCheck"/>
  <testcase time="0" classname="com.soebes.subversion.sapm.AccessRulesGroupGroupFromConfigFileWithAliasesTest" name="accessRuleCheck"/>
  <testcase time="0" classname="com.soebes.subversion.sapm.AccessRulesGroupGroupFromConfigFileWithAliasesTest" name="accessRuleCheck"/>
  <testcase time="0.001" classname="com.soebes.subversion.sapm.AccessRulesGroupGroupFromConfigFileWithAliasesTest" name="accessRuleCheck"/>
  <testcase time="0" classname="com.soebes.subversion.sapm.AccessRulesGroupGroupFromConfigFileWithAliasesTest" name="accessRuleCheck"/>
  <testcase time="0" classname="com.soebes.subversion.sapm.AccessRulesGroupGroupFromConfigFileWithAliasesTest" name="accessRuleCheck"/>
  <testcase time="0" classname="com.soebes.subversion.sapm.AccessRulesGroupGroupFromConfigFileWithAliasesTest" name="accessRuleCheck"/>
  <testcase time="0" classname="com.soebes.subversion.sapm.AccessRulesGroupGroupFromConfigFileWithAliasesTest" name="accessRuleCheck"/>
  <testcase time="0" classname="com.soebes.subversion.sapm.AccessRulesGroupGroupFromConfigFileWithAliasesTest" name="accessRuleCheck"/>
  <testcase time="0.001" classname="com.soebes.subversion.sapm.AccessRulesGroupGroupFromConfigFileWithAliasesTest" name="accessRuleCheck"/>
  <testcase time="0" classname="com.soebes.subversion.sapm.AccessRulesGroupGroupFromConfigFileWithAliasesTest" name="accessRuleCheck"/>
  <testcase time="0" classname="com.soebes.subversion.sapm.AccessRulesGroupGroupFromConfigFileWithAliasesTest" name="accessRuleCheck"/>
  <testcase time="0" classname="com.soebes.subversion.sapm.AccessRulesGroupGroupFromConfigFileWithAliasesTest" name="accessRuleCheck"/>
  <testcase time="0.001" classname="com.soebes.subversion.sapm.AccessRulesGroupGroupFromConfigFileWithAliasesTest" name="accessRuleCheck"/>
  <testcase time="0" classname="com.soebes.subversion.sapm.AccessRulesGroupGroupFromConfigFileWithAliasesTest" name="accessRuleCheck"/>
  <testcase time="0" classname="com.soebes.subversion.sapm.AccessRulesGroupGroupFromConfigFileWithAliasesTest" name="accessRuleCheck"/>
  <testcase time="0" classname="com.soebes.subversion.sapm.AccessRulesGroupGroupFromConfigFileWithAliasesTest" name="accessRuleCheck"/>
  <testcase time="0" classname="com.soebes.subversion.sapm.AccessRulesGroupGroupFromConfigFileWithAliasesTest" name="accessRuleCheck"/>
  <testcase time="0" classname="com.soebes.subversion.sapm.AccessRulesGroupGroupFromConfigFileWithAliasesTest" name="accessRuleCheck"/>
  <testcase time="0.001" classname="com.soebes.subversion.sapm.AccessRulesGroupGroupFromConfigFileWithAliasesTest" name="accessRuleCheck"/>
  <testcase time="0" classname="com.soebes.subversion.sapm.AccessRulesGroupGroupFromConfigFileWithAliasesTest" name="accessRuleCheck"/>
  <testcase time="0" classname="com.soebes.subversion.sapm.AccessRulesGroupGroupFromConfigFileWithAliasesTest" name="accessRuleCheck"/>
  <testcase time="0" classname="com.soebes.subversion.sapm.AccessRulesGroupGroupFromConfigFileWithAliasesTest" name="accessRuleCheck"/>
  <testcase time="0.001" classname="com.soebes.subversion.sapm.AccessRulesGroupGroupFromConfigFileWithAliasesTest" name="accessRuleCheck"/>
  <testcase time="0" classname="com.soebes.subversion.sapm.AccessRulesGroupGroupFromConfigFileWithAliasesTest" name="accessRuleCheck"/>
  <testcase time="0" classname="com.soebes.subversion.sapm.AccessRulesGroupGroupFromConfigFileWithAliasesTest" name="accessRuleCheck"/>
  <testcase time="0" classname="com.soebes.subversion.sapm.AccessRulesGroupGroupFromConfigFileWithAliasesTest" name="accessRuleCheck"/>
  <testcase time="0" classname="com.soebes.subversion.sapm.AccessRulesGroupGroupFromConfigFileWithAliasesTest" name="accessRuleCheck"/>
  <testcase time="0" classname="com.soebes.subversion.sapm.AccessRulesGroupGroupFromConfigFileWithAliasesTest" name="accessRuleCheck"/>
  <testcase time="0" classname="com.soebes.subversion.sapm.AccessRulesGroupGroupFromConfigFileWithAliasesTest" name="accessRuleCheck"/>
  <testcase time="0" classname="com.soebes.subversion.sapm.AccessRulesGroupGroupFromConfigFileWithAliasesTest" name="accessRuleCheck"/>
  <testcase time="0.001" classname="com.soebes.subversion.sapm.AccessRulesGroupGroupFromConfigFileWithAliasesTest" name="accessRuleCheck"/>
  <testcase time="0" classname="com.soebes.subversion.sapm.AccessRulesGroupGroupFromConfigFileWithAliasesTest" name="accessRuleCheck"/>
  <testcase time="0" classname="com.soebes.subversion.sapm.AccessRulesGroupGroupFromConfigFileWithAliasesTest" name="accessRuleCheck"/>
  <testcase time="0" classname="com.soebes.subversion.sapm.AccessRulesGroupGroupFromConfigFileWithAliasesTest" name="accessRuleCheck"/>
  <testcase time="0" classname="com.soebes.subversion.sapm.AccessRulesGroupGroupFromConfigFileWithAliasesTest" name="accessRuleCheck"/>
  <testcase time="0" classname="com.soebes.subversion.sapm.AccessRulesGroupGroupFromConfigFileWithAliasesTest" name="accessRuleCheck"/>
  <testcase time="0" classname="com.soebes.subversion.sapm.AccessRulesGroupGroupFromConfigFileWithAliasesTest" name="accessRuleCheck"/>
  <testcase time="0" classname="com.soebes.subversion.sapm.AccessRulesGroupGroupFromConfigFileWithAliasesTest" name="accessRuleCheck"/>
  <testcase time="0" classname="com.soebes.subversion.sapm.AccessRulesGroupGroupFromConfigFileWithAliasesTest" name="accessRuleCheck"/>
  <testcase time="0" classname="com.soebes.subversion.sapm.AccessRulesGroupGroupFromConfigFileWithAliasesTest" name="accessRuleCheck"/>
  <testcase time="0" classname="com.soebes.subversion.sapm.AccessRulesGroupGroupTest" name="accessRuleCheck"/>
  <testcase time="0" classname="com.soebes.subversion.sapm.AccessRulesGroupGroupTest" name="accessRuleCheck"/>
  <testcase time="0" classname="com.soebes.subversion.sapm.AccessRulesGroupGroupTest" name="accessRuleCheck"/>
  <testcase time="0" classname="com.soebes.subversion.sapm.AccessRulesGroupGroupTest" name="accessRuleCheck"/>
  <testcase time="0" classname="com.soebes.subversion.sapm.AccessRulesGroupGroupTest" name="accessRuleCheck"/>
  <testcase time="0.001" classname="com.soebes.subversion.sapm.AccessRulesGroupGroupTest" name="accessRuleCheck"/>
  <testcase time="0" classname="com.soebes.subversion.sapm.AccessRulesGroupGroupTest" name="accessRuleCheck"/>
  <testcase time="0" classname="com.soebes.subversion.sapm.AccessRulesGroupGroupTest" name="accessRuleCheck"/>
  <testcase time="0.001" classname="com.soebes.subversion.sapm.AccessRulesGroupGroupTest" name="accessRuleCheck"/>
  <testcase time="0.001" classname="com.soebes.subversion.sapm.AccessRulesGroupGroupTest" name="accessRuleCheck"/>
  <testcase time="0.001" classname="com.soebes.subversion.sapm.AccessRulesGroupGroupTest" name="accessRuleCheck"/>
  <testcase time="0.001" classname="com.soebes.subversion.sapm.AccessRulesGroupGroupTest" name="accessRuleCheck"/>
  <testcase time="0.001" classname="com.soebes.subversion.sapm.AccessRulesGroupGroupTest" name="accessRuleCheck"/>
  <testcase time="0.001" classname="com.soebes.subversion.sapm.AccessRulesGroupGroupTest" name="accessRuleCheck"/>
  <testcase time="0.001" classname="com.soebes.subversion.sapm.AccessRulesGroupGroupTest" name="accessRuleCheck"/>
  <testcase time="0.001" classname="com.soebes.subversion.sapm.AccessRulesGroupGroupTest" name="accessRuleCheck"/>
  <testcase time="0.001" classname="com.soebes.subversion.sapm.AccessRulesGroupGroupTest" name="accessRuleCheck"/>
  <testcase time="0.001" classname="com.soebes.subversion.sapm.AccessRulesGroupGroupTest" name="accessRuleCheck"/>
  <testcase time="0.001" classname="com.soebes.subversion.sapm.AccessRulesGroupGroupTest" name="accessRuleCheck"/>
  <testcase time="0.001" classname="com.soebes.subversion.sapm.AccessRulesGroupGroupTest" name="accessRuleCheck"/>
  <testcase time="0.002" classname="com.soebes.subversion.sapm.AccessRulesGroupGroupTest" name="accessRuleCheck"/>
  <testcase time="0.001" classname="com.soebes.subversion.sapm.AccessRulesGroupGroupTest" name="accessRuleCheck"/>
  <testcase time="0.002" classname="com.soebes.subversion.sapm.AccessRulesGroupGroupTest" name="accessRuleCheck"/>
  <testcase time="0.001" classname="com.soebes.subversion.sapm.AccessRulesGroupGroupTest" name="accessRuleCheck"/>
  <testcase time="0.002" classname="com.soebes.subversion.sapm.AccessRulesGroupGroupTest" name="accessRuleCheck"/>
  <testcase time="0.002" classname="com.soebes.subversion.sapm.AccessRulesGroupGroupTest" name="accessRuleCheck"/>
  <testcase time="0.002" classname="com.soebes.subversion.sapm.AccessRulesGroupGroupTest" name="accessRuleCheck"/>
  <testcase time="0.001" classname="com.soebes.subversion.sapm.AccessRulesGroupGroupTest" name="accessRuleCheck"/>
  <testcase time="0.002" classname="com.soebes.subversion.sapm.AccessRulesGroupGroupTest" name="accessRuleCheck"/>
  <testcase time="0.002" classname="com.soebes.subversion.sapm.AccessRulesGroupGroupTest" name="accessRuleCheck"/>
  <testcase time="0.002" classname="com.soebes.subversion.sapm.AccessRulesGroupGroupTest" name="accessRuleCheck"/>
  <testcase time="0.002" classname="com.soebes.subversion.sapm.AccessRulesGroupGroupTest" name="accessRuleCheck"/>
  <testcase time="0.002" classname="com.soebes.subversion.sapm.AccessRulesGroupGroupTest" name="accessRuleCheck"/>
  <testcase time="0.002" classname="com.soebes.subversion.sapm.AccessRulesGroupGroupTest" name="accessRuleCheck"/>
  <testcase time="0.002" classname="com.soebes.subversion.sapm.AccessRulesGroupGroupTest" name="accessRuleCheck"/>
  <testcase time="0.002" classname="com.soebes.subversion.sapm.AccessRulesGroupGroupTest" name="accessRuleCheck"/>
  <testcase time="0.003" classname="com.soebes.subversion.sapm.AccessRulesGroupGroupTest" name="accessRuleCheck"/>
  <testcase time="0.002" classname="com.soebes.subversion.sapm.AccessRulesGroupGroupTest" name="accessRuleCheck"/>
  <testcase time="0.002" classname="com.soebes.subversion.sapm.AccessRulesGroupGroupTest" name="accessRuleCheck"/>
  <testcase time="0.003" classname="com.soebes.subversion.sapm.AccessRulesGroupGroupTest" name="accessRuleCheck"/>
  <testcase time="0.002" classname="com.soebes.subversion.sapm.AccessRulesGroupGroupTest" name="accessRuleCheck"/>
  <testcase time="0.002" classname="com.soebes.subversion.sapm.AccessRulesGroupGroupTest" name="accessRuleCheck"/>
  <testcase time="0.002" classname="com.soebes.subversion.sapm.AccessRulesGroupGroupTest" name="accessRuleCheck"/>
  <testcase time="0.003" classname="com.soebes.subversion.sapm.AccessRulesGroupGroupTest" name="accessRuleCheck"/>
  <testcase time="0.003" classname="com.soebes.subversion.sapm.AccessRulesGroupGroupTest" name="accessRuleCheck"/>
  <testcase time="0.003" classname="com.soebes.subversion.sapm.AccessRulesGroupGroupTest" name="accessRuleCheck"/>
  <testcase time="0.003" classname="com.soebes.subversion.sapm.AccessRulesGroupGroupTest" name="accessRuleCheck"/>
  <testcase time="0.003" classname="com.soebes.subversion.sapm.AccessRulesGroupGroupTest" name="accessRuleCheck"/>
  <testcase time="0.002" classname="com.soebes.subversion.sapm.AccessRulesGroupGroupTest" name="accessRuleCheck"/>
  <testcase time="0.002" classname="com.soebes.subversion.sapm.AccessRulesGroupGroupTest" name="accessRuleCheck"/>
  <testcase time="0.003" classname="com.soebes.subversion.sapm.AccessRulesGroupGroupTest" name="accessRuleCheck"/>
  <testcase time="0.002" classname="com.soebes.subversion.sapm.AccessRulesGroupGroupTest" name="accessRuleCheck"/>
  <testcase time="0.002" classname="com.soebes.subversion.sapm.AccessRulesGroupGroupTest" name="accessRuleCheck"/>
  <testcase time="0.002" classname="com.soebes.subversion.sapm.AccessRulesGroupGroupTest" name="accessRuleCheck"/>
  <testcase time="0" classname="com.soebes.subversion.sapm.AccessRulesUserTest" name="accessRuleCheck"/>
  <testcase time="0" classname="com.soebes.subversion.sapm.AccessRulesUserTest" name="accessRuleCheck"/>
  <testcase time="0" classname="com.soebes.subversion.sapm.AccessRulesUserTest" name="accessRuleCheck"/>
  <testcase time="0" classname="com.soebes.subversion.sapm.AccessRulesUserTest" name="accessRuleCheck"/>
  <testcase time="0" classname="com.soebes.subversion.sapm.AccessRulesUserTest" name="accessRuleCheck"/>
  <testcase time="0.001" classname="com.soebes.subversion.sapm.AccessRulesUserTest" name="accessRuleCheck"/>
  <testcase time="0" classname="com.soebes.subversion.sapm.AccessRulesUserTest" name="accessRuleCheck"/>
  <testcase time="0" classname="com.soebes.subversion.sapm.AccessRulesUserTest" name="accessRuleCheck"/>
  <testcase time="0.001" classname="com.soebes.subversion.sapm.AccessRulesUserTest" name="accessRuleCheck"/>
  <testcase time="0" classname="com.soebes.subversion.sapm.AccessRulesUserTest" name="accessRuleCheck"/>
  <testcase time="0" classname="com.soebes.subversion.sapm.AccessRulesUserTest" name="accessRuleCheck"/>
  <testcase time="0" classname="com.soebes.subversion.sapm.AccessRulesUserTest" name="accessRuleCheck"/>
  <testcase time="0" classname="com.soebes.subversion.sapm.AccessRulesUserTest" name="accessRuleCheck"/>
  <testcase time="0" classname="com.soebes.subversion.sapm.AccessRulesUserTest" name="accessRuleCheck"/>
  <testcase time="0" classname="com.soebes.subversion.sapm.AliasesTest" name="aliasesTest"/>
  <testcase time="0.003" classname="com.soebes.subversion.sapm.AppTest" name="configurationWithAliasesTest"/>
  <testcase time="0" classname="com.soebes.subversion.sapm.AppTest" name="firstConfigurationTest"/>
  <testcase time="0.002" classname="com.soebes.subversion.sapm.AppTest" name="groupsInGroupsConfigurationTest"/>
  <testcase time="0.003" classname="com.soebes.subversion.sapm.AppTest" name="negativeRulesTest"/>
  <testcase time="0.002" classname="com.soebes.subversion.sapm.AppTest" name="testReadAST"/>
  <testcase time="0.001" classname="com.soebes.subversion.sapm.AppTest" name="testReadOne"/>
  <testcase time="0.001" classname="com.soebes.subversion.sapm.AppTest" name="testReadThree"/>
  <testcase time="0.001" classname="com.soebes.subversion.sapm.AppTest" name="testReadTwo"/>
  <testcase time="0" classname="com.soebes.subversion.sapm.AuthorizationFileSaveTest" name="createRulesForSave"/>
  <testcase time="0" classname="com.soebes.subversion.sapm.AuthorizationFileTest" name="accessRuleCheck"/>
  <testcase time="0" classname="com.soebes.subversion.sapm.AuthorizationFileTest" name="accessRuleCheck"/>
  <testcase time="0" classname="com.soebes.subversion.sapm.AuthorizationFileTest" name="accessRuleCheck"/>
  <testcase time="0" classname="com.soebes.subversion.sapm.AuthorizationFileTest" name="accessRuleCheck"/>
  <testcase time="0" classname="com.soebes.subversion.sapm.AuthorizationFileTest" name="accessRuleCheck"/>
  <testcase time="0" classname="com.soebes.subversion.sapm.AuthorizationFileTest" name="accessRuleCheck"/>
  <testcase time="0" classname="com.soebes.subversion.sapm.AuthorizationFileTest" name="accessRuleCheck"/>
  <testcase time="0.001" classname="com.soebes.subversion.sapm.AuthorizationFileTest" name="accessRuleCheck"/>
  <testcase time="0" classname="com.soebes.subversion.sapm.AuthorizationFileTest" name="accessRuleCheck"/>
  <testcase time="0.001" classname="com.soebes.subversion.sapm.AuthorizationFileTest" name="accessRuleCheck"/>
  <testcase time="0" classname="com.soebes.subversion.sapm.AuthorizationFileTest" name="accessRuleCheck"/>
  <testcase time="0.001" classname="com.soebes.subversion.sapm.AuthorizationFileTest" name="accessRuleCheck"/>
  <testcase time="0" classname="com.soebes.subversion.sapm.AuthorizationFileTest" name="accessRuleCheck"/>
  <testcase time="0.001" classname="com.soebes.subversion.sapm.AuthorizationFileTest" name="accessRuleCheck"/>
  <testcase time="0" classname="com.soebes.subversion.sapm.AuthorizationFileTest" name="accessRuleCheck"/>
  <testcase time="0" classname="com.soebes.subversion.sapm.AuthorizationFileTest" name="accessRuleCheck"/>
  <testcase time="0" classname="com.soebes.subversion.sapm.AuthorizationFileTest" name="accessRuleCheck"/>
  <testcase time="0.001" classname="com.soebes.subversion.sapm.AuthorizationFileTest" name="accessRuleCheck"/>
  <testcase time="0" classname="com.soebes.subversion.sapm.AuthorizationFileTest" name="accessRuleCheck"/>
  <testcase time="0.001" classname="com.soebes.subversion.sapm.AuthorizationFileTest" name="accessRuleCheck"/>
  <testcase time="0" classname="com.soebes.subversion.sapm.AuthorizationFileTest" name="accessRuleCheck"/>
  <testcase time="0.001" classname="com.soebes.subversion.sapm.AuthorizationFileTest" name="accessRuleCheck"/>
  <testcase time="0" classname="com.soebes.subversion.sapm.AuthorizationFileTest" name="accessRuleCheck"/>
  <testcase time="0.001" classname="com.soebes.subversion.sapm.AuthorizationFileTest" name="accessRuleCheck"/>
  <testcase time="0" classname="com.soebes.subversion.sapm.AuthorizationFileTest" name="accessRuleCheck"/>
  <testcase time="0.001" classname="com.soebes.subversion.sapm.AuthorizationFileTest" name="accessRuleCheck"/>
  <testcase time="0" classname="com.soebes.subversion.sapm.AuthorizationFileTest" name="accessRuleCheck"/>
  <testcase time="0.001" classname="com.soebes.subversion.sapm.AuthorizationFileTest" name="accessRuleCheck"/>
  <testcase time="0" classname="com.soebes.subversion.sapm.AuthorizationFileTest" name="accessRuleCheck"/>
  <testcase time="0" classname="com.soebes.subversion.sapm.AuthorizationFileTest" name="accessRuleCheck"/>
  <testcase time="0" classname="com.soebes.subversion.sapm.AuthorizationFileTest" name="accessRuleCheck"/>
  <testcase time="0" classname="com.soebes.subversion.sapm.AuthorizationFileTest" name="accessRuleCheck"/>
  <testcase time="0" classname="com.soebes.subversion.sapm.AuthorizationFileTest" name="accessRuleCheck"/>
  <testcase time="0" classname="com.soebes.subversion.sapm.AuthorizationFileTest" name="accessRuleCheck"/>
  <testcase time="0" classname="com.soebes.subversion.sapm.AuthorizationFileTest" name="accessRuleCheck"/>
  <testcase time="0" classname="com.soebes.subversion.sapm.AuthorizationFileTest" name="accessRuleCheck"/>
  <testcase time="0.001" classname="com.soebes.subversion.sapm.AuthorizationFileTest" name="accessRuleCheck"/>
  <testcase time="0" classname="com.soebes.subversion.sapm.AuthorizationFileTest" name="accessRuleCheck"/>
  <testcase time="0" classname="com.soebes.subversion.sapm.AuthorizationFileTest" name="accessRuleCheck"/>
  <testcase time="0" classname="com.soebes.subversion.sapm.AuthorizationFileTest" name="accessRuleCheck"/>
  <testcase time="0" classname="com.soebes.subversion.sapm.AuthorizationFileTest" name="accessRuleCheck"/>
  <testcase time="0" classname="com.soebes.subversion.sapm.AuthorizationFileTest" name="accessRuleCheck"/>
  <testcase time="0.001" classname="com.soebes.subversion.sapm.AuthorizationFileTest" name="accessRuleCheck"/>
  <testcase time="0" classname="com.soebes.subversion.sapm.AuthorizationFileTest" name="accessRuleCheck"/>
  <testcase time="0" classname="com.soebes.subversion.sapm.AuthorizationFileTest" name="accessRuleCheck"/>
  <testcase time="0" classname="com.soebes.subversion.sapm.AuthorizationFileTest" name="accessRuleCheck"/>
  <testcase time="0" classname="com.soebes.subversion.sapm.AuthorizationFileTest" name="accessRuleCheck"/>
  <testcase time="0" classname="com.soebes.subversion.sapm.AuthorizationFileTest" name="accessRuleCheck"/>
  <testcase time="0.001" classname="com.soebes.subversion.sapm.AuthorizationFileTest" name="accessRuleCheck"/>
  <testcase time="0" classname="com.soebes.subversion.sapm.AuthorizationFileTest" name="accessRuleCheck"/>
  <testcase time="0" classname="com.soebes.subversion.sapm.AuthorizationFileTest" name="accessRuleCheck"/>
  <testcase time="0" classname="com.soebes.subversion.sapm.AuthorizationFileTest" name="accessRuleCheck"/>
  <testcase time="0" classname="com.soebes.subversion.sapm.AuthorizationFileTest" name="accessRuleCheck"/>
  <testcase time="0" classname="com.soebes.subversion.sapm.AuthorizationFileTest" name="accessRuleCheck"/>
  <testcase time="0.003" classname="com.soebes.subversion.sapm.FileNameTest" name="check"/>
  <testcase time="0" classname="com.soebes.subversion.sapm.FileNameTest" name="check"/>
  <testcase time="0" classname="com.soebes.subversion.sapm.FileNameTest" name="check"/>
  <testcase time="0" classname="com.soebes.subversion.sapm.FileNameTest" name="check"/>
  <testcase time="0.001" classname="com.soebes.subversion.sapm.FileNameTest" name="check"/>
  <testcase time="0" classname="com.soebes.subversion.sapm.FileNameTest" name="check"/>
  <testcase time="0" classname="com.soebes.subversion.sapm.FileNameTest" name="check"/>
  <testcase time="0" classname="com.soebes.subversion.sapm.FileNameTest" name="testF100"/>
  <testcase time="0" classname="com.soebes.subversion.sapm.FileNameTest" name="testF61"/>
  <testcase time="0" classname="com.soebes.subversion.sapm.FileNameTest" name="testF80"/>
  <testcase time="0" classname="com.soebes.subversion.sapm.FileNameTest" name="testF90"/>
  <testcase time="0" classname="com.soebes.subversion.sapm.GroupTest" name="groupAddTest"/>
  <testcase time="0" classname="com.soebes.subversion.sapm.GroupTest" name="groupContainsGroupTest"/>
  <testcase time="0" classname="com.soebes.subversion.sapm.GroupTest" name="groupContainsTest"/>
  <testcase time="0" classname="com.soebes.subversion.sapm.GroupsTest" name="groupAddTest"/>
  <testcase time="0" classname="com.soebes.subversion.sapm.GroupsTest" name="groupGetTest"/>
  <testcase time="0" classname="com.soebes.subversion.sapm.NegativAccessRuleGroupTest" name="accessRuleCheck"/>
  <testcase time="0" classname="com.soebes.subversion.sapm.NegativAccessRuleGroupTest" name="accessRuleCheck"/>
  <testcase time="0" classname="com.soebes.subversion.sapm.NegativAccessRuleGroupTest" name="accessRuleCheck"/>
  <testcase time="0" classname="com.soebes.subversion.sapm.NegativAccessRuleGroupTest" name="accessRuleCheck"/>
  <testcase time="0" classname="com.soebes.subversion.sapm.NegativAccessRuleGroupTest" name="accessRuleCheck"/>
  <testcase time="0.001" classname="com.soebes.subversion.sapm.NegativAccessRuleGroupTest" name="accessRuleCheck"/>
  <testcase time="0" classname="com.soebes.subversion.sapm.NegativAccessRuleGroupTest" name="accessRuleCheck"/>
  <testcase time="0" classname="com.soebes.subversion.sapm.NegativAccessRuleGroupTest" name="accessRuleCheck"/>
  <testcase time="0" classname="com.soebes.subversion.sapm.NegativAccessRuleGroupTest" name="accessRuleCheck"/>
  <testcase time="0" classname="com.soebes.subversion.sapm.NegativAccessRuleGroupTest" name="accessRuleCheck"/>
  <testcase time="0" classname="com.soebes.subversion.sapm.NegativAccessRuleGroupTest" name="accessRuleCheck"/>
  <testcase time="0" classname="com.soebes.subversion.sapm.NegativAccessRuleGroupTest" name="accessRuleCheck"/>
  <testcase time="0" classname="com.soebes.subversion.sapm.NegativAccessRuleGroupTest" name="accessTest"/>
  <testcase time="0" classname="com.soebes.subversion.sapm.NegativAccessRulesGroupTest" name="accessRuleCheck"/>
  <testcase time="0" classname="com.soebes.subversion.sapm.NegativAccessRulesGroupTest" name="accessRuleCheck"/>
  <testcase time="0" classname="com.soebes.subversion.sapm.NegativAccessRulesGroupTest" name="accessRuleCheck"/>
  <testcase time="0" classname="com.soebes.subversion.sapm.NegativAccessRulesGroupTest" name="accessRuleCheck"/>
  <testcase time="0" classname="com.soebes.subversion.sapm.NegativAccessRulesGroupTest" name="accessRuleCheck"/>
  <testcase time="0" classname="com.soebes.subversion.sapm.NegativAccessRulesGroupTest" name="accessRuleCheck"/>
  <testcase time="0" classname="com.soebes.subversion.sapm.NegativAccessRulesGroupTest" name="accessRuleCheck"/>
  <testcase time="0" classname="com.soebes.subversion.sapm.NegativAccessRulesGroupTest" name="accessRuleCheck"/>
  <testcase time="0" classname="com.soebes.subversion.sapm.NegativAccessRulesGroupTest" name="accessRuleCheck"/>
  <testcase time="0" classname="com.soebes.subversion.sapm.NegativAccessRulesGroupTest" name="accessRuleCheck"/>
  <testcase time="0" classname="com.soebes.subversion.sapm.NegativAccessRulesGroupTest" name="accessRuleCheck"/>
  <testcase time="0" classname="com.soebes.subversion.sapm.NegativAccessRulesGroupTest" name="accessRuleCheck"/>
  <testcase time="0" classname="com.soebes.subversion.sapm.NegativAccessRulesGroupTest" name="accessRuleCheck"/>
  <testcase time="0" classname="com.soebes.subversion.sapm.NegativAccessRulesGroupTest" name="accessRuleCheck"/>
  <testcase time="0" classname="com.soebes.subversion.sapm.NegativAccessRulesGroupTest" name="accessRuleCheck"/>
  <testcase time="0" classname="com.soebes.subversion.sapm.NegativAccessRulesGroupTest" name="accessRuleCheck"/>
  <testcase time="0" classname="com.soebes.subversion.sapm.NegativAccessRulesGroupTest" name="accessRuleCheck"/>
  <testcase time="0" classname="com.soebes.subversion.sapm.NegativAccessRulesGroupTest" name="accessRuleCheck"/>
  <testcase time="0" classname="com.soebes.subversion.sapm.NegativAccessRulesGroupTest" name="accessRuleCheck"/>
  <testcase time="0" classname="com.soebes.subversion.sapm.NegativAccessRulesGroupTest" name="accessRuleCheck"/>
  <testcase time="0" classname="com.soebes.subversion.sapm.NegativAccessRulesGroupTest" name="accessRuleCheck"/>
  <testcase time="0" classname="com.soebes.subversion.sapm.NegativAccessRulesGroupTest" name="accessRuleCheck"/>
  <testcase time="0" classname="com.soebes.subversion.sapm.NegativAccessRulesGroupTest" name="accessRuleCheck"/>
  <testcase time="0" classname="com.soebes.subversion.sapm.NegativAccessRulesGroupTest" name="accessRuleCheck"/>
  <testcase time="0" classname="com.soebes.subversion.sapm.NegativAccessRulesGroupTest" name="accessRuleCheck"/>
  <testcase time="0" classname="com.soebes.subversion.sapm.NegativAccessRulesGroupTest" name="accessRuleCheck"/>
  <testcase time="0" classname="com.soebes.subversion.sapm.NegativAccessRulesGroupTest" name="accessRuleCheck"/>
  <testcase time="0" classname="com.soebes.subversion.sapm.NegativAccessRulesGroupTest" name="accessRuleCheck"/>
  <testcase time="0" classname="com.soebes.subversion.sapm.NegativAccessRulesGroupTest" name="accessRuleCheck"/>
  <testcase time="0" classname="com.soebes.subversion.sapm.NegativAccessRulesGroupTest" name="accessRuleCheck"/>
  <testcase time="0" classname="com.soebes.subversion.sapm.NegativeAccessRuleUserTest" name="accessRuleCheck"/>
  <testcase time="0" classname="com.soebes.subversion.sapm.NegativeAccessRuleUserTest" name="accessRuleCheck"/>
  <testcase time="0" classname="com.soebes.subversion.sapm.NegativeAccessRuleUserTest" name="accessRuleCheck"/>
  <testcase time="0" classname="com.soebes.subversion.sapm.NegativeAccessRuleUserTest" name="accessRuleCheck"/>
  <testcase time="0" classname="com.soebes.subversion.sapm.NegativeAccessRuleUserTest" name="accessRuleCheck"/>
  <testcase time="0" classname="com.soebes.subversion.sapm.NegativeAccessRuleUserTest" name="accessRuleCheck"/>
  <testcase time="0" classname="com.soebes.subversion.sapm.NegativeAccessRuleUserTest" name="accessRuleCheck"/>
  <testcase time="0" classname="com.soebes.subversion.sapm.NegativeAccessRuleUserTest" name="accessRuleCheck"/>
  <testcase time="0" classname="com.soebes.subversion.sapm.NegativeAccessRuleUserTest" name="accessRuleCheck"/>
  <testcase time="0" classname="com.soebes.subversion.sapm.NegativeAccessRuleUserTest" name="accessRuleCheck"/>
  <testcase time="0" classname="com.soebes.subversion.sapm.NegativeAccessRuleUserTest" name="accessRuleCheck"/>
  <testcase time="0" classname="com.soebes.subversion.sapm.NegativeAccessRuleUserTest" name="accessTest"/>
  <testcase time="0" classname="com.soebes.subversion.sapm.PathTest" name="folderTestWithX"/>
  <testcase time="0" classname="com.soebes.subversion.sapm.PathTest" name="folderTestWithX"/>
  <testcase time="0" classname="com.soebes.subversion.sapm.PathTest" name="folderTestWithX"/>
  <testcase time="0" classname="com.soebes.subversion.sapm.PathTest" name="folderTestWithX"/>
  <testcase time="0" classname="com.soebes.subversion.sapm.UsersTest" name="groupAddTest"/>
</testsuite>